<?xml version="1.0" encoding="UTF-8"?>
<coverage generated="1787276390756" clover="3.2.0">
  <project timestamp="1787276390756" name="All files">
    <metrics statements="702" coveredstatements="571" conditionals="441" coveredconditionals="296" methods="283" coveredmethods="198" elements="1426" coveredelements="1065" complexity="0" loc="702" ncloc="702" packages="1" files="21" classes="21"/>
    <file name="BubbleCard.js" path="/Users/justin/ComputerScience/BibleApp/src/client/src/components/Thoughts/BubbleCard.js">
      <metrics statements="16" coveredstatements="13" conditionals="37" coveredconditionals="30" methods="6" coveredmethods="3"/>
      <line num="37" count="3" type="stmt"/>
      <line num="42" count="3" type="stmt"/>
      <line num="51" count="3" type="stmt"/>
      <line num="52" count="10" type="cond" truecount="3" falsecount="1"/>
      <line num="81" count="3" type="stmt"/>
      <line num="97" count="89" type="stmt"/>
      <line num="98" count="89" type="stmt"/>
      <line num="100" count="89" type="cond" truecount="4" falsecount="0"/>
      <line num="102" count="89" type="stmt"/>
      <line num="114" count="89" type="stmt"/>
      <line num="126" count="89" type="stmt"/>
      <line num="145" count="89" type="stmt"/>
      <line num="149" count="6" type="stmt"/>
      <line num="150" count="0" type="stmt"/>
      <line num="151" count="0" type="stmt"/>
      <line num="153" count="0" type="cond" truecount="0" falsecount="2"/>
    </file>
    <file name="ConfirmButton.js" path="/Users/justin/ComputerScience/BibleApp/src/client/src/components/Thoughts/ConfirmButton.js">
      <metrics statements="9" coveredstatements="9" conditionals="5" coveredconditionals="5" methods="4" coveredmethods="4"/>
      <line num="35" count="2" type="stmt"/>
      <line num="44" count="61" type="stmt"/>
      <line num="46" count="61" type="cond" truecount="2" falsecount="0"/>
      <line num="47" count="58" type="stmt"/>
      <line num="52" count="3" type="stmt"/>
      <line num="59" count="3" type="stmt"/>
      <line num="66" count="2" type="stmt"/>
      <line num="67" count="2" type="stmt"/>
      <line num="75" count="1" type="stmt"/>
    </file>
    <file name="CreateModal.js" path="/Users/justin/ComputerScience/BibleApp/src/client/src/components/Thoughts/CreateModal.js">
      <metrics statements="33" coveredstatements="33" conditionals="16" coveredconditionals="15" methods="18" coveredmethods="18"/>
      <line num="43" count="2" type="stmt"/>
      <line num="63" count="31" type="stmt"/>
      <line num="65" count="24" type="cond" truecount="2" falsecount="0"/>
      <line num="74" count="2" type="stmt"/>
      <line num="75" count="33" type="stmt"/>
      <line num="77" count="33" type="stmt"/>
      <line num="80" count="33" type="stmt"/>
      <line num="81" count="33" type="stmt"/>
      <line num="83" count="33" type="stmt"/>
      <line num="84" count="12" type="stmt"/>
      <line num="85" count="1" type="cond" truecount="1" falsecount="1"/>
      <line num="86" count="1" type="stmt"/>
      <line num="90" count="12" type="stmt"/>
      <line num="91" count="12" type="stmt"/>
      <line num="99" count="33" type="stmt"/>
      <line num="100" count="11" type="stmt"/>
      <line num="101" count="11" type="cond" truecount="2" falsecount="0"/>
      <line num="103" count="11" type="stmt"/>
      <line num="109" count="11" type="cond" truecount="4" falsecount="0"/>
      <line num="110" count="1" type="stmt"/>
      <line num="114" count="33" type="stmt"/>
      <line num="115" count="6" type="stmt"/>
      <line num="116" count="6" type="stmt"/>
      <line num="118" count="6" type="stmt"/>
      <line num="120" count="6" type="stmt"/>
      <line num="125" count="6" type="cond" truecount="2" falsecount="0"/>
      <line num="126" count="4" type="stmt"/>
      <line num="130" count="186" type="stmt"/>
      <line num="132" count="33" type="stmt"/>
      <line num="141" count="8" type="stmt"/>
      <line num="157" count="93" type="stmt"/>
      <line num="167" count="2" type="stmt"/>
      <line num="176" count="9" type="stmt"/>
    </file>
    <file name="IdeaOrbit.js" path="/Users/justin/ComputerScience/BibleApp/src/client/src/components/Thoughts/IdeaOrbit.js">
      <metrics statements="42" coveredstatements="42" conditionals="26" coveredconditionals="21" methods="15" coveredmethods="14"/>
      <line num="70" count="2" type="stmt"/>
      <line num="74" count="2" type="stmt"/>
      <line num="88" count="2" type="stmt"/>
      <line num="90" count="2" type="stmt"/>
      <line num="99" count="2" type="stmt"/>
      <line num="105" count="2" type="stmt"/>
      <line num="107" count="2" type="stmt"/>
      <line num="109" count="2" type="stmt"/>
      <line num="112" count="2" type="stmt"/>
      <line num="113" count="11" type="stmt"/>
      <line num="114" count="11" type="stmt"/>
      <line num="116" count="11" type="stmt"/>
      <line num="131" count="2" type="stmt"/>
      <line num="132" count="31" type="stmt"/>
      <line num="138" count="31" type="stmt"/>
      <line num="139" count="16" type="cond" truecount="2" falsecount="0"/>
      <line num="145" count="31" type="stmt"/>
      <line num="146" count="23" type="cond" truecount="4" falsecount="0"/>
      <line num="148" count="1" type="stmt"/>
      <line num="149" count="1" type="stmt"/>
      <line num="152" count="31" type="cond" truecount="2" falsecount="0"/>
      <line num="156" count="2" type="stmt"/>
      <line num="157" count="11" type="stmt"/>
      <line num="158" count="11" type="stmt"/>
      <line num="160" count="11" type="stmt"/>
      <line num="161" count="11" type="stmt"/>
      <line num="166" count="11" type="stmt"/>
      <line num="168" count="11" type="stmt"/>
      <line num="169" count="11" type="stmt"/>
      <line num="170" count="11" type="cond" truecount="1" falsecount="1"/>
      <line num="172" count="11" type="stmt"/>
      <line num="181" count="1" type="stmt"/>
      <line num="194" count="31" type="stmt"/>
      <line num="195" count="31" type="cond" truecount="1" falsecount="1"/>
      <line num="197" count="31" type="cond" truecount="2" falsecount="0"/>
      <line num="199" count="31" type="stmt"/>
      <line num="212" count="1" type="stmt"/>
      <line num="240" count="2" type="stmt"/>
      <line num="243" count="6" type="cond" truecount="1" falsecount="0"/>
      <line num="246" count="31" type="stmt"/>
      <line num="248" count="31" type="cond" truecount="2" falsecount="0"/>
      <line num="250" count="10" type="stmt"/>
    </file>
    <file name="PinnedItem.js" path="/Users/justin/ComputerScience/BibleApp/src/client/src/components/Thoughts/PinnedItem.js">
      <metrics statements="78" coveredstatements="66" conditionals="48" coveredconditionals="33" methods="33" coveredmethods="26"/>
      <line num="38" count="2" type="stmt"/>
      <line num="42" count="2" type="stmt"/>
      <line num="44" count="2" type="stmt"/>
      <line num="49" count="2" type="stmt"/>
      <line num="57" count="2" type="stmt"/>
      <line num="59" count="4" type="stmt"/>
      <line num="67" count="0" type="stmt"/>
      <line num="75" count="0" type="stmt"/>
      <line num="84" count="49" type="cond" truecount="1" falsecount="1"/>
      <line num="89" count="4" type="stmt"/>
      <line num="90" count="8" type="cond" truecount="1" falsecount="1"/>
      <line num="96" count="2" type="stmt"/>
      <line num="98" count="2" type="stmt"/>
      <line num="99" count="2" type="cond" truecount="1" falsecount="1"/>
      <line num="103" count="2" type="stmt"/>
      <line num="104" count="18" type="stmt"/>
      <line num="105" count="18" type="stmt"/>
      <line num="106" count="18" type="stmt"/>
      <line num="108" count="18" type="stmt"/>
      <line num="110" count="18" type="stmt"/>
      <line num="111" count="4" type="stmt"/>
      <line num="112" count="4" type="stmt"/>
      <line num="113" count="4" type="stmt"/>
      <line num="115" count="4" type="stmt"/>
      <line num="117" count="4" type="cond" truecount="1" falsecount="1"/>
      <line num="118" count="4" type="stmt"/>
      <line num="121" count="0" type="cond" truecount="0" falsecount="2"/>
      <line num="122" count="0" type="stmt"/>
      <line num="123" count="0" type="stmt"/>
      <line num="126" count="4" type="cond" truecount="1" falsecount="1"/>
      <line num="127" count="4" type="stmt"/>
      <line num="131" count="4" type="stmt"/>
      <line num="134" count="18" type="stmt"/>
      <line num="144" count="2" type="stmt"/>
      <line num="145" count="18" type="stmt"/>
      <line num="146" count="18" type="stmt"/>
      <line num="147" count="18" type="stmt"/>
      <line num="149" count="18" type="stmt"/>
      <line num="150" count="8" type="cond" truecount="2" falsecount="0"/>
      <line num="155" count="24" type="stmt"/>
      <line num="157" count="18" type="stmt"/>
      <line num="158" count="1" type="stmt"/>
      <line num="160" count="1" type="stmt"/>
      <line num="163" count="1" type="cond" truecount="1" falsecount="1"/>
      <line num="164" count="0" type="stmt"/>
      <line num="165" count="0" type="stmt"/>
      <line num="168" count="1" type="stmt"/>
      <line num="169" count="1" type="cond" truecount="1" falsecount="1"/>
      <line num="170" count="1" type="stmt"/>
      <line num="174" count="18" type="cond" truecount="5" falsecount="0"/>
      <line num="175" count="12" type="stmt"/>
      <line num="178" count="6" type="cond" truecount="1" falsecount="1"/>
      <line num="179" count="0" type="stmt"/>
      <line num="191" count="6" type="stmt"/>
      <line num="194" count="12" type="stmt"/>
      <line num="204" count="0" type="stmt"/>
      <line num="212" count="2" type="stmt"/>
      <line num="238" count="1" type="stmt"/>
      <line num="255" count="2" type="stmt"/>
      <line num="265" count="118" type="stmt"/>
      <line num="266" count="118" type="stmt"/>
      <line num="268" count="118" type="stmt"/>
      <line num="269" count="118" type="cond" truecount="3" falsecount="0"/>
      <line num="271" count="118" type="stmt"/>
      <line num="280" count="118" type="stmt"/>
      <line num="281" count="5" type="cond" truecount="2" falsecount="0"/>
      <line num="283" count="1" type="stmt"/>
      <line num="284" count="1" type="cond" truecount="3" falsecount="1"/>
      <line num="286" count="1" type="stmt"/>
      <line num="289" count="118" type="stmt"/>
      <line num="295" count="4" type="stmt"/>
      <line num="296" count="0" type="stmt"/>
      <line num="297" count="0" type="stmt"/>
      <line num="299" count="0" type="cond" truecount="0" falsecount="2"/>
      <line num="320" count="9" type="stmt"/>
      <line num="321" count="9" type="stmt"/>
      <line num="337" count="4" type="stmt"/>
      <line num="338" count="4" type="stmt"/>
    </file>
    <file name="PinnedPanel.js" path="/Users/justin/ComputerScience/BibleApp/src/client/src/components/Thoughts/PinnedPanel.js">
      <metrics statements="39" coveredstatements="38" conditionals="22" coveredconditionals="19" methods="18" coveredmethods="17"/>
      <line num="35" count="2" type="stmt"/>
      <line num="37" count="2" type="stmt"/>
      <line num="39" count="2" type="stmt"/>
      <line num="44" count="2" type="stmt"/>
      <line num="45" count="2" type="stmt"/>
      <line num="47" count="473" type="stmt"/>
      <line num="49" count="10" type="stmt"/>
      <line num="54" count="4" type="cond" truecount="2" falsecount="0"/>
      <line num="65" count="2" type="stmt"/>
      <line num="74" count="51" type="stmt"/>
      <line num="75" count="51" type="stmt"/>
      <line num="76" count="51" type="stmt"/>
      <line num="81" count="117" type="stmt"/>
      <line num="83" count="51" type="stmt"/>
      <line num="84" count="10" type="stmt"/>
      <line num="85" count="10" type="cond" truecount="1" falsecount="1"/>
      <line num="86" count="0" type="stmt"/>
      <line num="90" count="51" type="stmt"/>
      <line num="93" count="51" type="stmt"/>
      <line num="95" count="51" type="stmt"/>
      <line num="96" count="1" type="cond" truecount="1" falsecount="1"/>
      <line num="97" count="1" type="stmt"/>
      <line num="101" count="51" type="stmt"/>
      <line num="102" count="2" type="cond" truecount="2" falsecount="0"/>
      <line num="103" count="1" type="stmt"/>
      <line num="109" count="51" type="stmt"/>
      <line num="110" count="1" type="stmt"/>
      <line num="111" count="1" type="stmt"/>
      <line num="112" count="1" type="stmt"/>
      <line num="115" count="51" type="cond" truecount="2" falsecount="0"/>
      <line num="116" count="1" type="stmt"/>
      <line num="120" count="1" type="stmt"/>
      <line num="133" count="50" type="stmt"/>
      <line num="151" count="1" type="stmt"/>
      <line num="207" count="114" type="stmt"/>
      <line num="213" count="4" type="stmt"/>
      <line num="214" count="2" type="stmt"/>
      <line num="217" count="1" type="cond" truecount="1" falsecount="1"/>
      <line num="218" count="1" type="stmt"/>
    </file>
    <file name="Thoughts.js" path="/Users/justin/ComputerScience/BibleApp/src/client/src/components/Thoughts/Thoughts.js">
      <metrics statements="32" coveredstatements="21" conditionals="32" coveredconditionals="20" methods="10" coveredmethods="5"/>
      <line num="77" count="1" type="stmt"/>
      <line num="78" count="1" type="stmt"/>
      <line num="79" count="0" type="stmt"/>
      <line num="82" count="1" type="stmt"/>
      <line num="83" count="10" type="stmt"/>
      <line num="85" count="10" type="stmt"/>
      <line num="102" count="10" type="stmt"/>
      <line num="112" count="10" type="stmt"/>
      <line num="119" count="10" type="cond" truecount="1" falsecount="1"/>
      <line num="121" count="0" type="cond" truecount="0" falsecount="2"/>
      <line num="128" count="10" type="stmt"/>
      <line num="129" count="2" type="cond" truecount="1" falsecount="1"/>
      <line num="130" count="2" type="stmt"/>
      <line num="132" count="2" type="cond" truecount="2" falsecount="0"/>
      <line num="134" count="1" type="stmt"/>
      <line num="136" count="1" type="stmt"/>
      <line num="139" count="10" type="stmt"/>
      <line num="140" count="0" type="cond" truecount="0" falsecount="2"/>
      <line num="141" count="0" type="cond" truecount="0" falsecount="2"/>
      <line num="142" count="0" type="stmt"/>
      <line num="150" count="10" type="stmt"/>
      <line num="151" count="0" type="stmt"/>
      <line num="152" count="0" type="stmt"/>
      <line num="154" count="0" type="cond" truecount="0" falsecount="2"/>
      <line num="155" count="0" type="stmt"/>
      <line num="158" count="0" type="stmt"/>
      <line num="161" count="10" type="cond" truecount="2" falsecount="0"/>
      <line num="162" count="10" type="cond" truecount="2" falsecount="0"/>
      <line num="164" count="10" type="stmt"/>
      <line num="172" count="2" type="stmt"/>
      <line num="173" count="0" type="stmt"/>
      <line num="180" count="1" type="stmt"/>
    </file>
    <file name="TopBar.js" path="/Users/justin/ComputerScience/BibleApp/src/client/src/components/Thoughts/TopBar.js">
      <metrics statements="9" coveredstatements="9" conditionals="11" coveredconditionals="10" methods="2" coveredmethods="2"/>
      <line num="21" count="4" type="stmt"/>
      <line num="25" count="4" type="stmt"/>
      <line num="31" count="4" type="stmt"/>
      <line num="32" count="17" type="cond" truecount="2" falsecount="0"/>
      <line num="34" count="4" type="cond" truecount="1" falsecount="1"/>
      <line num="36" count="4" type="stmt"/>
      <line num="45" count="4" type="cond" truecount="1" falsecount="0"/>
      <line num="46" count="13" type="stmt"/>
      <line num="48" count="13" type="stmt"/>
    </file>
    <file name="TopicsField.js" path="/Users/justin/ComputerScience/BibleApp/src/client/src/components/Thoughts/TopicsField.js">
      <metrics statements="70" coveredstatements="59" conditionals="69" coveredconditionals="39" methods="40" coveredmethods="26"/>
      <line num="56" count="2" type="stmt"/>
      <line num="57" count="2" type="stmt"/>
      <line num="62" count="2" type="stmt"/>
      <line num="76" count="2" type="stmt"/>
      <line num="77" count="14" type="cond" truecount="1" falsecount="1"/>
      <line num="78" count="14" type="stmt"/>
      <line num="80" count="14" type="stmt"/>
      <line num="81" count="23" type="cond" truecount="1" falsecount="1"/>
      <line num="82" count="22" type="stmt"/>
      <line num="83" count="22" type="cond" truecount="1" falsecount="1"/>
      <line num="84" count="22" type="stmt"/>
      <line num="88" count="23" type="cond" truecount="1" falsecount="1"/>
      <line num="95" count="23" type="cond" truecount="1" falsecount="1"/>
      <line num="97" count="14" type="cond" truecount="2" falsecount="0"/>
      <line num="110" count="2" type="stmt"/>
      <line num="111" count="24" type="cond" truecount="2" falsecount="0"/>
      <line num="113" count="4" type="cond" truecount="1" falsecount="1"/>
      <line num="114" count="4" type="cond" truecount="1" falsecount="1"/>
      <line num="116" count="8" type="stmt"/>
      <line num="117" count="8" type="stmt"/>
      <line num="118" count="8" type="stmt"/>
      <line num="119" count="8" type="stmt"/>
      <line num="121" count="4" type="stmt"/>
      <line num="125" count="2" type="stmt"/>
      <line num="140" count="24" type="stmt"/>
      <line num="141" count="24" type="stmt"/>
      <line num="142" count="24" type="cond" truecount="1" falsecount="1"/>
      <line num="144" count="24" type="stmt"/>
      <line num="150" count="24" type="stmt"/>
      <line num="159" count="3" type="stmt"/>
      <line num="160" count="0" type="stmt"/>
      <line num="171" count="0" type="stmt"/>
      <line num="173" count="1" type="stmt"/>
      <line num="179" count="23" type="stmt"/>
      <line num="180" count="23" type="cond" truecount="1" falsecount="1"/>
      <line num="182" count="23" type="cond" truecount="1" falsecount="1"/>
      <line num="183" count="23" type="cond" truecount="1" falsecount="1"/>
      <line num="185" count="23" type="stmt"/>
      <line num="193" count="1" type="stmt"/>
      <line num="194" count="0" type="stmt"/>
      <line num="219" count="0" type="stmt"/>
      <line num="236" count="2" type="stmt"/>
      <line num="239" count="41" type="cond" truecount="1" falsecount="0"/>
      <line num="243" count="21" type="stmt"/>
      <line num="244" count="21" type="stmt"/>
      <line num="246" count="21" type="stmt"/>
      <line num="247" count="21" type="stmt"/>
      <line num="248" count="21" type="stmt"/>
      <line num="252" count="21" type="cond" truecount="1" falsecount="1"/>
      <line num="254" count="21" type="stmt"/>
      <line num="255" count="21" type="stmt"/>
      <line num="258" count="21" type="stmt"/>
      <line num="259" count="16" type="stmt"/>
      <line num="262" count="21" type="stmt"/>
      <line num="263" count="3" type="stmt"/>
      <line num="267" count="3" type="cond" truecount="2" falsecount="2"/>
      <line num="270" count="21" type="stmt"/>
      <line num="271" count="0" type="cond" truecount="0" falsecount="2"/>
      <line num="274" count="21" type="stmt"/>
      <line num="275" count="0" type="cond" truecount="0" falsecount="2"/>
      <line num="278" count="21" type="stmt"/>
      <line num="279" count="0" type="cond" truecount="0" falsecount="2"/>
      <line num="285" count="21" type="stmt"/>
      <line num="286" count="10" type="cond" truecount="1" falsecount="1"/>
      <line num="288" count="0" type="stmt"/>
      <line num="289" count="0" type="cond" truecount="0" falsecount="2"/>
      <line num="292" count="0" type="stmt"/>
      <line num="293" count="0" type="stmt"/>
      <line num="296" count="21" type="stmt"/>
      <line num="305" count="30" type="stmt"/>
    </file>
    <file name="cardGeometry.js" path="/Users/justin/ComputerScience/BibleApp/src/client/src/components/Thoughts/cardGeometry.js">
      <metrics statements="5" coveredstatements="5" conditionals="0" coveredconditionals="0" methods="3" coveredmethods="3"/>
      <line num="20" count="105" type="stmt"/>
      <line num="23" count="47" type="stmt"/>
      <line num="36" count="3" type="stmt"/>
      <line num="37" count="54" type="stmt"/>
      <line num="39" count="54" type="stmt"/>
    </file>
    <file name="fanLayout.js" path="/Users/justin/ComputerScience/BibleApp/src/client/src/components/Thoughts/fanLayout.js">
      <metrics statements="53" coveredstatements="53" conditionals="36" coveredconditionals="34" methods="15" coveredmethods="15"/>
      <line num="41" count="3" type="stmt"/>
      <line num="44" count="3" type="stmt"/>
      <line num="47" count="3" type="stmt"/>
      <line num="52" count="3" type="stmt"/>
      <line num="57" count="3" type="stmt"/>
      <line num="63" count="3" type="stmt"/>
      <line num="66" count="3" type="stmt"/>
      <line num="70" count="3" type="stmt"/>
      <line num="75" count="3" type="stmt"/>
      <line num="77" count="3" type="stmt"/>
      <line num="79" count="2940" type="stmt"/>
      <line num="81" count="1470" type="stmt"/>
      <line num="83" count="3" type="stmt"/>
      <line num="84" count="60" type="cond" truecount="3" falsecount="0"/>
      <line num="86" count="3" type="stmt"/>
      <line num="87" count="57" type="cond" truecount="5" falsecount="0"/>
      <line num="91" count="3" type="stmt"/>
      <line num="106" count="3" type="stmt"/>
      <line num="107" count="51" type="cond" truecount="1" falsecount="1"/>
      <line num="116" count="3" type="stmt"/>
      <line num="117" count="110" type="cond" truecount="2" falsecount="0"/>
      <line num="118" count="71" type="cond" truecount="2" falsecount="0"/>
      <line num="120" count="51" type="stmt"/>
      <line num="121" count="51" type="stmt"/>
      <line num="123" count="699" type="stmt"/>
      <line num="134" count="3" type="stmt"/>
      <line num="135" count="735" type="stmt"/>
      <line num="136" count="735" type="stmt"/>
      <line num="138" count="735" type="stmt"/>
      <line num="146" count="735" type="stmt"/>
      <line num="158" count="3" type="stmt"/>
      <line num="159" count="55" type="stmt"/>
      <line num="161" count="55" type="cond" truecount="4" falsecount="0"/>
      <line num="163" count="28" type="stmt"/>
      <line num="181" count="3" type="stmt"/>
      <line num="182" count="66" type="cond" truecount="4" falsecount="0"/>
      <line num="183" count="60" type="cond" truecount="4" falsecount="0"/>
      <line num="185" count="55" type="stmt"/>
      <line num="186" count="55" type="cond" truecount="2" falsecount="0"/>
      <line num="189" count="55" type="stmt"/>
      <line num="191" count="55" type="stmt"/>
      <line num="192" count="55" type="stmt"/>
      <line num="193" count="55" type="stmt"/>
      <line num="197" count="55" type="stmt"/>
      <line num="199" count="55" type="stmt"/>
      <line num="200" count="719" type="stmt"/>
      <line num="210" count="664" type="stmt"/>
      <line num="212" count="55" type="stmt"/>
      <line num="226" count="3" type="stmt"/>
      <line num="227" count="16" type="stmt"/>
      <line num="228" count="16" type="cond" truecount="1" falsecount="1"/>
      <line num="231" count="16" type="stmt"/>
      <line num="233" count="16" type="stmt"/>
    </file>
    <file name="fieldLayout.js" path="/Users/justin/ComputerScience/BibleApp/src/client/src/components/Thoughts/fieldLayout.js">
      <metrics statements="32" coveredstatements="32" conditionals="11" coveredconditionals="11" methods="5" coveredmethods="5"/>
      <line num="33" count="3" type="stmt"/>
      <line num="39" count="3" type="stmt"/>
      <line num="43" count="3" type="stmt"/>
      <line num="48" count="3" type="stmt"/>
      <line num="50" count="1344" type="stmt"/>
      <line num="52" count="3" type="stmt"/>
      <line num="57" count="3" type="stmt"/>
      <line num="58" count="35" type="cond" truecount="5" falsecount="0"/>
      <line num="72" count="3" type="stmt"/>
      <line num="73" count="32" type="stmt"/>
      <line num="74" count="32" type="stmt"/>
      <line num="76" count="32" type="stmt"/>
      <line num="87" count="3" type="stmt"/>
      <line num="88" count="41" type="cond" truecount="4" falsecount="0"/>
      <line num="89" count="35" type="cond" truecount="2" falsecount="0"/>
      <line num="91" count="32" type="stmt"/>
      <line num="92" count="32" type="stmt"/>
      <line num="97" count="32" type="stmt"/>
      <line num="98" count="32" type="stmt"/>
      <line num="102" count="32" type="stmt"/>
      <line num="108" count="32" type="stmt"/>
      <line num="109" count="32" type="stmt"/>
      <line num="110" count="32" type="stmt"/>
      <line num="111" count="32" type="stmt"/>
      <line num="113" count="32" type="stmt"/>
      <line num="115" count="32" type="stmt"/>
      <line num="116" count="336" type="stmt"/>
      <line num="117" count="336" type="stmt"/>
      <line num="122" count="336" type="stmt"/>
      <line num="123" count="336" type="stmt"/>
      <line num="124" count="336" type="stmt"/>
      <line num="126" count="336" type="stmt"/>
    </file>
    <file name="format.js" path="/Users/justin/ComputerScience/BibleApp/src/client/src/components/Thoughts/format.js">
      <metrics statements="1" coveredstatements="1" conditionals="2" coveredconditionals="2" methods="1" coveredmethods="1"/>
      <line num="5" count="27" type="cond" truecount="2" falsecount="0"/>
    </file>
    <file name="linkRules.js" path="/Users/justin/ComputerScience/BibleApp/src/client/src/components/Thoughts/linkRules.js">
      <metrics statements="31" coveredstatements="31" conditionals="21" coveredconditionals="21" methods="12" coveredmethods="12"/>
      <line num="44" count="3" type="stmt"/>
      <line num="47" count="3" type="stmt"/>
      <line num="48" count="6" type="stmt"/>
      <line num="56" count="3" type="stmt"/>
      <line num="67" count="3" type="stmt"/>
      <line num="73" count="68" type="stmt"/>
      <line num="77" count="149" type="stmt"/>
      <line num="79" count="3" type="stmt"/>
      <line num="80" count="83" type="cond" truecount="3" falsecount="0"/>
      <line num="89" count="3" type="stmt"/>
      <line num="90" count="84" type="stmt"/>
      <line num="91" count="225" type="cond" truecount="4" falsecount="0"/>
      <line num="92" count="74" type="stmt"/>
      <line num="93" count="74" type="stmt"/>
      <line num="104" count="3" type="stmt"/>
      <line num="105" count="78" type="cond" truecount="4" falsecount="0"/>
      <line num="110" count="32" type="cond" truecount="2" falsecount="0"/>
      <line num="112" count="28" type="stmt"/>
      <line num="113" count="84" type="stmt"/>
      <line num="114" count="84" type="stmt"/>
      <line num="116" count="28" type="cond" truecount="2" falsecount="0"/>
      <line num="117" count="15" type="cond" truecount="2" falsecount="0"/>
      <line num="119" count="13" type="stmt"/>
      <line num="120" count="13" type="stmt"/>
      <line num="121" count="24" type="cond" truecount="2" falsecount="0"/>
      <line num="123" count="13" type="cond" truecount="2" falsecount="0"/>
      <line num="125" count="10" type="stmt"/>
      <line num="126" count="10" type="stmt"/>
      <line num="132" count="10" type="stmt"/>
      <line num="133" count="32" type="stmt"/>
      <line num="139" count="10" type="stmt"/>
    </file>
    <file name="orbitLayout.js" path="/Users/justin/ComputerScience/BibleApp/src/client/src/components/Thoughts/orbitLayout.js">
      <metrics statements="33" coveredstatements="33" conditionals="15" coveredconditionals="15" methods="11" coveredmethods="11"/>
      <line num="36" count="3" type="stmt"/>
      <line num="40" count="3" type="stmt"/>
      <line num="45" count="3" type="stmt"/>
      <line num="49" count="3" type="stmt"/>
      <line num="54" count="3" type="stmt"/>
      <line num="57" count="3" type="stmt"/>
      <line num="61" count="3" type="stmt"/>
      <line num="63" count="3" type="stmt"/>
      <line num="65" count="1910" type="stmt"/>
      <line num="67" count="3" type="stmt"/>
      <line num="68" count="42" type="cond" truecount="5" falsecount="0"/>
      <line num="72" count="3" type="stmt"/>
      <line num="74" count="78" type="stmt"/>
      <line num="84" count="39" type="stmt"/>
      <line num="97" count="14" type="stmt"/>
      <line num="107" count="3" type="stmt"/>
      <line num="108" count="458" type="stmt"/>
      <line num="110" count="458" type="stmt"/>
      <line num="130" count="3" type="stmt"/>
      <line num="131" count="48" type="cond" truecount="4" falsecount="0"/>
      <line num="132" count="42" type="cond" truecount="2" falsecount="0"/>
      <line num="134" count="39" type="stmt"/>
      <line num="136" count="39" type="stmt"/>
      <line num="137" count="39" type="stmt"/>
      <line num="138" count="39" type="stmt"/>
      <line num="140" count="39" type="stmt"/>
      <line num="141" count="39" type="stmt"/>
      <line num="143" count="39" type="stmt"/>
      <line num="146" count="39" type="cond" truecount="2" falsecount="0"/>
      <line num="147" count="14" type="stmt"/>
      <line num="155" count="39" type="stmt"/>
      <line num="156" count="458" type="stmt"/>
      <line num="164" count="39" type="stmt"/>
    </file>
    <file name="slug.js" path="/Users/justin/ComputerScience/BibleApp/src/client/src/components/Thoughts/slug.js">
      <metrics statements="2" coveredstatements="2" conditionals="0" coveredconditionals="0" methods="1" coveredmethods="1"/>
      <line num="8" count="3" type="stmt"/>
      <line num="13" count="12" type="stmt"/>
    </file>
    <file name="thoughtsUrl.js" path="/Users/justin/ComputerScience/BibleApp/src/client/src/components/Thoughts/thoughtsUrl.js">
      <metrics statements="4" coveredstatements="4" conditionals="0" coveredconditionals="0" methods="2" coveredmethods="2"/>
      <line num="17" count="6" type="stmt"/>
      <line num="19" count="6" type="stmt"/>
      <line num="27" count="11" type="stmt"/>
      <line num="34" count="27" type="stmt"/>
    </file>
    <file name="useCanvasSize.js" path="/Users/justin/ComputerScience/BibleApp/src/client/src/components/Thoughts/useCanvasSize.js">
      <metrics statements="13" coveredstatements="13" conditionals="8" coveredconditionals="5" methods="4" coveredmethods="4"/>
      <line num="19" count="3" type="stmt"/>
      <line num="25" count="3" type="stmt"/>
      <line num="26" count="32" type="stmt"/>
      <line num="28" count="32" type="stmt"/>
      <line num="29" count="19" type="stmt"/>
      <line num="30" count="19" type="stmt"/>
      <line num="31" count="19" type="cond" truecount="1" falsecount="1"/>
      <line num="33" count="19" type="stmt"/>
      <line num="34" count="19" type="cond" truecount="2" falsecount="2"/>
      <line num="37" count="19" type="stmt"/>
      <line num="38" count="19" type="stmt"/>
      <line num="39" count="19" type="stmt"/>
      <line num="42" count="32" type="cond" truecount="2" falsecount="0"/>
    </file>
    <file name="usePins.js" path="/Users/justin/ComputerScience/BibleApp/src/client/src/components/Thoughts/usePins.js">
      <metrics statements="58" coveredstatements="39" conditionals="15" coveredconditionals="5" methods="24" coveredmethods="12"/>
      <line num="30" count="1" type="stmt"/>
      <line num="32" count="1" type="cond" truecount="2" falsecount="0"/>
      <line num="37" count="1" type="stmt"/>
      <line num="39" count="1" type="stmt"/>
      <line num="40" count="10" type="stmt"/>
      <line num="41" count="10" type="stmt"/>
      <line num="42" count="10" type="stmt"/>
      <line num="43" count="10" type="stmt"/>
      <line num="45" count="10" type="stmt"/>
      <line num="47" count="10" type="stmt"/>
      <line num="48" count="1" type="stmt"/>
      <line num="49" count="1" type="stmt"/>
      <line num="54" count="10" type="stmt"/>
      <line num="55" count="2" type="stmt"/>
      <line num="57" count="2" type="stmt"/>
      <line num="59" count="2" type="cond" truecount="1" falsecount="1"/>
      <line num="60" count="2" type="stmt"/>
      <line num="61" count="2" type="stmt"/>
      <line num="64" count="0" type="cond" truecount="0" falsecount="2"/>
      <line num="65" count="0" type="stmt"/>
      <line num="66" count="0" type="stmt"/>
      <line num="67" count="0" type="stmt"/>
      <line num="70" count="2" type="cond" truecount="1" falsecount="1"/>
      <line num="71" count="2" type="stmt"/>
      <line num="75" count="2" type="stmt"/>
      <line num="83" count="10" type="stmt"/>
      <line num="84" count="1" type="stmt"/>
      <line num="85" count="1" type="stmt"/>
      <line num="87" count="1" type="stmt"/>
      <line num="88" count="1" type="stmt"/>
      <line num="89" count="1" type="stmt"/>
      <line num="90" count="1" type="stmt"/>
      <line num="92" count="0" type="stmt"/>
      <line num="93" count="0" type="stmt"/>
      <line num="94" count="0" type="stmt"/>
      <line num="98" count="10" type="stmt"/>
      <line num="99" count="1" type="stmt"/>
      <line num="111" count="10" type="cond" truecount="0" falsecount="1"/>
      <line num="112" count="1" type="stmt"/>
      <line num="114" count="1" type="cond" truecount="1" falsecount="1"/>
      <line num="115" count="0" type="stmt"/>
      <line num="116" count="0" type="stmt"/>
      <line num="117" count="0" type="stmt"/>
      <line num="128" count="1" type="stmt"/>
      <line num="130" count="1" type="stmt"/>
      <line num="135" count="10" type="stmt"/>
      <line num="136" count="0" type="cond" truecount="0" falsecount="2"/>
      <line num="137" count="0" type="cond" truecount="0" falsecount="2"/>
      <line num="140" count="0" type="stmt"/>
      <line num="143" count="0" type="stmt"/>
      <line num="144" count="0" type="stmt"/>
      <line num="145" count="0" type="stmt"/>
      <line num="148" count="0" type="stmt"/>
      <line num="150" count="0" type="stmt"/>
      <line num="155" count="10" type="stmt"/>
      <line num="156" count="0" type="stmt"/>
      <line num="160" count="10" type="stmt"/>
      <line num="162" count="10" type="stmt"/>
    </file>
    <file name="useThoughtsData.js" path="/Users/justin/ComputerScience/BibleApp/src/client/src/components/Thoughts/useThoughtsData.js">
      <metrics statements="120" coveredstatements="51" conditionals="59" coveredconditionals="4" methods="52" coveredmethods="12"/>
      <line num="33" count="1" type="stmt"/>
      <line num="34" count="1" type="stmt"/>
      <line num="42" count="1" type="stmt"/>
      <line num="45" count="0" type="stmt"/>
      <line num="48" count="0" type="stmt"/>
      <line num="53" count="0" type="stmt"/>
      <line num="56" count="0" type="stmt"/>
      <line num="61" count="1" type="stmt"/>
      <line num="62" count="0" type="cond" truecount="0" falsecount="3"/>
      <line num="64" count="1" type="stmt"/>
      <line num="80" count="1" type="stmt"/>
      <line num="81" count="0" type="cond" truecount="0" falsecount="4"/>
      <line num="83" count="0" type="stmt"/>
      <line num="85" count="0" type="stmt"/>
      <line num="86" count="0" type="cond" truecount="0" falsecount="4"/>
      <line num="88" count="0" type="stmt"/>
      <line num="89" count="0" type="cond" truecount="0" falsecount="4"/>
      <line num="91" count="0" type="stmt"/>
      <line num="92" count="0" type="cond" truecount="0" falsecount="2"/>
      <line num="93" count="0" type="cond" truecount="0" falsecount="2"/>
      <line num="95" count="0" type="stmt"/>
      <line num="96" count="0" type="stmt"/>
      <line num="98" count="0" type="cond" truecount="0" falsecount="2"/>
      <line num="103" count="0" type="stmt"/>
      <line num="108" count="1" type="stmt"/>
      <line num="109" count="0" type="stmt"/>
      <line num="110" count="0" type="cond" truecount="0" falsecount="2"/>
      <line num="112" count="0" type="stmt"/>
      <line num="114" count="0" type="cond" truecount="0" falsecount="2"/>
      <line num="123" count="1" type="stmt"/>
      <line num="124" count="0" type="stmt"/>
      <line num="125" count="0" type="cond" truecount="0" falsecount="2"/>
      <line num="127" count="0" type="stmt"/>
      <line num="132" count="0" type="stmt"/>
      <line num="137" count="1" type="stmt"/>
      <line num="138" count="0" type="cond" truecount="0" falsecount="2"/>
      <line num="143" count="1" type="stmt"/>
      <line num="144" count="0" type="stmt"/>
      <line num="146" count="0" type="cond" truecount="0" falsecount="2"/>
      <line num="151" count="1" type="stmt"/>
      <line num="152" count="3" type="cond" truecount="1" falsecount="1"/>
      <line num="154" count="0" type="stmt"/>
      <line num="155" count="0" type="cond" truecount="0" falsecount="3"/>
      <line num="160" count="0" type="stmt"/>
      <line num="161" count="0" type="stmt"/>
      <line num="164" count="0" type="stmt"/>
      <line num="167" count="1" type="stmt"/>
      <line num="168" count="3" type="stmt"/>
      <line num="174" count="3" type="stmt"/>
      <line num="181" count="1" type="stmt"/>
      <line num="186" count="1" type="cond" truecount="0" falsecount="1"/>
      <line num="187" count="10" type="stmt"/>
      <line num="188" count="10" type="stmt"/>
      <line num="189" count="10" type="stmt"/>
      <line num="190" count="10" type="stmt"/>
      <line num="191" count="10" type="stmt"/>
      <line num="193" count="10" type="stmt"/>
      <line num="194" count="3" type="stmt"/>
      <line num="195" count="3" type="stmt"/>
      <line num="197" count="3" type="stmt"/>
      <line num="199" count="3" type="stmt"/>
      <line num="200" count="3" type="stmt"/>
      <line num="203" count="0" type="cond" truecount="0" falsecount="2"/>
      <line num="204" count="0" type="stmt"/>
      <line num="205" count="0" type="stmt"/>
      <line num="208" count="3" type="cond" truecount="1" falsecount="1"/>
      <line num="209" count="3" type="stmt"/>
      <line num="213" count="3" type="stmt"/>
      <line num="219" count="10" type="stmt"/>
      <line num="220" count="2" type="stmt"/>
      <line num="221" count="2" type="stmt"/>
      <line num="222" count="1" type="stmt"/>
      <line num="223" count="1" type="stmt"/>
      <line num="224" count="1" type="stmt"/>
      <line num="226" count="1" type="stmt"/>
      <line num="227" count="1" type="stmt"/>
      <line num="231" count="10" type="cond" truecount="0" falsecount="1"/>
      <line num="232" count="2" type="stmt"/>
      <line num="235" count="10" type="cond" truecount="0" falsecount="1"/>
      <line num="236" count="0" type="stmt"/>
      <line num="239" count="10" type="stmt"/>
      <line num="240" count="0" type="stmt"/>
      <line num="241" count="0" type="stmt"/>
      <line num="244" count="10" type="stmt"/>
      <line num="245" count="0" type="stmt"/>
      <line num="246" count="0" type="stmt"/>
      <line num="249" count="10" type="stmt"/>
      <line num="250" count="0" type="stmt"/>
      <line num="251" count="0" type="stmt"/>
      <line num="254" count="10" type="stmt"/>
      <line num="255" count="0" type="stmt"/>
      <line num="258" count="10" type="stmt"/>
      <line num="259" count="0" type="stmt"/>
      <line num="262" count="10" type="stmt"/>
      <line num="263" count="0" type="stmt"/>
      <line num="283" count="10" type="stmt"/>
      <line num="284" count="0" type="stmt"/>
      <line num="285" count="0" type="cond" truecount="0" falsecount="2"/>
      <line num="286" count="0" type="stmt"/>
      <line num="287" count="0" type="stmt"/>
      <line num="290" count="0" type="stmt"/>
      <line num="291" count="0" type="stmt"/>
      <line num="292" count="0" type="stmt"/>
      <line num="293" count="0" type="stmt"/>
      <line num="295" count="0" type="stmt"/>
      <line num="296" count="0" type="stmt"/>
      <line num="297" count="0" type="stmt"/>
      <line num="298" count="0" type="stmt"/>
      <line num="299" count="0" type="stmt"/>
      <line num="300" count="0" type="cond" truecount="0" falsecount="2"/>
      <line num="301" count="0" type="stmt"/>
      <line num="303" count="0" type="stmt"/>
      <line num="305" count="0" type="stmt"/>
      <line num="306" count="0" type="stmt"/>
      <line num="310" count="0" type="cond" truecount="0" falsecount="2"/>
      <line num="311" count="0" type="stmt"/>
      <line num="313" count="0" type="cond" truecount="0" falsecount="2"/>
      <line num="315" count="0" type="cond" truecount="0" falsecount="2"/>
      <line num="318" count="10" type="stmt"/>
      <line num="320" count="10" type="stmt"/>
    </file>
    <file name="useThoughtsView.js" path="/Users/justin/ComputerScience/BibleApp/src/client/src/components/Thoughts/useThoughtsView.js">
      <metrics statements="22" coveredstatements="17" conditionals="8" coveredconditionals="7" methods="7" coveredmethods="5"/>
      <line num="48" count="3" type="stmt"/>
      <line num="49" count="38" type="cond" truecount="4" falsecount="0"/>
      <line num="51" count="6" type="stmt"/>
      <line num="52" count="6" type="cond" truecount="2" falsecount="0"/>
      <line num="56" count="18" type="stmt"/>
      <line num="58" count="3" type="stmt"/>
      <line num="59" count="12" type="stmt"/>
      <line num="61" count="12" type="stmt"/>
      <line num="67" count="12" type="stmt"/>
      <line num="68" count="1" type="stmt"/>
      <line num="70" count="1" type="stmt"/>
      <line num="71" count="1" type="stmt"/>
      <line num="73" count="1" type="cond" truecount="1" falsecount="1"/>
      <line num="74" count="0" type="stmt"/>
      <line num="76" count="1" type="stmt"/>
      <line num="79" count="1" type="stmt"/>
      <line num="85" count="12" type="stmt"/>
      <line num="86" count="0" type="stmt"/>
      <line num="87" count="0" type="stmt"/>
      <line num="88" count="0" type="stmt"/>
      <line num="89" count="0" type="stmt"/>
      <line num="93" count="12" type="stmt"/>
    </file>
  </project>
</coverage>
