{"/Users/justin/ComputerScience/BibleApp/src/client/src/components/Thoughts/BubbleCard.js": {"path":"/Users/justin/ComputerScience/BibleApp/src/client/src/components/Thoughts/BubbleCard.js","statementMap":{"0":{"start":{"line":37,"column":26},"end":{"line":37,"column":30}},"1":{"start":{"line":42,"column":35},"end":{"line":42,"column":46}},"2":{"start":{"line":51,"column":27},"end":{"line":52,"column":67}},"3":{"start":{"line":52,"column":4},"end":{"line":52,"column":67}},"4":{"start":{"line":81,"column":19},"end":{"line":182,"column":1}},"5":{"start":{"line":97,"column":46},"end":{"line":97,"column":61}},"6":{"start":{"line":98,"column":36},"end":{"line":98,"column":51}},"7":{"start":{"line":100,"column":20},"end":{"line":100,"column":83}},"8":{"start":{"line":102,"column":20},"end":{"line":109,"column":31}},"9":{"start":{"line":114,"column":21},"end":{"line":121,"column":5}},"10":{"start":{"line":126,"column":8},"end":{"line":131,"column":11}},"11":{"start":{"line":145,"column":4},"end":{"line":181,"column":6}},"12":{"start":{"line":149,"column":32},"end":{"line":149,"column":54}},"13":{"start":{"line":150,"column":32},"end":{"line":150,"column":55}},"14":{"start":{"line":151,"column":27},"end":{"line":151,"column":44}},"15":{"start":{"line":153,"column":16},"end":{"line":153,"column":91}},"16":{"start":{"line":153,"column":72},"end":{"line":153,"column":91}}},"fnMap":{"0":{"name":"(anonymous_0)","decl":{"start":{"line":51,"column":27},"end":{"line":51,"column":28}},"loc":{"start":{"line":52,"column":4},"end":{"line":52,"column":67}},"line":52},"1":{"name":"(anonymous_1)","decl":{"start":{"line":81,"column":19},"end":{"line":81,"column":20}},"loc":{"start":{"line":96,"column":6},"end":{"line":182,"column":1}},"line":96},"2":{"name":"(anonymous_2)","decl":{"start":{"line":149,"column":26},"end":{"line":149,"column":27}},"loc":{"start":{"line":149,"column":32},"end":{"line":149,"column":54}},"line":149},"3":{"name":"(anonymous_3)","decl":{"start":{"line":150,"column":26},"end":{"line":150,"column":27}},"loc":{"start":{"line":150,"column":32},"end":{"line":150,"column":55}},"line":150},"4":{"name":"(anonymous_4)","decl":{"start":{"line":151,"column":21},"end":{"line":151,"column":22}},"loc":{"start":{"line":151,"column":27},"end":{"line":151,"column":44}},"line":151},"5":{"name":"(anonymous_5)","decl":{"start":{"line":152,"column":20},"end":{"line":152,"column":21}},"loc":{"start":{"line":152,"column":31},"end":{"line":154,"column":13}},"line":152}},"branchMap":{"0":{"loc":{"start":{"line":52,"column":7},"end":{"line":52,"column":33}},"type":"cond-expr","locations":[{"start":{"line":52,"column":18},"end":{"line":52,"column":25}},{"start":{"line":52,"column":28},"end":{"line":52,"column":33}}],"line":52},"1":{"loc":{"start":{"line":52,"column":37},"end":{"line":52,"column":65}},"type":"binary-expr","locations":[{"start":{"line":52,"column":37},"end":{"line":52,"column":42}},{"start":{"line":52,"column":46},"end":{"line":52,"column":65}}],"line":52},"2":{"loc":{"start":{"line":82,"column":4},"end":{"line":82,"column":17}},"type":"default-arg","locations":[{"start":{"line":82,"column":11},"end":{"line":82,"column":17}}],"line":82},"3":{"loc":{"start":{"line":83,"column":4},"end":{"line":83,"column":14}},"type":"default-arg","locations":[{"start":{"line":83,"column":12},"end":{"line":83,"column":14}}],"line":83},"4":{"loc":{"start":{"line":84,"column":4},"end":{"line":84,"column":17}},"type":"default-arg","locations":[{"start":{"line":84,"column":15},"end":{"line":84,"column":17}}],"line":84},"5":{"loc":{"start":{"line":85,"column":4},"end":{"line":85,"column":15}},"type":"default-arg","locations":[{"start":{"line":85,"column":11},"end":{"line":85,"column":15}}],"line":85},"6":{"loc":{"start":{"line":87,"column":4},"end":{"line":87,"column":13}},"type":"default-arg","locations":[{"start":{"line":87,"column":12},"end":{"line":87,"column":13}}],"line":87},"7":{"loc":{"start":{"line":88,"column":4},"end":{"line":88,"column":22}},"type":"default-arg","locations":[{"start":{"line":88,"column":17},"end":{"line":88,"column":22}}],"line":88},"8":{"loc":{"start":{"line":89,"column":4},"end":{"line":89,"column":19}},"type":"default-arg","locations":[{"start":{"line":89,"column":14},"end":{"line":89,"column":19}}],"line":89},"9":{"loc":{"start":{"line":90,"column":4},"end":{"line":90,"column":20}},"type":"default-arg","locations":[{"start":{"line":90,"column":15},"end":{"line":90,"column":20}}],"line":90},"10":{"loc":{"start":{"line":91,"column":4},"end":{"line":91,"column":21}},"type":"default-arg","locations":[{"start":{"line":91,"column":17},"end":{"line":91,"column":21}}],"line":91},"11":{"loc":{"start":{"line":92,"column":4},"end":{"line":92,"column":22}},"type":"default-arg","locations":[{"start":{"line":92,"column":18},"end":{"line":92,"column":22}}],"line":92},"12":{"loc":{"start":{"line":93,"column":4},"end":{"line":93,"column":18}},"type":"default-arg","locations":[{"start":{"line":93,"column":16},"end":{"line":93,"column":18}}],"line":93},"13":{"loc":{"start":{"line":94,"column":4},"end":{"line":94,"column":16}},"type":"default-arg","locations":[{"start":{"line":94,"column":12},"end":{"line":94,"column":16}}],"line":94},"14":{"loc":{"start":{"line":95,"column":4},"end":{"line":95,"column":19}},"type":"default-arg","locations":[{"start":{"line":95,"column":15},"end":{"line":95,"column":19}}],"line":95},"15":{"loc":{"start":{"line":100,"column":20},"end":{"line":100,"column":83}},"type":"binary-expr","locations":[{"start":{"line":100,"column":20},"end":{"line":100,"column":40}},{"start":{"line":100,"column":45},"end":{"line":100,"column":58}},{"start":{"line":100,"column":62},"end":{"line":100,"column":70}},{"start":{"line":100,"column":74},"end":{"line":100,"column":82}}],"line":100},"16":{"loc":{"start":{"line":105,"column":8},"end":{"line":105,"column":39}},"type":"cond-expr","locations":[{"start":{"line":105,"column":21},"end":{"line":105,"column":34}},{"start":{"line":105,"column":37},"end":{"line":105,"column":39}}],"line":105},"17":{"loc":{"start":{"line":106,"column":8},"end":{"line":106,"column":33}},"type":"cond-expr","locations":[{"start":{"line":106,"column":18},"end":{"line":106,"column":28}},{"start":{"line":106,"column":31},"end":{"line":106,"column":33}}],"line":106},"18":{"loc":{"start":{"line":107,"column":8},"end":{"line":107,"column":35}},"type":"cond-expr","locations":[{"start":{"line":107,"column":19},"end":{"line":107,"column":30}},{"start":{"line":107,"column":33},"end":{"line":107,"column":35}}],"line":107},"19":{"loc":{"start":{"line":128,"column":13},"end":{"line":130,"column":23}},"type":"binary-expr","locations":[{"start":{"line":128,"column":13},"end":{"line":128,"column":17}},{"start":{"line":128,"column":22},"end":{"line":130,"column":22}}],"line":128},"20":{"loc":{"start":{"line":128,"column":22},"end":{"line":130,"column":22}},"type":"cond-expr","locations":[{"start":{"line":129,"column":18},"end":{"line":129,"column":78}},{"start":{"line":130,"column":18},"end":{"line":130,"column":22}}],"line":128},"21":{"loc":{"start":{"line":153,"column":16},"end":{"line":153,"column":91}},"type":"if","locations":[{"start":{"line":153,"column":16},"end":{"line":153,"column":91}},{"start":{},"end":{}}],"line":153},"22":{"loc":{"start":{"line":156,"column":13},"end":{"line":162,"column":13}},"type":"cond-expr","locations":[{"start":{"line":157,"column":16},"end":{"line":159,"column":25}},{"start":{"line":161,"column":16},"end":{"line":161,"column":73}}],"line":156},"23":{"loc":{"start":{"line":167,"column":13},"end":{"line":177,"column":13}},"type":"binary-expr","locations":[{"start":{"line":167,"column":13},"end":{"line":167,"column":20}},{"start":{"line":168,"column":16},"end":{"line":176,"column":25}}],"line":167}},"s":{"0":3,"1":3,"2":3,"3":10,"4":3,"5":89,"6":89,"7":89,"8":89,"9":89,"10":89,"11":89,"12":6,"13":0,"14":0,"15":0,"16":0},"f":{"0":10,"1":89,"2":6,"3":0,"4":0,"5":0},"b":{"0":[3,7],"1":[10,0],"2":[0],"3":[0],"4":[34],"5":[78],"6":[0],"7":[54],"8":[65],"9":[0],"10":[42],"11":[1],"12":[24],"13":[35],"14":[89],"15":[89,88,81,81],"16":[15,74],"17":[4,85],"18":[3,86],"19":[89,78],"20":[55,23],"21":[0,0],"22":[47,42],"23":[89,10]},"_coverageSchema":"1a1c01bbd47fc00a2c39e90264f33305004495a9","hash":"5b4753e923f7ad8423879afb7bad3164a20f9079"}
,"/Users/justin/ComputerScience/BibleApp/src/client/src/components/Thoughts/ConfirmButton.js": {"path":"/Users/justin/ComputerScience/BibleApp/src/client/src/components/Thoughts/ConfirmButton.js","statementMap":{"0":{"start":{"line":35,"column":22},"end":{"line":81,"column":1}},"1":{"start":{"line":44,"column":36},"end":{"line":44,"column":51}},"2":{"start":{"line":46,"column":4},"end":{"line":57,"column":5}},"3":{"start":{"line":47,"column":8},"end":{"line":56,"column":10}},"4":{"start":{"line":52,"column":31},"end":{"line":52,"column":48}},"5":{"start":{"line":59,"column":4},"end":{"line":80,"column":6}},"6":{"start":{"line":66,"column":20},"end":{"line":66,"column":39}},"7":{"start":{"line":67,"column":20},"end":{"line":67,"column":32}},"8":{"start":{"line":75,"column":31},"end":{"line":75,"column":49}}},"fnMap":{"0":{"name":"(anonymous_0)","decl":{"start":{"line":35,"column":22},"end":{"line":35,"column":23}},"loc":{"start":{"line":43,"column":6},"end":{"line":81,"column":1}},"line":43},"1":{"name":"(anonymous_1)","decl":{"start":{"line":52,"column":25},"end":{"line":52,"column":26}},"loc":{"start":{"line":52,"column":31},"end":{"line":52,"column":48}},"line":52},"2":{"name":"(anonymous_2)","decl":{"start":{"line":65,"column":25},"end":{"line":65,"column":26}},"loc":{"start":{"line":65,"column":31},"end":{"line":68,"column":17}},"line":65},"3":{"name":"(anonymous_3)","decl":{"start":{"line":75,"column":25},"end":{"line":75,"column":26}},"loc":{"start":{"line":75,"column":31},"end":{"line":75,"column":49}},"line":75}},"branchMap":{"0":{"loc":{"start":{"line":40,"column":4},"end":{"line":40,"column":20}},"type":"default-arg","locations":[{"start":{"line":40,"column":15},"end":{"line":40,"column":20}}],"line":40},"1":{"loc":{"start":{"line":41,"column":4},"end":{"line":41,"column":18}},"type":"default-arg","locations":[{"start":{"line":41,"column":16},"end":{"line":41,"column":18}}],"line":41},"2":{"loc":{"start":{"line":42,"column":4},"end":{"line":42,"column":26}},"type":"default-arg","locations":[{"start":{"line":42,"column":18},"end":{"line":42,"column":26}}],"line":42},"3":{"loc":{"start":{"line":46,"column":4},"end":{"line":57,"column":5}},"type":"if","locations":[{"start":{"line":46,"column":4},"end":{"line":57,"column":5}},{"start":{},"end":{}}],"line":46}},"s":{"0":2,"1":61,"2":61,"3":58,"4":3,"5":3,"6":2,"7":2,"8":1},"f":{"0":61,"1":3,"2":2,"3":1},"b":{"0":[8],"1":[53],"2":[53],"3":[58,3]},"_coverageSchema":"1a1c01bbd47fc00a2c39e90264f33305004495a9","hash":"b60d6bcd6b6eb0b8ca708d6ad03e2507ef2990bc"}
,"/Users/justin/ComputerScience/BibleApp/src/client/src/components/Thoughts/CreateModal.js": {"path":"/Users/justin/ComputerScience/BibleApp/src/client/src/components/Thoughts/CreateModal.js","statementMap":{"0":{"start":{"line":43,"column":28},"end":{"line":61,"column":2}},"1":{"start":{"line":63,"column":19},"end":{"line":63,"column":91}},"2":{"start":{"line":63,"column":29},"end":{"line":63,"column":91}},"3":{"start":{"line":63,"column":73},"end":{"line":63,"column":89}},"4":{"start":{"line":65,"column":19},"end":{"line":65,"column":92}},"5":{"start":{"line":65,"column":35},"end":{"line":65,"column":92}},"6":{"start":{"line":65,"column":61},"end":{"line":65,"column":83}},"7":{"start":{"line":74,"column":20},"end":{"line":202,"column":1}},"8":{"start":{"line":75,"column":17},"end":{"line":75,"column":35}},"9":{"start":{"line":77,"column":30},"end":{"line":77,"column":62}},"10":{"start":{"line":77,"column":45},"end":{"line":77,"column":61}},"11":{"start":{"line":80,"column":44},"end":{"line":80,"column":56}},"12":{"start":{"line":81,"column":36},"end":{"line":81,"column":51}},"13":{"start":{"line":83,"column":4},"end":{"line":92,"column":18}},"14":{"start":{"line":84,"column":30},"end":{"line":88,"column":9}},"15":{"start":{"line":85,"column":12},"end":{"line":87,"column":13}},"16":{"start":{"line":86,"column":16},"end":{"line":86,"column":26}},"17":{"start":{"line":90,"column":8},"end":{"line":90,"column":60}},"18":{"start":{"line":91,"column":8},"end":{"line":91,"column":76}},"19":{"start":{"line":91,"column":21},"end":{"line":91,"column":75}},"20":{"start":{"line":99,"column":25},"end":{"line":112,"column":5}},"21":{"start":{"line":100,"column":25},"end":{"line":100,"column":53}},"22":{"start":{"line":101,"column":29},"end":{"line":101,"column":87}},"23":{"start":{"line":103,"column":8},"end":{"line":107,"column":12}},"24":{"start":{"line":103,"column":30},"end":{"line":107,"column":9}},"25":{"start":{"line":109,"column":8},"end":{"line":111,"column":9}},"26":{"start":{"line":110,"column":12},"end":{"line":110,"column":67}},"27":{"start":{"line":110,"column":40},"end":{"line":110,"column":65}},"28":{"start":{"line":114,"column":25},"end":{"line":128,"column":5}},"29":{"start":{"line":115,"column":8},"end":{"line":115,"column":31}},"30":{"start":{"line":116,"column":8},"end":{"line":116,"column":26}},"31":{"start":{"line":118,"column":24},"end":{"line":118,"column":45}},"32":{"start":{"line":120,"column":8},"end":{"line":120,"column":27}},"33":{"start":{"line":125,"column":8},"end":{"line":127,"column":9}},"34":{"start":{"line":126,"column":12},"end":{"line":126,"column":22}},"35":{"start":{"line":130,"column":20},"end":{"line":130,"column":54}},"36":{"start":{"line":130,"column":30},"end":{"line":130,"column":54}},"37":{"start":{"line":132,"column":4},"end":{"line":201,"column":6}},"38":{"start":{"line":141,"column":34},"end":{"line":141,"column":57}},"39":{"start":{"line":157,"column":24},"end":{"line":179,"column":41}},"40":{"start":{"line":167,"column":55},"end":{"line":167,"column":94}},"41":{"start":{"line":176,"column":55},"end":{"line":176,"column":94}}},"fnMap":{"0":{"name":"(anonymous_0)","decl":{"start":{"line":63,"column":19},"end":{"line":63,"column":20}},"loc":{"start":{"line":63,"column":29},"end":{"line":63,"column":91}},"line":63},"1":{"name":"(anonymous_1)","decl":{"start":{"line":63,"column":64},"end":{"line":63,"column":65}},"loc":{"start":{"line":63,"column":73},"end":{"line":63,"column":89}},"line":63},"2":{"name":"(anonymous_2)","decl":{"start":{"line":65,"column":19},"end":{"line":65,"column":20}},"loc":{"start":{"line":65,"column":35},"end":{"line":65,"column":92}},"line":65},"3":{"name":"(anonymous_3)","decl":{"start":{"line":65,"column":52},"end":{"line":65,"column":53}},"loc":{"start":{"line":65,"column":61},"end":{"line":65,"column":83}},"line":65},"4":{"name":"(anonymous_4)","decl":{"start":{"line":74,"column":20},"end":{"line":74,"column":21}},"loc":{"start":{"line":74,"column":53},"end":{"line":202,"column":1}},"line":74},"5":{"name":"(anonymous_5)","decl":{"start":{"line":77,"column":39},"end":{"line":77,"column":40}},"loc":{"start":{"line":77,"column":45},"end":{"line":77,"column":61}},"line":77},"6":{"name":"(anonymous_6)","decl":{"start":{"line":83,"column":14},"end":{"line":83,"column":15}},"loc":{"start":{"line":83,"column":20},"end":{"line":92,"column":5}},"line":83},"7":{"name":"(anonymous_7)","decl":{"start":{"line":84,"column":30},"end":{"line":84,"column":31}},"loc":{"start":{"line":84,"column":41},"end":{"line":88,"column":9}},"line":84},"8":{"name":"(anonymous_8)","decl":{"start":{"line":91,"column":15},"end":{"line":91,"column":16}},"loc":{"start":{"line":91,"column":21},"end":{"line":91,"column":75}},"line":91},"9":{"name":"(anonymous_9)","decl":{"start":{"line":99,"column":25},"end":{"line":99,"column":26}},"loc":{"start":{"line":99,"column":43},"end":{"line":112,"column":5}},"line":99},"10":{"name":"(anonymous_10)","decl":{"start":{"line":103,"column":17},"end":{"line":103,"column":18}},"loc":{"start":{"line":103,"column":30},"end":{"line":107,"column":9}},"line":103},"11":{"name":"(anonymous_11)","decl":{"start":{"line":110,"column":28},"end":{"line":110,"column":29}},"loc":{"start":{"line":110,"column":40},"end":{"line":110,"column":65}},"line":110},"12":{"name":"(anonymous_12)","decl":{"start":{"line":114,"column":25},"end":{"line":114,"column":26}},"loc":{"start":{"line":114,"column":42},"end":{"line":128,"column":5}},"line":114},"13":{"name":"(anonymous_13)","decl":{"start":{"line":130,"column":20},"end":{"line":130,"column":21}},"loc":{"start":{"line":130,"column":30},"end":{"line":130,"column":54}},"line":130},"14":{"name":"(anonymous_14)","decl":{"start":{"line":141,"column":25},"end":{"line":141,"column":26}},"loc":{"start":{"line":141,"column":34},"end":{"line":141,"column":57}},"line":141},"15":{"name":"(anonymous_15)","decl":{"start":{"line":156,"column":37},"end":{"line":156,"column":38}},"loc":{"start":{"line":157,"column":24},"end":{"line":179,"column":41}},"line":157},"16":{"name":"(anonymous_16)","decl":{"start":{"line":167,"column":46},"end":{"line":167,"column":47}},"loc":{"start":{"line":167,"column":55},"end":{"line":167,"column":94}},"line":167},"17":{"name":"(anonymous_17)","decl":{"start":{"line":176,"column":46},"end":{"line":176,"column":47}},"loc":{"start":{"line":176,"column":55},"end":{"line":176,"column":94}},"line":176}},"branchMap":{"0":{"loc":{"start":{"line":65,"column":35},"end":{"line":65,"column":92}},"type":"binary-expr","locations":[{"start":{"line":65,"column":35},"end":{"line":65,"column":84}},{"start":{"line":65,"column":88},"end":{"line":65,"column":92}}],"line":65},"1":{"loc":{"start":{"line":85,"column":12},"end":{"line":87,"column":13}},"type":"if","locations":[{"start":{"line":85,"column":12},"end":{"line":87,"column":13}},{"start":{},"end":{}}],"line":85},"2":{"loc":{"start":{"line":101,"column":29},"end":{"line":101,"column":87}},"type":"binary-expr","locations":[{"start":{"line":101,"column":29},"end":{"line":101,"column":46}},{"start":{"line":101,"column":50},"end":{"line":101,"column":87}}],"line":101},"3":{"loc":{"start":{"line":106,"column":16},"end":{"line":106,"column":71}},"type":"cond-expr","locations":[{"start":{"line":106,"column":31},"end":{"line":106,"column":66}},{"start":{"line":106,"column":69},"end":{"line":106,"column":71}}],"line":106},"4":{"loc":{"start":{"line":109,"column":8},"end":{"line":111,"column":9}},"type":"if","locations":[{"start":{"line":109,"column":8},"end":{"line":111,"column":9}},{"start":{},"end":{}}],"line":109},"5":{"loc":{"start":{"line":109,"column":12},"end":{"line":109,"column":63}},"type":"binary-expr","locations":[{"start":{"line":109,"column":12},"end":{"line":109,"column":25}},{"start":{"line":109,"column":29},"end":{"line":109,"column":63}}],"line":109},"6":{"loc":{"start":{"line":125,"column":8},"end":{"line":127,"column":9}},"type":"if","locations":[{"start":{"line":125,"column":8},"end":{"line":127,"column":9}},{"start":{},"end":{}}],"line":125},"7":{"loc":{"start":{"line":161,"column":29},"end":{"line":178,"column":29}},"type":"cond-expr","locations":[{"start":{"line":162,"column":32},"end":{"line":168,"column":34}},{"start":{"line":170,"column":32},"end":{"line":177,"column":34}}],"line":161}},"s":{"0":2,"1":2,"2":11,"3":31,"4":2,"5":11,"6":24,"7":2,"8":33,"9":33,"10":11,"11":33,"12":33,"13":33,"14":12,"15":1,"16":1,"17":12,"18":12,"19":12,"20":33,"21":11,"22":11,"23":11,"24":11,"25":11,"26":1,"27":1,"28":33,"29":6,"30":6,"31":6,"32":6,"33":6,"34":4,"35":33,"36":186,"37":33,"38":8,"39":93,"40":2,"41":9},"f":{"0":11,"1":31,"2":11,"3":24,"4":33,"5":11,"6":12,"7":1,"8":12,"9":11,"10":11,"11":1,"12":6,"13":186,"14":8,"15":93,"16":2,"17":9},"b":{"0":[11,4],"1":[1,0],"2":[11,7],"3":[6,5],"4":[1,10],"5":[11,1],"6":[4,2],"7":[33,60]},"_coverageSchema":"1a1c01bbd47fc00a2c39e90264f33305004495a9","hash":"7fcdcf20f39bab8e54cb0e708780e323f6bf85e0"}
,"/Users/justin/ComputerScience/BibleApp/src/client/src/components/Thoughts/IdeaOrbit.js": {"path":"/Users/justin/ComputerScience/BibleApp/src/client/src/components/Thoughts/IdeaOrbit.js","statementMap":{"0":{"start":{"line":70,"column":29},"end":{"line":70,"column":32}},"1":{"start":{"line":74,"column":25},"end":{"line":74,"column":30}},"2":{"start":{"line":88,"column":25},"end":{"line":88,"column":92}},"3":{"start":{"line":90,"column":25},"end":{"line":93,"column":2}},"4":{"start":{"line":99,"column":28},"end":{"line":99,"column":70}},"5":{"start":{"line":105,"column":24},"end":{"line":105,"column":26}},"6":{"start":{"line":107,"column":35},"end":{"line":107,"column":50}},"7":{"start":{"line":109,"column":32},"end":{"line":109,"column":60}},"8":{"start":{"line":112,"column":26},"end":{"line":122,"column":1}},"9":{"start":{"line":113,"column":18},"end":{"line":113,"column":85}},"10":{"start":{"line":114,"column":19},"end":{"line":114,"column":89}},"11":{"start":{"line":116,"column":4},"end":{"line":121,"column":6}},"12":{"start":{"line":131,"column":24},"end":{"line":153,"column":1}},"13":{"start":{"line":132,"column":36},"end":{"line":132,"column":50}},"14":{"start":{"line":138,"column":4},"end":{"line":140,"column":22}},"15":{"start":{"line":139,"column":8},"end":{"line":139,"column":47}},"16":{"start":{"line":139,"column":18},"end":{"line":139,"column":47}},"17":{"start":{"line":145,"column":4},"end":{"line":150,"column":25}},"18":{"start":{"line":146,"column":8},"end":{"line":146,"column":48}},"19":{"start":{"line":146,"column":31},"end":{"line":146,"column":48}},"20":{"start":{"line":148,"column":22},"end":{"line":148,"column":72}},"21":{"start":{"line":148,"column":39},"end":{"line":148,"column":56}},"22":{"start":{"line":149,"column":8},"end":{"line":149,"column":41}},"23":{"start":{"line":149,"column":21},"end":{"line":149,"column":40}},"24":{"start":{"line":152,"column":4},"end":{"line":152,"column":70}},"25":{"start":{"line":156,"column":20},"end":{"line":232,"column":1}},"26":{"start":{"line":157,"column":22},"end":{"line":157,"column":34}},"27":{"start":{"line":158,"column":19},"end":{"line":158,"column":43}},"28":{"start":{"line":160,"column":18},"end":{"line":160,"column":29}},"29":{"start":{"line":161,"column":18},"end":{"line":161,"column":89}},"30":{"start":{"line":161,"column":32},"end":{"line":161,"column":64}},"31":{"start":{"line":166,"column":25},"end":{"line":166,"column":90}},"32":{"start":{"line":166,"column":39},"end":{"line":166,"column":70}},"33":{"start":{"line":168,"column":20},"end":{"line":168,"column":38}},"34":{"start":{"line":169,"column":23},"end":{"line":169,"column":40}},"35":{"start":{"line":170,"column":18},"end":{"line":170,"column":57}},"36":{"start":{"line":172,"column":4},"end":{"line":231,"column":6}},"37":{"start":{"line":181,"column":35},"end":{"line":181,"column":76}},"38":{"start":{"line":194,"column":29},"end":{"line":194,"column":46}},"39":{"start":{"line":195,"column":16},"end":{"line":195,"column":39}},"40":{"start":{"line":195,"column":27},"end":{"line":195,"column":39}},"41":{"start":{"line":197,"column":34},"end":{"line":197,"column":67}},"42":{"start":{"line":199,"column":16},"end":{"line":219,"column":18}},"43":{"start":{"line":212,"column":43},"end":{"line":212,"column":82}},"44":{"start":{"line":240,"column":18},"end":{"line":258,"column":1}},"45":{"start":{"line":243,"column":21},"end":{"line":243,"column":26}},"46":{"start":{"line":246,"column":33},"end":{"line":246,"column":61}},"47":{"start":{"line":248,"column":4},"end":{"line":248,"column":28}},"48":{"start":{"line":248,"column":16},"end":{"line":248,"column":28}},"49":{"start":{"line":250,"column":4},"end":{"line":257,"column":6}}},"fnMap":{"0":{"name":"(anonymous_0)","decl":{"start":{"line":112,"column":26},"end":{"line":112,"column":27}},"loc":{"start":{"line":112,"column":38},"end":{"line":122,"column":1}},"line":112},"1":{"name":"(anonymous_1)","decl":{"start":{"line":131,"column":24},"end":{"line":131,"column":25}},"loc":{"start":{"line":131,"column":41},"end":{"line":153,"column":1}},"line":131},"2":{"name":"(anonymous_2)","decl":{"start":{"line":138,"column":14},"end":{"line":138,"column":15}},"loc":{"start":{"line":138,"column":20},"end":{"line":140,"column":5}},"line":138},"3":{"name":"(anonymous_3)","decl":{"start":{"line":145,"column":14},"end":{"line":145,"column":15}},"loc":{"start":{"line":145,"column":20},"end":{"line":150,"column":5}},"line":145},"4":{"name":"(anonymous_4)","decl":{"start":{"line":148,"column":33},"end":{"line":148,"column":34}},"loc":{"start":{"line":148,"column":39},"end":{"line":148,"column":56}},"line":148},"5":{"name":"(anonymous_5)","decl":{"start":{"line":149,"column":15},"end":{"line":149,"column":16}},"loc":{"start":{"line":149,"column":21},"end":{"line":149,"column":40}},"line":149},"6":{"name":"(anonymous_6)","decl":{"start":{"line":156,"column":20},"end":{"line":156,"column":21}},"loc":{"start":{"line":156,"column":69},"end":{"line":232,"column":1}},"line":156},"7":{"name":"(anonymous_7)","decl":{"start":{"line":161,"column":26},"end":{"line":161,"column":27}},"loc":{"start":{"line":161,"column":32},"end":{"line":161,"column":64}},"line":161},"8":{"name":"(anonymous_8)","decl":{"start":{"line":166,"column":33},"end":{"line":166,"column":34}},"loc":{"start":{"line":166,"column":39},"end":{"line":166,"column":70}},"line":166},"9":{"name":"(anonymous_9)","decl":{"start":{"line":181,"column":29},"end":{"line":181,"column":30}},"loc":{"start":{"line":181,"column":35},"end":{"line":181,"column":76}},"line":181},"10":{"name":"(anonymous_10)","decl":{"start":{"line":193,"column":29},"end":{"line":193,"column":30}},"loc":{"start":{"line":193,"column":37},"end":{"line":220,"column":13}},"line":193},"11":{"name":"(anonymous_11)","decl":{"start":{"line":212,"column":37},"end":{"line":212,"column":38}},"loc":{"start":{"line":212,"column":43},"end":{"line":212,"column":82}},"line":212},"12":{"name":"(anonymous_12)","decl":{"start":{"line":240,"column":18},"end":{"line":240,"column":19}},"loc":{"start":{"line":245,"column":6},"end":{"line":258,"column":1}},"line":245},"13":{"name":"(anonymous_13)","decl":{"start":{"line":243,"column":15},"end":{"line":243,"column":16}},"loc":{"start":{"line":243,"column":21},"end":{"line":243,"column":26}},"line":243},"14":{"name":"(anonymous_14)","decl":{"start":{"line":244,"column":18},"end":{"line":244,"column":19}},"loc":{"start":{"line":244,"column":24},"end":{"line":244,"column":26}},"line":244}},"branchMap":{"0":{"loc":{"start":{"line":139,"column":8},"end":{"line":139,"column":47}},"type":"if","locations":[{"start":{"line":139,"column":8},"end":{"line":139,"column":47}},{"start":{},"end":{}}],"line":139},"1":{"loc":{"start":{"line":146,"column":8},"end":{"line":146,"column":48}},"type":"if","locations":[{"start":{"line":146,"column":8},"end":{"line":146,"column":48}},{"start":{},"end":{}}],"line":146},"2":{"loc":{"start":{"line":146,"column":12},"end":{"line":146,"column":29}},"type":"binary-expr","locations":[{"start":{"line":146,"column":12},"end":{"line":146,"column":16}},{"start":{"line":146,"column":20},"end":{"line":146,"column":29}}],"line":146},"3":{"loc":{"start":{"line":152,"column":41},"end":{"line":152,"column":67}},"type":"binary-expr","locations":[{"start":{"line":152,"column":41},"end":{"line":152,"column":46}},{"start":{"line":152,"column":50},"end":{"line":152,"column":67}}],"line":152},"4":{"loc":{"start":{"line":170,"column":18},"end":{"line":170,"column":57}},"type":"binary-expr","locations":[{"start":{"line":170,"column":18},"end":{"line":170,"column":34}},{"start":{"line":170,"column":38},"end":{"line":170,"column":57}}],"line":170},"5":{"loc":{"start":{"line":173,"column":41},"end":{"line":173,"column":71}},"type":"cond-expr","locations":[{"start":{"line":173,"column":53},"end":{"line":173,"column":66}},{"start":{"line":173,"column":69},"end":{"line":173,"column":71}}],"line":173},"6":{"loc":{"start":{"line":183,"column":22},"end":{"line":190,"column":26}},"type":"cond-expr","locations":[{"start":{"line":185,"column":24},"end":{"line":188,"column":26}},{"start":{"line":190,"column":22},"end":{"line":190,"column":26}}],"line":183},"7":{"loc":{"start":{"line":195,"column":16},"end":{"line":195,"column":39}},"type":"if","locations":[{"start":{"line":195,"column":16},"end":{"line":195,"column":39}},{"start":{},"end":{}}],"line":195},"8":{"loc":{"start":{"line":197,"column":34},"end":{"line":197,"column":67}},"type":"binary-expr","locations":[{"start":{"line":197,"column":34},"end":{"line":197,"column":44}},{"start":{"line":197,"column":48},"end":{"line":197,"column":67}}],"line":197},"9":{"loc":{"start":{"line":222,"column":13},"end":{"line":229,"column":13}},"type":"binary-expr","locations":[{"start":{"line":222,"column":13},"end":{"line":222,"column":31}},{"start":{"line":223,"column":16},"end":{"line":228,"column":20}}],"line":222},"10":{"loc":{"start":{"line":241,"column":4},"end":{"line":241,"column":15}},"type":"default-arg","locations":[{"start":{"line":241,"column":11},"end":{"line":241,"column":15}}],"line":241},"11":{"loc":{"start":{"line":242,"column":4},"end":{"line":242,"column":14}},"type":"default-arg","locations":[{"start":{"line":242,"column":12},"end":{"line":242,"column":14}}],"line":242},"12":{"loc":{"start":{"line":243,"column":4},"end":{"line":243,"column":26}},"type":"default-arg","locations":[{"start":{"line":243,"column":15},"end":{"line":243,"column":26}}],"line":243},"13":{"loc":{"start":{"line":244,"column":4},"end":{"line":244,"column":26}},"type":"default-arg","locations":[{"start":{"line":244,"column":18},"end":{"line":244,"column":26}}],"line":244},"14":{"loc":{"start":{"line":248,"column":4},"end":{"line":248,"column":28}},"type":"if","locations":[{"start":{"line":248,"column":4},"end":{"line":248,"column":28}},{"start":{},"end":{}}],"line":248}},"s":{"0":2,"1":2,"2":2,"3":2,"4":2,"5":2,"6":2,"7":2,"8":2,"9":11,"10":11,"11":11,"12":2,"13":31,"14":31,"15":16,"16":9,"17":31,"18":23,"19":22,"20":1,"21":1,"22":1,"23":1,"24":31,"25":2,"26":11,"27":11,"28":11,"29":11,"30":9,"31":11,"32":9,"33":11,"34":11,"35":11,"36":11,"37":1,"38":31,"39":31,"40":0,"41":31,"42":31,"43":1,"44":2,"45":6,"46":31,"47":31,"48":21,"49":10},"f":{"0":11,"1":31,"2":16,"3":23,"4":1,"5":1,"6":11,"7":9,"8":9,"9":1,"10":31,"11":1,"12":31,"13":6,"14":0},"b":{"0":[9,7],"1":[22,1],"2":[23,5],"3":[31,13],"4":[11,0],"5":[2,9],"6":[11,0],"7":[0,31],"8":[31,1],"9":[11,1],"10":[0],"11":[0],"12":[3],"13":[3],"14":[21,10]},"_coverageSchema":"1a1c01bbd47fc00a2c39e90264f33305004495a9","hash":"d3e294c64fb03935e974156b3833c3256b14ef8f"}
,"/Users/justin/ComputerScience/BibleApp/src/client/src/components/Thoughts/PinnedItem.js": {"path":"/Users/justin/ComputerScience/BibleApp/src/client/src/components/Thoughts/PinnedItem.js","statementMap":{"0":{"start":{"line":38,"column":27},"end":{"line":38,"column":88}},"1":{"start":{"line":42,"column":30},"end":{"line":42,"column":40}},"2":{"start":{"line":44,"column":22},"end":{"line":44,"column":26}},"3":{"start":{"line":49,"column":35},"end":{"line":49,"column":69}},"4":{"start":{"line":57,"column":26},"end":{"line":82,"column":2}},"5":{"start":{"line":59,"column":28},"end":{"line":59,"column":43}},"6":{"start":{"line":67,"column":28},"end":{"line":67,"column":42}},"7":{"start":{"line":75,"column":28},"end":{"line":75,"column":42}},"8":{"start":{"line":84,"column":24},"end":{"line":84,"column":60}},"9":{"start":{"line":84,"column":33},"end":{"line":84,"column":60}},"10":{"start":{"line":89,"column":18},"end":{"line":91,"column":1}},"11":{"start":{"line":89,"column":36},"end":{"line":91,"column":1}},"12":{"start":{"line":90,"column":29},"end":{"line":90,"column":67}},"13":{"start":{"line":96,"column":18},"end":{"line":100,"column":1}},"14":{"start":{"line":96,"column":43},"end":{"line":100,"column":1}},"15":{"start":{"line":98,"column":22},"end":{"line":98,"column":53}},"16":{"start":{"line":99,"column":35},"end":{"line":99,"column":65}},"17":{"start":{"line":103,"column":22},"end":{"line":135,"column":1}},"18":{"start":{"line":104,"column":32},"end":{"line":104,"column":46}},"19":{"start":{"line":105,"column":38},"end":{"line":105,"column":53}},"20":{"start":{"line":106,"column":30},"end":{"line":106,"column":42}},"21":{"start":{"line":108,"column":33},"end":{"line":108,"column":36}},"22":{"start":{"line":110,"column":4},"end":{"line":132,"column":27}},"23":{"start":{"line":111,"column":21},"end":{"line":111,"column":41}},"24":{"start":{"line":112,"column":27},"end":{"line":112,"column":48}},"25":{"start":{"line":113,"column":8},"end":{"line":113,"column":27}},"26":{"start":{"line":115,"column":8},"end":{"line":129,"column":15}},"27":{"start":{"line":117,"column":16},"end":{"line":117,"column":57}},"28":{"start":{"line":118,"column":16},"end":{"line":118,"column":29}},"29":{"start":{"line":121,"column":16},"end":{"line":121,"column":54}},"30":{"start":{"line":121,"column":47},"end":{"line":121,"column":54}},"31":{"start":{"line":122,"column":16},"end":{"line":122,"column":32}},"32":{"start":{"line":123,"column":16},"end":{"line":123,"column":66}},"33":{"start":{"line":126,"column":16},"end":{"line":128,"column":17}},"34":{"start":{"line":127,"column":20},"end":{"line":127,"column":40}},"35":{"start":{"line":131,"column":8},"end":{"line":131,"column":40}},"36":{"start":{"line":131,"column":21},"end":{"line":131,"column":39}},"37":{"start":{"line":134,"column":4},"end":{"line":134,"column":40}},"38":{"start":{"line":144,"column":23},"end":{"line":243,"column":1}},"39":{"start":{"line":145,"column":17},"end":{"line":145,"column":41}},"40":{"start":{"line":146,"column":41},"end":{"line":146,"column":59}},"41":{"start":{"line":147,"column":30},"end":{"line":147,"column":44}},"42":{"start":{"line":149,"column":4},"end":{"line":151,"column":23}},"43":{"start":{"line":150,"column":8},"end":{"line":150,"column":67}},"44":{"start":{"line":155,"column":20},"end":{"line":155,"column":76}},"45":{"start":{"line":155,"column":30},"end":{"line":155,"column":76}},"46":{"start":{"line":157,"column":25},"end":{"line":172,"column":5}},"47":{"start":{"line":158,"column":8},"end":{"line":158,"column":31}},"48":{"start":{"line":160,"column":24},"end":{"line":160,"column":54}},"49":{"start":{"line":163,"column":8},"end":{"line":166,"column":9}},"50":{"start":{"line":164,"column":12},"end":{"line":164,"column":23}},"51":{"start":{"line":165,"column":12},"end":{"line":165,"column":19}},"52":{"start":{"line":168,"column":22},"end":{"line":168,"column":48}},"53":{"start":{"line":169,"column":8},"end":{"line":171,"column":9}},"54":{"start":{"line":170,"column":12},"end":{"line":170,"column":23}},"55":{"start":{"line":174,"column":4},"end":{"line":176,"column":5}},"56":{"start":{"line":175,"column":8},"end":{"line":175,"column":60}},"57":{"start":{"line":178,"column":4},"end":{"line":189,"column":5}},"58":{"start":{"line":179,"column":8},"end":{"line":188,"column":10}},"59":{"start":{"line":191,"column":4},"end":{"line":242,"column":6}},"60":{"start":{"line":194,"column":16},"end":{"line":215,"column":33}},"61":{"start":{"line":204,"column":47},"end":{"line":204,"column":103}},"62":{"start":{"line":212,"column":47},"end":{"line":212,"column":103}},"63":{"start":{"line":238,"column":37},"end":{"line":238,"column":50}},"64":{"start":{"line":255,"column":19},"end":{"line":348,"column":1}},"65":{"start":{"line":265,"column":46},"end":{"line":265,"column":61}},"66":{"start":{"line":266,"column":36},"end":{"line":266,"column":51}},"67":{"start":{"line":268,"column":18},"end":{"line":268,"column":53}},"68":{"start":{"line":268,"column":32},"end":{"line":268,"column":45}},"69":{"start":{"line":269,"column":23},"end":{"line":269,"column":64}},"70":{"start":{"line":271,"column":22},"end":{"line":276,"column":31}},"71":{"start":{"line":280,"column":27},"end":{"line":287,"column":5}},"72":{"start":{"line":281,"column":8},"end":{"line":281,"column":30}},"73":{"start":{"line":281,"column":23},"end":{"line":281,"column":30}},"74":{"start":{"line":283,"column":29},"end":{"line":283,"column":50}},"75":{"start":{"line":284,"column":8},"end":{"line":284,"column":62}},"76":{"start":{"line":284,"column":55},"end":{"line":284,"column":62}},"77":{"start":{"line":286,"column":8},"end":{"line":286,"column":28}},"78":{"start":{"line":289,"column":4},"end":{"line":347,"column":6}},"79":{"start":{"line":295,"column":32},"end":{"line":295,"column":54}},"80":{"start":{"line":296,"column":32},"end":{"line":296,"column":55}},"81":{"start":{"line":297,"column":27},"end":{"line":297,"column":44}},"82":{"start":{"line":299,"column":16},"end":{"line":299,"column":91}},"83":{"start":{"line":299,"column":72},"end":{"line":299,"column":91}},"84":{"start":{"line":320,"column":42},"end":{"line":320,"column":65}},"85":{"start":{"line":321,"column":40},"end":{"line":321,"column":59}},"86":{"start":{"line":337,"column":32},"end":{"line":337,"column":56}},"87":{"start":{"line":338,"column":32},"end":{"line":338,"column":49}}},"fnMap":{"0":{"name":"(anonymous_0)","decl":{"start":{"line":59,"column":20},"end":{"line":59,"column":21}},"loc":{"start":{"line":59,"column":28},"end":{"line":59,"column":43}},"line":59},"1":{"name":"(anonymous_1)","decl":{"start":{"line":67,"column":20},"end":{"line":67,"column":21}},"loc":{"start":{"line":67,"column":28},"end":{"line":67,"column":42}},"line":67},"2":{"name":"(anonymous_2)","decl":{"start":{"line":75,"column":20},"end":{"line":75,"column":21}},"loc":{"start":{"line":75,"column":28},"end":{"line":75,"column":42}},"line":75},"3":{"name":"(anonymous_3)","decl":{"start":{"line":84,"column":24},"end":{"line":84,"column":25}},"loc":{"start":{"line":84,"column":33},"end":{"line":84,"column":60}},"line":84},"4":{"name":"(anonymous_4)","decl":{"start":{"line":89,"column":18},"end":{"line":89,"column":19}},"loc":{"start":{"line":89,"column":36},"end":{"line":91,"column":1}},"line":89},"5":{"name":"(anonymous_5)","decl":{"start":{"line":90,"column":20},"end":{"line":90,"column":21}},"loc":{"start":{"line":90,"column":29},"end":{"line":90,"column":67}},"line":90},"6":{"name":"(anonymous_6)","decl":{"start":{"line":96,"column":18},"end":{"line":96,"column":19}},"loc":{"start":{"line":96,"column":43},"end":{"line":100,"column":1}},"line":96},"7":{"name":"(anonymous_7)","decl":{"start":{"line":98,"column":13},"end":{"line":98,"column":14}},"loc":{"start":{"line":98,"column":22},"end":{"line":98,"column":53}},"line":98},"8":{"name":"(anonymous_8)","decl":{"start":{"line":99,"column":16},"end":{"line":99,"column":17}},"loc":{"start":{"line":99,"column":35},"end":{"line":99,"column":65}},"line":99},"9":{"name":"(anonymous_9)","decl":{"start":{"line":103,"column":22},"end":{"line":103,"column":23}},"loc":{"start":{"line":103,"column":31},"end":{"line":135,"column":1}},"line":103},"10":{"name":"(anonymous_10)","decl":{"start":{"line":110,"column":14},"end":{"line":110,"column":15}},"loc":{"start":{"line":110,"column":20},"end":{"line":132,"column":5}},"line":110},"11":{"name":"(anonymous_11)","decl":{"start":{"line":116,"column":18},"end":{"line":116,"column":19}},"loc":{"start":{"line":116,"column":29},"end":{"line":119,"column":13}},"line":116},"12":{"name":"(anonymous_12)","decl":{"start":{"line":120,"column":19},"end":{"line":120,"column":20}},"loc":{"start":{"line":120,"column":26},"end":{"line":124,"column":13}},"line":120},"13":{"name":"(anonymous_13)","decl":{"start":{"line":125,"column":21},"end":{"line":125,"column":22}},"loc":{"start":{"line":125,"column":27},"end":{"line":129,"column":13}},"line":125},"14":{"name":"(anonymous_14)","decl":{"start":{"line":131,"column":15},"end":{"line":131,"column":16}},"loc":{"start":{"line":131,"column":21},"end":{"line":131,"column":39}},"line":131},"15":{"name":"(anonymous_15)","decl":{"start":{"line":144,"column":23},"end":{"line":144,"column":24}},"loc":{"start":{"line":144,"column":64},"end":{"line":243,"column":1}},"line":144},"16":{"name":"(anonymous_16)","decl":{"start":{"line":149,"column":14},"end":{"line":149,"column":15}},"loc":{"start":{"line":149,"column":20},"end":{"line":151,"column":5}},"line":149},"17":{"name":"(anonymous_17)","decl":{"start":{"line":155,"column":20},"end":{"line":155,"column":21}},"loc":{"start":{"line":155,"column":30},"end":{"line":155,"column":76}},"line":155},"18":{"name":"(anonymous_18)","decl":{"start":{"line":157,"column":25},"end":{"line":157,"column":26}},"loc":{"start":{"line":157,"column":42},"end":{"line":172,"column":5}},"line":157},"19":{"name":"(anonymous_19)","decl":{"start":{"line":193,"column":29},"end":{"line":193,"column":30}},"loc":{"start":{"line":194,"column":16},"end":{"line":215,"column":33}},"line":194},"20":{"name":"(anonymous_20)","decl":{"start":{"line":204,"column":38},"end":{"line":204,"column":39}},"loc":{"start":{"line":204,"column":47},"end":{"line":204,"column":103}},"line":204},"21":{"name":"(anonymous_21)","decl":{"start":{"line":212,"column":38},"end":{"line":212,"column":39}},"loc":{"start":{"line":212,"column":47},"end":{"line":212,"column":103}},"line":212},"22":{"name":"(anonymous_22)","decl":{"start":{"line":238,"column":31},"end":{"line":238,"column":32}},"loc":{"start":{"line":238,"column":37},"end":{"line":238,"column":50}},"line":238},"23":{"name":"(anonymous_23)","decl":{"start":{"line":255,"column":19},"end":{"line":255,"column":20}},"loc":{"start":{"line":264,"column":6},"end":{"line":348,"column":1}},"line":264},"24":{"name":"(anonymous_24)","decl":{"start":{"line":268,"column":26},"end":{"line":268,"column":27}},"loc":{"start":{"line":268,"column":32},"end":{"line":268,"column":45}},"line":268},"25":{"name":"(anonymous_25)","decl":{"start":{"line":280,"column":27},"end":{"line":280,"column":28}},"loc":{"start":{"line":280,"column":33},"end":{"line":287,"column":5}},"line":280},"26":{"name":"(anonymous_26)","decl":{"start":{"line":295,"column":26},"end":{"line":295,"column":27}},"loc":{"start":{"line":295,"column":32},"end":{"line":295,"column":54}},"line":295},"27":{"name":"(anonymous_27)","decl":{"start":{"line":296,"column":26},"end":{"line":296,"column":27}},"loc":{"start":{"line":296,"column":32},"end":{"line":296,"column":55}},"line":296},"28":{"name":"(anonymous_28)","decl":{"start":{"line":297,"column":21},"end":{"line":297,"column":22}},"loc":{"start":{"line":297,"column":27},"end":{"line":297,"column":44}},"line":297},"29":{"name":"(anonymous_29)","decl":{"start":{"line":298,"column":20},"end":{"line":298,"column":21}},"loc":{"start":{"line":298,"column":31},"end":{"line":300,"column":13}},"line":298},"30":{"name":"(anonymous_30)","decl":{"start":{"line":320,"column":33},"end":{"line":320,"column":34}},"loc":{"start":{"line":320,"column":42},"end":{"line":320,"column":65}},"line":320},"31":{"name":"(anonymous_31)","decl":{"start":{"line":321,"column":34},"end":{"line":321,"column":35}},"loc":{"start":{"line":321,"column":40},"end":{"line":321,"column":59}},"line":321},"32":{"name":"(anonymous_32)","decl":{"start":{"line":336,"column":37},"end":{"line":336,"column":38}},"loc":{"start":{"line":336,"column":46},"end":{"line":339,"column":29}},"line":336}},"branchMap":{"0":{"loc":{"start":{"line":84,"column":33},"end":{"line":84,"column":60}},"type":"binary-expr","locations":[{"start":{"line":84,"column":33},"end":{"line":84,"column":42}},{"start":{"line":84,"column":46},"end":{"line":84,"column":60}}],"line":84},"1":{"loc":{"start":{"line":90,"column":42},"end":{"line":90,"column":66}},"type":"binary-expr","locations":[{"start":{"line":90,"column":42},"end":{"line":90,"column":60}},{"start":{"line":90,"column":64},"end":{"line":90,"column":66}}],"line":90},"2":{"loc":{"start":{"line":99,"column":46},"end":{"line":99,"column":64}},"type":"binary-expr","locations":[{"start":{"line":99,"column":46},"end":{"line":99,"column":58}},{"start":{"line":99,"column":62},"end":{"line":99,"column":64}}],"line":99},"3":{"loc":{"start":{"line":117,"column":26},"end":{"line":117,"column":55}},"type":"binary-expr","locations":[{"start":{"line":117,"column":26},"end":{"line":117,"column":49}},{"start":{"line":117,"column":53},"end":{"line":117,"column":55}}],"line":117},"4":{"loc":{"start":{"line":121,"column":16},"end":{"line":121,"column":54}},"type":"if","locations":[{"start":{"line":121,"column":16},"end":{"line":121,"column":54}},{"start":{},"end":{}}],"line":121},"5":{"loc":{"start":{"line":126,"column":16},"end":{"line":128,"column":17}},"type":"if","locations":[{"start":{"line":126,"column":16},"end":{"line":128,"column":17}},{"start":{},"end":{}}],"line":126},"6":{"loc":{"start":{"line":150,"column":17},"end":{"line":150,"column":65}},"type":"cond-expr","locations":[{"start":{"line":150,"column":35},"end":{"line":150,"column":39}},{"start":{"line":150,"column":42},"end":{"line":150,"column":65}}],"line":150},"7":{"loc":{"start":{"line":163,"column":8},"end":{"line":166,"column":9}},"type":"if","locations":[{"start":{"line":163,"column":8},"end":{"line":166,"column":9}},{"start":{},"end":{}}],"line":163},"8":{"loc":{"start":{"line":169,"column":8},"end":{"line":171,"column":9}},"type":"if","locations":[{"start":{"line":169,"column":8},"end":{"line":171,"column":9}},{"start":{},"end":{}}],"line":169},"9":{"loc":{"start":{"line":174,"column":4},"end":{"line":176,"column":5}},"type":"if","locations":[{"start":{"line":174,"column":4},"end":{"line":176,"column":5}},{"start":{},"end":{}}],"line":174},"10":{"loc":{"start":{"line":174,"column":8},"end":{"line":174,"column":47}},"type":"binary-expr","locations":[{"start":{"line":174,"column":8},"end":{"line":174,"column":17}},{"start":{"line":174,"column":22},"end":{"line":174,"column":36}},{"start":{"line":174,"column":40},"end":{"line":174,"column":46}}],"line":174},"11":{"loc":{"start":{"line":178,"column":4},"end":{"line":189,"column":5}},"type":"if","locations":[{"start":{"line":178,"column":4},"end":{"line":189,"column":5}},{"start":{},"end":{}}],"line":178},"12":{"loc":{"start":{"line":198,"column":21},"end":{"line":214,"column":21}},"type":"cond-expr","locations":[{"start":{"line":199,"column":24},"end":{"line":205,"column":26}},{"start":{"line":207,"column":24},"end":{"line":213,"column":26}}],"line":198},"13":{"loc":{"start":{"line":257,"column":4},"end":{"line":257,"column":22}},"type":"default-arg","locations":[{"start":{"line":257,"column":17},"end":{"line":257,"column":22}}],"line":257},"14":{"loc":{"start":{"line":258,"column":4},"end":{"line":258,"column":21}},"type":"default-arg","locations":[{"start":{"line":258,"column":16},"end":{"line":258,"column":21}}],"line":258},"15":{"loc":{"start":{"line":269,"column":23},"end":{"line":269,"column":64}},"type":"binary-expr","locations":[{"start":{"line":269,"column":23},"end":{"line":269,"column":33}},{"start":{"line":269,"column":38},"end":{"line":269,"column":51}},{"start":{"line":269,"column":55},"end":{"line":269,"column":63}}],"line":269},"16":{"loc":{"start":{"line":274,"column":8},"end":{"line":274,"column":39}},"type":"cond-expr","locations":[{"start":{"line":274,"column":21},"end":{"line":274,"column":34}},{"start":{"line":274,"column":37},"end":{"line":274,"column":39}}],"line":274},"17":{"loc":{"start":{"line":275,"column":8},"end":{"line":275,"column":37}},"type":"cond-expr","locations":[{"start":{"line":275,"column":20},"end":{"line":275,"column":32}},{"start":{"line":275,"column":35},"end":{"line":275,"column":37}}],"line":275},"18":{"loc":{"start":{"line":281,"column":8},"end":{"line":281,"column":30}},"type":"if","locations":[{"start":{"line":281,"column":8},"end":{"line":281,"column":30}},{"start":{},"end":{}}],"line":281},"19":{"loc":{"start":{"line":284,"column":8},"end":{"line":284,"column":62}},"type":"if","locations":[{"start":{"line":284,"column":8},"end":{"line":284,"column":62}},{"start":{},"end":{}}],"line":284},"20":{"loc":{"start":{"line":284,"column":12},"end":{"line":284,"column":53}},"type":"binary-expr","locations":[{"start":{"line":284,"column":12},"end":{"line":284,"column":24}},{"start":{"line":284,"column":28},"end":{"line":284,"column":53}}],"line":284},"21":{"loc":{"start":{"line":299,"column":16},"end":{"line":299,"column":91}},"type":"if","locations":[{"start":{"line":299,"column":16},"end":{"line":299,"column":91}},{"start":{},"end":{}}],"line":299},"22":{"loc":{"start":{"line":302,"column":13},"end":{"line":345,"column":13}},"type":"cond-expr","locations":[{"start":{"line":303,"column":16},"end":{"line":308,"column":18}},{"start":{"line":310,"column":16},"end":{"line":344,"column":19}}],"line":302},"23":{"loc":{"start":{"line":330,"column":21},"end":{"line":343,"column":21}},"type":"binary-expr","locations":[{"start":{"line":330,"column":21},"end":{"line":330,"column":31}},{"start":{"line":331,"column":24},"end":{"line":342,"column":33}}],"line":330}},"s":{"0":2,"1":2,"2":2,"3":2,"4":2,"5":4,"6":0,"7":0,"8":2,"9":49,"10":2,"11":4,"12":8,"13":2,"14":1,"15":2,"16":2,"17":2,"18":18,"19":18,"20":18,"21":18,"22":18,"23":4,"24":4,"25":4,"26":4,"27":4,"28":4,"29":0,"30":0,"31":0,"32":0,"33":4,"34":4,"35":4,"36":4,"37":18,"38":2,"39":18,"40":18,"41":18,"42":18,"43":8,"44":18,"45":24,"46":18,"47":1,"48":1,"49":1,"50":0,"51":0,"52":1,"53":1,"54":1,"55":18,"56":12,"57":6,"58":0,"59":6,"60":12,"61":0,"62":2,"63":1,"64":2,"65":118,"66":118,"67":118,"68":49,"69":118,"70":118,"71":118,"72":5,"73":4,"74":1,"75":1,"76":0,"77":1,"78":118,"79":4,"80":0,"81":0,"82":0,"83":0,"84":9,"85":9,"86":4,"87":4},"f":{"0":4,"1":0,"2":0,"3":49,"4":4,"5":8,"6":1,"7":2,"8":2,"9":18,"10":4,"11":4,"12":0,"13":4,"14":4,"15":18,"16":8,"17":24,"18":1,"19":12,"20":0,"21":2,"22":1,"23":118,"24":49,"25":5,"26":4,"27":0,"28":0,"29":0,"30":9,"31":9,"32":4},"b":{"0":[49,0],"1":[8,0],"2":[2,0],"3":[4,0],"4":[0,0],"5":[4,0],"6":[4,4],"7":[0,1],"8":[1,0],"9":[12,6],"10":[18,14,8],"11":[0,6],"12":[6,6],"13":[0],"14":[0],"15":[118,114,107],"16":[13,105],"17":[4,114],"18":[4,1],"19":[0,1],"20":[1,1],"21":[0,0],"22":[4,114],"23":[114,7]},"_coverageSchema":"1a1c01bbd47fc00a2c39e90264f33305004495a9","hash":"ab41c9b95f38da1418744ae106d55474bfc67f8f"}
,"/Users/justin/ComputerScience/BibleApp/src/client/src/components/Thoughts/PinnedPanel.js": {"path":"/Users/justin/ComputerScience/BibleApp/src/client/src/components/Thoughts/PinnedPanel.js","statementMap":{"0":{"start":{"line":35,"column":27},"end":{"line":35,"column":35}},"1":{"start":{"line":37,"column":29},"end":{"line":37,"column":107}},"2":{"start":{"line":39,"column":30},"end":{"line":39,"column":49}},"3":{"start":{"line":44,"column":30},"end":{"line":44,"column":33}},"4":{"start":{"line":45,"column":28},"end":{"line":45,"column":31}},"5":{"start":{"line":47,"column":14},"end":{"line":47,"column":54}},"6":{"start":{"line":47,"column":23},"end":{"line":47,"column":54}},"7":{"start":{"line":49,"column":19},"end":{"line":49,"column":49}},"8":{"start":{"line":49,"column":30},"end":{"line":49,"column":49}},"9":{"start":{"line":54,"column":18},"end":{"line":54,"column":65}},"10":{"start":{"line":54,"column":30},"end":{"line":54,"column":65}},"11":{"start":{"line":65,"column":20},"end":{"line":226,"column":1}},"12":{"start":{"line":74,"column":42},"end":{"line":74,"column":57}},"13":{"start":{"line":75,"column":44},"end":{"line":75,"column":56}},"14":{"start":{"line":76,"column":40},"end":{"line":76,"column":54}},"15":{"start":{"line":81,"column":26},"end":{"line":81,"column":79}},"16":{"start":{"line":81,"column":45},"end":{"line":81,"column":78}},"17":{"start":{"line":83,"column":25},"end":{"line":88,"column":10}},"18":{"start":{"line":84,"column":20},"end":{"line":84,"column":30}},"19":{"start":{"line":85,"column":8},"end":{"line":87,"column":35}},"20":{"start":{"line":85,"column":37},"end":{"line":87,"column":32}},"21":{"start":{"line":86,"column":42},"end":{"line":86,"column":58}},"22":{"start":{"line":90,"column":27},"end":{"line":90,"column":69}},"23":{"start":{"line":90,"column":45},"end":{"line":90,"column":64}},"24":{"start":{"line":93,"column":39},"end":{"line":93,"column":66}},"25":{"start":{"line":95,"column":24},"end":{"line":99,"column":5}},"26":{"start":{"line":96,"column":8},"end":{"line":98,"column":9}},"27":{"start":{"line":97,"column":12},"end":{"line":97,"column":29}},"28":{"start":{"line":101,"column":23},"end":{"line":105,"column":5}},"29":{"start":{"line":102,"column":8},"end":{"line":104,"column":9}},"30":{"start":{"line":103,"column":12},"end":{"line":103,"column":29}},"31":{"start":{"line":109,"column":24},"end":{"line":113,"column":5}},"32":{"start":{"line":110,"column":8},"end":{"line":110,"column":25}},"33":{"start":{"line":111,"column":8},"end":{"line":111,"column":28}},"34":{"start":{"line":112,"column":8},"end":{"line":112,"column":18}},"35":{"start":{"line":115,"column":4},"end":{"line":131,"column":5}},"36":{"start":{"line":116,"column":8},"end":{"line":130,"column":10}},"37":{"start":{"line":120,"column":31},"end":{"line":120,"column":52}},"38":{"start":{"line":133,"column":4},"end":{"line":225,"column":6}},"39":{"start":{"line":151,"column":35},"end":{"line":151,"column":55}},"40":{"start":{"line":207,"column":20},"end":{"line":221,"column":22}},"41":{"start":{"line":213,"column":43},"end":{"line":213,"column":68}},"42":{"start":{"line":214,"column":44},"end":{"line":214,"column":63}},"43":{"start":{"line":217,"column":28},"end":{"line":219,"column":29}},"44":{"start":{"line":218,"column":32},"end":{"line":218,"column":52}}},"fnMap":{"0":{"name":"(anonymous_0)","decl":{"start":{"line":47,"column":14},"end":{"line":47,"column":15}},"loc":{"start":{"line":47,"column":23},"end":{"line":47,"column":54}},"line":47},"1":{"name":"(anonymous_1)","decl":{"start":{"line":49,"column":19},"end":{"line":49,"column":20}},"loc":{"start":{"line":49,"column":30},"end":{"line":49,"column":49}},"line":49},"2":{"name":"(anonymous_2)","decl":{"start":{"line":54,"column":18},"end":{"line":54,"column":19}},"loc":{"start":{"line":54,"column":30},"end":{"line":54,"column":65}},"line":54},"3":{"name":"(anonymous_3)","decl":{"start":{"line":65,"column":20},"end":{"line":65,"column":21}},"loc":{"start":{"line":73,"column":6},"end":{"line":226,"column":1}},"line":73},"4":{"name":"(anonymous_4)","decl":{"start":{"line":81,"column":38},"end":{"line":81,"column":39}},"loc":{"start":{"line":81,"column":45},"end":{"line":81,"column":78}},"line":81},"5":{"name":"(anonymous_5)","decl":{"start":{"line":83,"column":37},"end":{"line":83,"column":38}},"loc":{"start":{"line":83,"column":46},"end":{"line":88,"column":5}},"line":83},"6":{"name":"(anonymous_6)","decl":{"start":{"line":85,"column":24},"end":{"line":85,"column":25}},"loc":{"start":{"line":85,"column":37},"end":{"line":87,"column":32}},"line":85},"7":{"name":"(anonymous_7)","decl":{"start":{"line":86,"column":30},"end":{"line":86,"column":31}},"loc":{"start":{"line":86,"column":42},"end":{"line":86,"column":58}},"line":86},"8":{"name":"(anonymous_8)","decl":{"start":{"line":90,"column":39},"end":{"line":90,"column":40}},"loc":{"start":{"line":90,"column":45},"end":{"line":90,"column":64}},"line":90},"9":{"name":"(anonymous_9)","decl":{"start":{"line":95,"column":24},"end":{"line":95,"column":25}},"loc":{"start":{"line":95,"column":36},"end":{"line":99,"column":5}},"line":95},"10":{"name":"(anonymous_10)","decl":{"start":{"line":101,"column":23},"end":{"line":101,"column":24}},"loc":{"start":{"line":101,"column":35},"end":{"line":105,"column":5}},"line":101},"11":{"name":"(anonymous_11)","decl":{"start":{"line":109,"column":24},"end":{"line":109,"column":25}},"loc":{"start":{"line":109,"column":30},"end":{"line":113,"column":5}},"line":109},"12":{"name":"(anonymous_12)","decl":{"start":{"line":120,"column":25},"end":{"line":120,"column":26}},"loc":{"start":{"line":120,"column":31},"end":{"line":120,"column":52}},"line":120},"13":{"name":"(anonymous_13)","decl":{"start":{"line":151,"column":29},"end":{"line":151,"column":30}},"loc":{"start":{"line":151,"column":35},"end":{"line":151,"column":55}},"line":151},"14":{"name":"(anonymous_14)","decl":{"start":{"line":206,"column":26},"end":{"line":206,"column":27}},"loc":{"start":{"line":207,"column":20},"end":{"line":221,"column":22}},"line":207},"15":{"name":"(anonymous_15)","decl":{"start":{"line":213,"column":37},"end":{"line":213,"column":38}},"loc":{"start":{"line":213,"column":43},"end":{"line":213,"column":68}},"line":213},"16":{"name":"(anonymous_16)","decl":{"start":{"line":214,"column":38},"end":{"line":214,"column":39}},"loc":{"start":{"line":214,"column":44},"end":{"line":214,"column":63}},"line":214},"17":{"name":"(anonymous_17)","decl":{"start":{"line":216,"column":34},"end":{"line":216,"column":35}},"loc":{"start":{"line":216,"column":53},"end":{"line":220,"column":25}},"line":216}},"branchMap":{"0":{"loc":{"start":{"line":54,"column":30},"end":{"line":54,"column":65}},"type":"binary-expr","locations":[{"start":{"line":54,"column":30},"end":{"line":54,"column":46}},{"start":{"line":54,"column":50},"end":{"line":54,"column":65}}],"line":54},"1":{"loc":{"start":{"line":67,"column":4},"end":{"line":67,"column":21}},"type":"default-arg","locations":[{"start":{"line":67,"column":16},"end":{"line":67,"column":21}}],"line":67},"2":{"loc":{"start":{"line":85,"column":37},"end":{"line":87,"column":32}},"type":"cond-expr","locations":[{"start":{"line":86,"column":14},"end":{"line":86,"column":59}},{"start":{"line":87,"column":14},"end":{"line":87,"column":32}}],"line":85},"3":{"loc":{"start":{"line":96,"column":8},"end":{"line":98,"column":9}},"type":"if","locations":[{"start":{"line":96,"column":8},"end":{"line":98,"column":9}},{"start":{},"end":{}}],"line":96},"4":{"loc":{"start":{"line":102,"column":8},"end":{"line":104,"column":9}},"type":"if","locations":[{"start":{"line":102,"column":8},"end":{"line":104,"column":9}},{"start":{},"end":{}}],"line":102},"5":{"loc":{"start":{"line":115,"column":4},"end":{"line":131,"column":5}},"type":"if","locations":[{"start":{"line":115,"column":4},"end":{"line":131,"column":5}},{"start":{},"end":{}}],"line":115},"6":{"loc":{"start":{"line":162,"column":13},"end":{"line":197,"column":13}},"type":"binary-expr","locations":[{"start":{"line":162,"column":13},"end":{"line":162,"column":37}},{"start":{"line":163,"column":16},"end":{"line":196,"column":22}}],"line":162},"7":{"loc":{"start":{"line":195,"column":21},"end":{"line":195,"column":84}},"type":"binary-expr","locations":[{"start":{"line":195,"column":21},"end":{"line":195,"column":29}},{"start":{"line":195,"column":33},"end":{"line":195,"column":84}}],"line":195},"8":{"loc":{"start":{"line":200,"column":17},"end":{"line":200,"column":79}},"type":"binary-expr","locations":[{"start":{"line":200,"column":17},"end":{"line":200,"column":26}},{"start":{"line":200,"column":30},"end":{"line":200,"column":79}}],"line":200},"9":{"loc":{"start":{"line":202,"column":17},"end":{"line":204,"column":17}},"type":"binary-expr","locations":[{"start":{"line":202,"column":17},"end":{"line":202,"column":27}},{"start":{"line":202,"column":31},"end":{"line":202,"column":48}},{"start":{"line":203,"column":20},"end":{"line":203,"column":71}}],"line":202},"10":{"loc":{"start":{"line":217,"column":28},"end":{"line":219,"column":29}},"type":"if","locations":[{"start":{"line":217,"column":28},"end":{"line":219,"column":29}},{"start":{},"end":{}}],"line":217}},"s":{"0":2,"1":2,"2":2,"3":2,"4":2,"5":2,"6":473,"7":2,"8":10,"9":2,"10":4,"11":2,"12":51,"13":51,"14":51,"15":51,"16":117,"17":51,"18":10,"19":10,"20":10,"21":0,"22":51,"23":4,"24":51,"25":51,"26":1,"27":1,"28":51,"29":2,"30":1,"31":51,"32":1,"33":1,"34":1,"35":51,"36":1,"37":1,"38":50,"39":1,"40":114,"41":4,"42":2,"43":1,"44":1},"f":{"0":473,"1":10,"2":4,"3":51,"4":117,"5":10,"6":10,"7":0,"8":4,"9":1,"10":2,"11":1,"12":1,"13":1,"14":114,"15":4,"16":2,"17":1},"b":{"0":[4,4],"1":[41],"2":[0,10],"3":[1,0],"4":[1,1],"5":[1,50],"6":[50,10],"7":[10,8],"8":[50,2],"9":[50,48,8],"10":[1,0]},"_coverageSchema":"1a1c01bbd47fc00a2c39e90264f33305004495a9","hash":"4882ce309f72f15f7925ea62ca5f4894fb4e179a"}
,"/Users/justin/ComputerScience/BibleApp/src/client/src/components/Thoughts/Thoughts.js": {"path":"/Users/justin/ComputerScience/BibleApp/src/client/src/components/Thoughts/Thoughts.js","statementMap":{"0":{"start":{"line":77,"column":17},"end":{"line":80,"column":2}},"1":{"start":{"line":78,"column":21},"end":{"line":78,"column":30}},"2":{"start":{"line":79,"column":20},"end":{"line":79,"column":30}},"3":{"start":{"line":82,"column":17},"end":{"line":237,"column":1}},"4":{"start":{"line":83,"column":44},"end":{"line":83,"column":61}},"5":{"start":{"line":85,"column":44},"end":{"line":85,"column":58}},"6":{"start":{"line":102,"column":8},"end":{"line":102,"column":31}},"7":{"start":{"line":112,"column":8},"end":{"line":112,"column":17}},"8":{"start":{"line":119,"column":21},"end":{"line":121,"column":56}},"9":{"start":{"line":121,"column":29},"end":{"line":121,"column":47}},"10":{"start":{"line":128,"column":25},"end":{"line":137,"column":58}},"11":{"start":{"line":129,"column":23},"end":{"line":129,"column":74}},"12":{"start":{"line":130,"column":24},"end":{"line":130,"column":44}},"13":{"start":{"line":132,"column":8},"end":{"line":132,"column":34}},"14":{"start":{"line":132,"column":22},"end":{"line":132,"column":34}},"15":{"start":{"line":134,"column":8},"end":{"line":134,"column":83}},"16":{"start":{"line":136,"column":8},"end":{"line":136,"column":23}},"17":{"start":{"line":139,"column":21},"end":{"line":143,"column":45}},"18":{"start":{"line":140,"column":8},"end":{"line":140,"column":78}},"19":{"start":{"line":140,"column":38},"end":{"line":140,"column":78}},"20":{"start":{"line":141,"column":8},"end":{"line":141,"column":76}},"21":{"start":{"line":141,"column":37},"end":{"line":141,"column":76}},"22":{"start":{"line":142,"column":8},"end":{"line":142,"column":47}},"23":{"start":{"line":150,"column":23},"end":{"line":159,"column":56}},"24":{"start":{"line":151,"column":23},"end":{"line":151,"column":95}},"25":{"start":{"line":152,"column":24},"end":{"line":152,"column":48}},"26":{"start":{"line":154,"column":8},"end":{"line":156,"column":9}},"27":{"start":{"line":155,"column":12},"end":{"line":155,"column":35}},"28":{"start":{"line":158,"column":8},"end":{"line":158,"column":23}},"29":{"start":{"line":161,"column":18},"end":{"line":161,"column":40}},"30":{"start":{"line":162,"column":24},"end":{"line":162,"column":58}},"31":{"start":{"line":164,"column":4},"end":{"line":236,"column":6}},"32":{"start":{"line":172,"column":41},"end":{"line":172,"column":65}},"33":{"start":{"line":173,"column":40},"end":{"line":173,"column":63}},"34":{"start":{"line":180,"column":39},"end":{"line":180,"column":60}}},"fnMap":{"0":{"name":"(anonymous_0)","decl":{"start":{"line":78,"column":11},"end":{"line":78,"column":12}},"loc":{"start":{"line":78,"column":21},"end":{"line":78,"column":30}},"line":78},"1":{"name":"(anonymous_1)","decl":{"start":{"line":79,"column":10},"end":{"line":79,"column":11}},"loc":{"start":{"line":79,"column":20},"end":{"line":79,"column":30}},"line":79},"2":{"name":"(anonymous_2)","decl":{"start":{"line":82,"column":17},"end":{"line":82,"column":18}},"loc":{"start":{"line":82,"column":23},"end":{"line":237,"column":1}},"line":82},"3":{"name":"(anonymous_3)","decl":{"start":{"line":121,"column":21},"end":{"line":121,"column":22}},"loc":{"start":{"line":121,"column":29},"end":{"line":121,"column":47}},"line":121},"4":{"name":"(anonymous_4)","decl":{"start":{"line":128,"column":37},"end":{"line":128,"column":38}},"loc":{"start":{"line":128,"column":55},"end":{"line":137,"column":5}},"line":128},"5":{"name":"(anonymous_5)","decl":{"start":{"line":139,"column":33},"end":{"line":139,"column":34}},"loc":{"start":{"line":139,"column":51},"end":{"line":143,"column":5}},"line":139},"6":{"name":"(anonymous_6)","decl":{"start":{"line":150,"column":35},"end":{"line":150,"column":36}},"loc":{"start":{"line":150,"column":50},"end":{"line":159,"column":5}},"line":150},"7":{"name":"(anonymous_7)","decl":{"start":{"line":172,"column":35},"end":{"line":172,"column":36}},"loc":{"start":{"line":172,"column":41},"end":{"line":172,"column":65}},"line":172},"8":{"name":"(anonymous_8)","decl":{"start":{"line":173,"column":34},"end":{"line":173,"column":35}},"loc":{"start":{"line":173,"column":40},"end":{"line":173,"column":63}},"line":173},"9":{"name":"(anonymous_9)","decl":{"start":{"line":180,"column":33},"end":{"line":180,"column":34}},"loc":{"start":{"line":180,"column":39},"end":{"line":180,"column":60}},"line":180}},"branchMap":{"0":{"loc":{"start":{"line":119,"column":21},"end":{"line":121,"column":56}},"type":"cond-expr","locations":[{"start":{"line":120,"column":10},"end":{"line":120,"column":14}},{"start":{"line":121,"column":10},"end":{"line":121,"column":56}}],"line":119},"1":{"loc":{"start":{"line":121,"column":10},"end":{"line":121,"column":56}},"type":"binary-expr","locations":[{"start":{"line":121,"column":10},"end":{"line":121,"column":48}},{"start":{"line":121,"column":52},"end":{"line":121,"column":56}}],"line":121},"2":{"loc":{"start":{"line":129,"column":23},"end":{"line":129,"column":74}},"type":"cond-expr","locations":[{"start":{"line":129,"column":50},"end":{"line":129,"column":61}},{"start":{"line":129,"column":64},"end":{"line":129,"column":74}}],"line":129},"3":{"loc":{"start":{"line":132,"column":8},"end":{"line":132,"column":34}},"type":"if","locations":[{"start":{"line":132,"column":8},"end":{"line":132,"column":34}},{"start":{},"end":{}}],"line":132},"4":{"loc":{"start":{"line":140,"column":8},"end":{"line":140,"column":78}},"type":"if","locations":[{"start":{"line":140,"column":8},"end":{"line":140,"column":78}},{"start":{},"end":{}}],"line":140},"5":{"loc":{"start":{"line":141,"column":8},"end":{"line":141,"column":76}},"type":"if","locations":[{"start":{"line":141,"column":8},"end":{"line":141,"column":76}},{"start":{},"end":{}}],"line":141},"6":{"loc":{"start":{"line":154,"column":8},"end":{"line":156,"column":9}},"type":"if","locations":[{"start":{"line":154,"column":8},"end":{"line":156,"column":9}},{"start":{},"end":{}}],"line":154},"7":{"loc":{"start":{"line":161,"column":18},"end":{"line":161,"column":40}},"type":"binary-expr","locations":[{"start":{"line":161,"column":18},"end":{"line":161,"column":27}},{"start":{"line":161,"column":31},"end":{"line":161,"column":40}}],"line":161},"8":{"loc":{"start":{"line":162,"column":24},"end":{"line":162,"column":58}},"type":"binary-expr","locations":[{"start":{"line":162,"column":24},"end":{"line":162,"column":39}},{"start":{"line":162,"column":43},"end":{"line":162,"column":58}}],"line":162},"9":{"loc":{"start":{"line":176,"column":17},"end":{"line":182,"column":17}},"type":"binary-expr","locations":[{"start":{"line":176,"column":17},"end":{"line":176,"column":29}},{"start":{"line":177,"column":20},"end":{"line":181,"column":22}}],"line":176},"10":{"loc":{"start":{"line":184,"column":17},"end":{"line":186,"column":17}},"type":"binary-expr","locations":[{"start":{"line":184,"column":17},"end":{"line":184,"column":22}},{"start":{"line":185,"column":20},"end":{"line":185,"column":100}}],"line":184},"11":{"loc":{"start":{"line":188,"column":17},"end":{"line":190,"column":17}},"type":"binary-expr","locations":[{"start":{"line":188,"column":17},"end":{"line":188,"column":28}},{"start":{"line":189,"column":20},"end":{"line":189,"column":106}}],"line":188},"12":{"loc":{"start":{"line":198,"column":25},"end":{"line":198,"column":96}},"type":"binary-expr","locations":[{"start":{"line":198,"column":25},"end":{"line":198,"column":34}},{"start":{"line":198,"column":38},"end":{"line":198,"column":96}}],"line":198},"13":{"loc":{"start":{"line":199,"column":25},"end":{"line":207,"column":25}},"type":"binary-expr","locations":[{"start":{"line":199,"column":25},"end":{"line":199,"column":35}},{"start":{"line":199,"column":39},"end":{"line":199,"column":45}},{"start":{"line":199,"column":49},"end":{"line":199,"column":64}},{"start":{"line":200,"column":28},"end":{"line":206,"column":30}}],"line":199},"14":{"loc":{"start":{"line":215,"column":34},"end":{"line":215,"column":57}},"type":"cond-expr","locations":[{"start":{"line":215,"column":42},"end":{"line":215,"column":46}},{"start":{"line":215,"column":49},"end":{"line":215,"column":57}}],"line":215}},"s":{"0":1,"1":1,"2":0,"3":1,"4":10,"5":10,"6":10,"7":10,"8":10,"9":0,"10":10,"11":2,"12":2,"13":2,"14":1,"15":1,"16":1,"17":10,"18":0,"19":0,"20":0,"21":0,"22":0,"23":10,"24":0,"25":0,"26":0,"27":0,"28":0,"29":10,"30":10,"31":10,"32":2,"33":0,"34":1},"f":{"0":1,"1":0,"2":10,"3":0,"4":2,"5":0,"6":0,"7":2,"8":0,"9":1},"b":{"0":[10,0],"1":[0,0],"2":[2,0],"3":[1,1],"4":[0,0],"5":[0,0],"6":[0,0],"7":[10,10],"8":[10,9],"9":[10,3],"10":[10,0],"11":[10,1],"12":[10,3],"13":[10,7,7,7],"14":[0,10]},"_coverageSchema":"1a1c01bbd47fc00a2c39e90264f33305004495a9","hash":"2a2f546e3cafc5658693b0788574e64826791e6c"}
,"/Users/justin/ComputerScience/BibleApp/src/client/src/components/Thoughts/TopBar.js": {"path":"/Users/justin/ComputerScience/BibleApp/src/client/src/components/Thoughts/TopBar.js","statementMap":{"0":{"start":{"line":21,"column":29},"end":{"line":21,"column":38}},"1":{"start":{"line":25,"column":35},"end":{"line":25,"column":50}},"2":{"start":{"line":31,"column":29},"end":{"line":40,"column":1}},"3":{"start":{"line":32,"column":4},"end":{"line":32,"column":27}},"4":{"start":{"line":32,"column":15},"end":{"line":32,"column":27}},"5":{"start":{"line":34,"column":20},"end":{"line":34,"column":37}},"6":{"start":{"line":36,"column":4},"end":{"line":39,"column":6}},"7":{"start":{"line":45,"column":15},"end":{"line":79,"column":1}},"8":{"start":{"line":46,"column":18},"end":{"line":46,"column":37}},"9":{"start":{"line":48,"column":4},"end":{"line":78,"column":6}}},"fnMap":{"0":{"name":"(anonymous_0)","decl":{"start":{"line":31,"column":29},"end":{"line":31,"column":30}},"loc":{"start":{"line":31,"column":39},"end":{"line":40,"column":1}},"line":31},"1":{"name":"(anonymous_1)","decl":{"start":{"line":45,"column":15},"end":{"line":45,"column":16}},"loc":{"start":{"line":45,"column":78},"end":{"line":79,"column":1}},"line":45}},"branchMap":{"0":{"loc":{"start":{"line":32,"column":4},"end":{"line":32,"column":27}},"type":"if","locations":[{"start":{"line":32,"column":4},"end":{"line":32,"column":27}},{"start":{},"end":{}}],"line":32},"1":{"loc":{"start":{"line":34,"column":20},"end":{"line":34,"column":37}},"type":"binary-expr","locations":[{"start":{"line":34,"column":20},"end":{"line":34,"column":31}},{"start":{"line":34,"column":35},"end":{"line":34,"column":37}}],"line":34},"2":{"loc":{"start":{"line":37,"column":15},"end":{"line":37,"column":49}},"type":"cond-expr","locations":[{"start":{"line":37,"column":23},"end":{"line":37,"column":33}},{"start":{"line":37,"column":36},"end":{"line":37,"column":49}}],"line":37},"3":{"loc":{"start":{"line":38,"column":14},"end":{"line":38,"column":47}},"type":"binary-expr","locations":[{"start":{"line":38,"column":14},"end":{"line":38,"column":24}},{"start":{"line":38,"column":28},"end":{"line":38,"column":47}}],"line":38},"4":{"loc":{"start":{"line":45,"column":18},"end":{"line":45,"column":29}},"type":"default-arg","locations":[{"start":{"line":45,"column":25},"end":{"line":45,"column":29}}],"line":45},"5":{"loc":{"start":{"line":67,"column":13},"end":{"line":76,"column":13}},"type":"binary-expr","locations":[{"start":{"line":67,"column":13},"end":{"line":67,"column":18}},{"start":{"line":68,"column":16},"end":{"line":75,"column":20}}],"line":67}},"s":{"0":4,"1":4,"2":4,"3":17,"4":13,"5":4,"6":4,"7":4,"8":13,"9":13},"f":{"0":17,"1":13},"b":{"0":[13,4],"1":[4,0],"2":[2,2],"3":[4,1],"4":[2],"5":[13,1]},"_coverageSchema":"1a1c01bbd47fc00a2c39e90264f33305004495a9","hash":"88bfaa23734bf8c56c57128a15b9cafdda0de323"}
,"/Users/justin/ComputerScience/BibleApp/src/client/src/components/Thoughts/TopicsField.js": {"path":"/Users/justin/ComputerScience/BibleApp/src/client/src/components/Thoughts/TopicsField.js","statementMap":{"0":{"start":{"line":56,"column":26},"end":{"line":56,"column":35}},"1":{"start":{"line":57,"column":29},"end":{"line":57,"column":44}},"2":{"start":{"line":62,"column":23},"end":{"line":62,"column":25}},"3":{"start":{"line":76,"column":29},"end":{"line":100,"column":1}},"4":{"start":{"line":77,"column":22},"end":{"line":77,"column":55}},"5":{"start":{"line":78,"column":20},"end":{"line":78,"column":29}},"6":{"start":{"line":80,"column":4},"end":{"line":86,"column":7}},"7":{"start":{"line":81,"column":8},"end":{"line":85,"column":11}},"8":{"start":{"line":82,"column":28},"end":{"line":82,"column":49}},"9":{"start":{"line":83,"column":12},"end":{"line":84,"column":47}},"10":{"start":{"line":83,"column":25},"end":{"line":83,"column":44}},"11":{"start":{"line":84,"column":17},"end":{"line":84,"column":47}},"12":{"start":{"line":88,"column":21},"end":{"line":93,"column":7}},"13":{"start":{"line":88,"column":73},"end":{"line":93,"column":5}},"14":{"start":{"line":95,"column":20},"end":{"line":95,"column":78}},"15":{"start":{"line":95,"column":45},"end":{"line":95,"column":77}},"16":{"start":{"line":97,"column":4},"end":{"line":99,"column":99}},"17":{"start":{"line":110,"column":18},"end":{"line":122,"column":1}},"18":{"start":{"line":111,"column":4},"end":{"line":111,"column":35}},"19":{"start":{"line":111,"column":19},"end":{"line":111,"column":35}},"20":{"start":{"line":113,"column":18},"end":{"line":113,"column":87}},"21":{"start":{"line":113,"column":57},"end":{"line":113,"column":85}},"22":{"start":{"line":114,"column":4},"end":{"line":114,"column":47}},"23":{"start":{"line":114,"column":22},"end":{"line":114,"column":47}},"24":{"start":{"line":116,"column":17},"end":{"line":116,"column":53}},"25":{"start":{"line":116,"column":46},"end":{"line":116,"column":51}},"26":{"start":{"line":117,"column":16},"end":{"line":117,"column":52}},"27":{"start":{"line":117,"column":45},"end":{"line":117,"column":50}},"28":{"start":{"line":118,"column":18},"end":{"line":118,"column":66}},"29":{"start":{"line":118,"column":47},"end":{"line":118,"column":64}},"30":{"start":{"line":119,"column":19},"end":{"line":119,"column":68}},"31":{"start":{"line":119,"column":48},"end":{"line":119,"column":66}},"32":{"start":{"line":121,"column":4},"end":{"line":121,"column":74}},"33":{"start":{"line":125,"column":21},"end":{"line":227,"column":1}},"34":{"start":{"line":140,"column":19},"end":{"line":140,"column":65}},"35":{"start":{"line":141,"column":24},"end":{"line":141,"column":42}},"36":{"start":{"line":142,"column":23},"end":{"line":142,"column":74}},"37":{"start":{"line":144,"column":20},"end":{"line":148,"column":31}},"38":{"start":{"line":150,"column":4},"end":{"line":226,"column":6}},"39":{"start":{"line":159,"column":32},"end":{"line":159,"column":51}},"40":{"start":{"line":160,"column":32},"end":{"line":160,"column":51}},"41":{"start":{"line":171,"column":34},"end":{"line":171,"column":58}},"42":{"start":{"line":173,"column":43},"end":{"line":173,"column":90}},"43":{"start":{"line":179,"column":33},"end":{"line":179,"column":58}},"44":{"start":{"line":180,"column":20},"end":{"line":180,"column":43}},"45":{"start":{"line":180,"column":31},"end":{"line":180,"column":43}},"46":{"start":{"line":182,"column":37},"end":{"line":182,"column":66}},"47":{"start":{"line":183,"column":34},"end":{"line":183,"column":67}},"48":{"start":{"line":185,"column":20},"end":{"line":204,"column":22}},"49":{"start":{"line":193,"column":46},"end":{"line":193,"column":65}},"50":{"start":{"line":194,"column":47},"end":{"line":194,"column":82}},"51":{"start":{"line":219,"column":39},"end":{"line":219,"column":62}},"52":{"start":{"line":236,"column":20},"end":{"line":327,"column":1}},"53":{"start":{"line":239,"column":21},"end":{"line":239,"column":26}},"54":{"start":{"line":243,"column":22},"end":{"line":243,"column":34}},"55":{"start":{"line":244,"column":19},"end":{"line":244,"column":43}},"56":{"start":{"line":246,"column":38},"end":{"line":246,"column":52}},"57":{"start":{"line":247,"column":36},"end":{"line":247,"column":50}},"58":{"start":{"line":248,"column":40},"end":{"line":248,"column":54}},"59":{"start":{"line":252,"column":21},"end":{"line":252,"column":61}},"60":{"start":{"line":254,"column":21},"end":{"line":254,"column":81}},"61":{"start":{"line":254,"column":35},"end":{"line":254,"column":63}},"62":{"start":{"line":255,"column":18},"end":{"line":255,"column":81}},"63":{"start":{"line":255,"column":32},"end":{"line":255,"column":60}},"64":{"start":{"line":258,"column":17},"end":{"line":260,"column":33}},"65":{"start":{"line":258,"column":31},"end":{"line":260,"column":5}},"66":{"start":{"line":259,"column":24},"end":{"line":259,"column":85}},"67":{"start":{"line":262,"column":24},"end":{"line":268,"column":10}},"68":{"start":{"line":263,"column":8},"end":{"line":263,"column":25}},"69":{"start":{"line":267,"column":8},"end":{"line":267,"column":82}},"70":{"start":{"line":267,"column":31},"end":{"line":267,"column":79}},"71":{"start":{"line":270,"column":24},"end":{"line":272,"column":10}},"72":{"start":{"line":271,"column":8},"end":{"line":271,"column":67}},"73":{"start":{"line":271,"column":33},"end":{"line":271,"column":64}},"74":{"start":{"line":274,"column":29},"end":{"line":276,"column":10}},"75":{"start":{"line":275,"column":8},"end":{"line":275,"column":59}},"76":{"start":{"line":275,"column":31},"end":{"line":275,"column":56}},"77":{"start":{"line":278,"column":28},"end":{"line":280,"column":10}},"78":{"start":{"line":279,"column":8},"end":{"line":279,"column":65}},"79":{"start":{"line":279,"column":35},"end":{"line":279,"column":62}},"80":{"start":{"line":285,"column":4},"end":{"line":294,"column":19}},"81":{"start":{"line":286,"column":8},"end":{"line":286,"column":48}},"82":{"start":{"line":286,"column":31},"end":{"line":286,"column":48}},"83":{"start":{"line":288,"column":26},"end":{"line":290,"column":9}},"84":{"start":{"line":289,"column":12},"end":{"line":289,"column":58}},"85":{"start":{"line":289,"column":40},"end":{"line":289,"column":58}},"86":{"start":{"line":292,"column":8},"end":{"line":292,"column":54}},"87":{"start":{"line":293,"column":8},"end":{"line":293,"column":70}},"88":{"start":{"line":293,"column":21},"end":{"line":293,"column":69}},"89":{"start":{"line":296,"column":4},"end":{"line":326,"column":6}},"90":{"start":{"line":305,"column":16},"end":{"line":323,"column":18}}},"fnMap":{"0":{"name":"(anonymous_0)","decl":{"start":{"line":76,"column":29},"end":{"line":76,"column":30}},"loc":{"start":{"line":76,"column":48},"end":{"line":100,"column":1}},"line":76},"1":{"name":"(anonymous_1)","decl":{"start":{"line":80,"column":22},"end":{"line":80,"column":23}},"loc":{"start":{"line":80,"column":30},"end":{"line":86,"column":5}},"line":80},"2":{"name":"(anonymous_2)","decl":{"start":{"line":81,"column":36},"end":{"line":81,"column":37}},"loc":{"start":{"line":81,"column":45},"end":{"line":85,"column":9}},"line":81},"3":{"name":"(anonymous_3)","decl":{"start":{"line":88,"column":63},"end":{"line":88,"column":64}},"loc":{"start":{"line":88,"column":73},"end":{"line":93,"column":5}},"line":88},"4":{"name":"(anonymous_4)","decl":{"start":{"line":95,"column":37},"end":{"line":95,"column":38}},"loc":{"start":{"line":95,"column":45},"end":{"line":95,"column":77}},"line":95},"5":{"name":"(anonymous_5)","decl":{"start":{"line":110,"column":18},"end":{"line":110,"column":19}},"loc":{"start":{"line":110,"column":59},"end":{"line":122,"column":1}},"line":110},"6":{"name":"(anonymous_6)","decl":{"start":{"line":113,"column":49},"end":{"line":113,"column":50}},"loc":{"start":{"line":113,"column":57},"end":{"line":113,"column":85}},"line":113},"7":{"name":"(anonymous_7)","decl":{"start":{"line":116,"column":39},"end":{"line":116,"column":40}},"loc":{"start":{"line":116,"column":46},"end":{"line":116,"column":51}},"line":116},"8":{"name":"(anonymous_8)","decl":{"start":{"line":117,"column":38},"end":{"line":117,"column":39}},"loc":{"start":{"line":117,"column":45},"end":{"line":117,"column":50}},"line":117},"9":{"name":"(anonymous_9)","decl":{"start":{"line":118,"column":40},"end":{"line":118,"column":41}},"loc":{"start":{"line":118,"column":47},"end":{"line":118,"column":64}},"line":118},"10":{"name":"(anonymous_10)","decl":{"s
[...]
164,"column":44}},"line":164},"16":{"name":"(anonymous_16)","decl":{"start":{"line":167,"column":21},"end":{"line":167,"column":22}},"loc":{"start":{"line":167,"column":47},"end":{"line":179,"column":1}},"line":167},"17":{"name":"(anonymous_17)","decl":{"start":{"line":186,"column":24},"end":{"line":186,"column":25}},"loc":{"start":{"line":186,"column":43},"end":{"line":339,"column":1}},"line":186},"18":{"name":"(anonymous_18)","decl":{"start":{"line":193,"column":14},"end":{"line":193,"column":15}},"loc":{"start":{"line":193,"column":20},"end":{"line":214,"column":5}},"line":193},"19":{"name":"(anonymous_19)","decl":{"start":{"line":198,"column":18},"end":{"line":198,"column":19}},"loc":{"start":{"line":198,"column":28},"end":{"line":201,"column":13}},"line":198},"20":{"name":"(anonymous_20)","decl":{"start":{"line":202,"column":19},"end":{"line":202,"column":20}},"loc":{"start":{"line":202,"column":26},"end":{"line":206,"column":13}},"line":202},"21":{"name":"(anonymous_21)","decl":{"start":{"line":207,"column":21},"end":{"line":207,"column":22}},"loc":{"start":{"line":207,"column":27},"end":{"line":211,"column":13}},"line":207},"22":{"name":"(anonymous_22)","decl":{"start":{"line":213,"column":15},"end":{"line":213,"column":16}},"loc":{"start":{"line":213,"column":21},"end":{"line":213,"column":39}},"line":213},"23":{"name":"(anonymous_23)","decl":{"start":{"line":219,"column":28},"end":{"line":219,"column":29}},"loc":{"start":{"line":219,"column":49},"end":{"line":229,"column":5}},"line":219},"24":{"name":"(anonymous_24)","decl":{"start":{"line":223,"column":24},"end":{"line":223,"column":25}},"loc":{"start":{"line":223,"column":36},"end":{"line":223,"column":48}},"line":223},"25":{"name":"(anonymous_25)","decl":{"start":{"line":231,"column":36},"end":{"line":231,"column":37}},"loc":{"start":{"line":231,"column":51},"end":{"line":233,"column":5}},"line":231},"26":{"name":"(anonymous_26)","decl":{"start":{"line":232,"column":8},"end":{"line":232,"column":9}},"loc":{"start":{"line":232,"column":14},"end":{"line":232,"column":93}},"line":232},"27":{"name":"(anonymous_27)","decl":{"start":{"line":232,"column":68},"end":{"line":232,"column":69}},"loc":{"start":{"line":232,"column":79},"end":{"line":232,"column":92}},"line":232},"28":{"name":"(anonymous_28)","decl":{"start":{"line":235,"column":35},"end":{"line":235,"column":36}},"loc":{"start":{"line":235,"column":50},"end":{"line":237,"column":5}},"line":235},"29":{"name":"(anonymous_29)","decl":{"start":{"line":236,"column":8},"end":{"line":236,"column":9}},"loc":{"start":{"line":236,"column":14},"end":{"line":236,"column":91}},"line":236},"30":{"name":"(anonymous_30)","decl":{"start":{"line":236,"column":67},"end":{"line":236,"column":68}},"loc":{"start":{"line":236,"column":78},"end":{"line":236,"column":90}},"line":236},"31":{"name":"(anonymous_31)","decl":{"start":{"line":239,"column":36},"end":{"line":239,"column":37}},"loc":{"start":{"line":239,"column":58},"end":{"line":242,"column":5}},"line":239},"32":{"name":"(anonymous_32)","decl":{"start":{"line":240,"column":8},"end":{"line":240,"column":9}},"loc":{"start":{"line":240,"column":14},"end":{"line":241,"column":43}},"line":240},"33":{"name":"(anonymous_33)","decl":{"start":{"line":241,"column":18},"end":{"line":241,"column":19}},"loc":{"start":{"line":241,"column":29},"end":{"line":241,"column":42}},"line":241},"34":{"name":"(anonymous_34)","decl":{"start":{"line":244,"column":35},"end":{"line":244,"column":36}},"loc":{"start":{"line":244,"column":63},"end":{"line":247,"column":5}},"line":244},"35":{"name":"(anonymous_35)","decl":{"start":{"line":245,"column":8},"end":{"line":245,"column":9}},"loc":{"start":{"line":245,"column":14},"end":{"line":246,"column":42}},"line":245},"36":{"name":"(anonymous_36)","decl":{"start":{"line":246,"column":18},"end":{"line":246,"column":19}},"loc":{"start":{"line":246,"column":29},"end":{"line":246,"column":41}},"line":246},"37":{"name":"(anonymous_37)","decl":{"start":{"line":249,"column":35},"end":{"line":249,"column":36}},"loc":{"start":{"line":249,"column":56},"end":{"line":252,"column":5}},"line":249},"38":{"name":"(anonymous_38)","decl":{"start":{"line":250,"column":8},"end":{"line":250,"column":9}},"loc":{"start":{"line":250,"column":14},"end":{"line":251,"column":42}},"line":250},"39":{"name":"(anonymous_39)","decl":{"start":{"line":251,"column":18},"end":{"line":251,"column":19}},"loc":{"start":{"line":251,"column":29},"end":{"line":251,"column":41}},"line":251},"40":{"name":"(anonymous_40)","decl":{"start":{"line":254,"column":36},"end":{"line":254,"column":37}},"loc":{"start":{"line":254,"column":49},"end":{"line":256,"column":5}},"line":254},"41":{"name":"(anonymous_41)","decl":{"start":{"line":255,"column":8},"end":{"line":255,"column":9}},"loc":{"start":{"line":255,"column":14},"end":{"line":255,"column":84}},"line":255},"42":{"name":"(anonymous_42)","decl":{"start":{"line":255,"column":73},"end":{"line":255,"column":74}},"loc":{"start":{"line":255,"column":79},"end":{"line":255,"column":83}},"line":255},"43":{"name":"(anonymous_43)","decl":{"start":{"line":258,"column":35},"end":{"line":258,"column":36}},"loc":{"start":{"line":258,"column":54},"end":{"line":260,"column":5}},"line":258},"44":{"name":"(anonymous_44)","decl":{"start":{"line":259,"column":8},"end":{"line":259,"column":9}},"loc":{"start":{"line":259,"column":14},"end":{"line":259,"column":89}},"line":259},"45":{"name":"(anonymous_45)","decl":{"start":{"line":259,"column":78},"end":{"line":259,"column":79}},"loc":{"start":{"line":259,"column":84},"end":{"line":259,"column":88}},"line":259},"46":{"name":"(anonymous_46)","decl":{"start":{"line":262,"column":35},"end":{"line":262,"column":36}},"loc":{"start":{"line":262,"column":47},"end":{"line":264,"column":5}},"line":262},"47":{"name":"(anonymous_47)","decl":{"start":{"line":263,"column":8},"end":{"line":263,"column":9}},"loc":{"start":{"line":263,"column":14},"end":{"line":263,"column":82}},"line":263},"48":{"name":"(anonymous_48)","decl":{"start":{"line":263,"column":71},"end":{"line":263,"column":72}},"loc":{"start":{"line":263,"column":77},"end":{"line":263,"column":81}},"line":263},"49":{"name":"(anonymous_49)","decl":{"start":{"line":283,"column":34},"end":{"line":283,"column":35}},"loc":{"start":{"line":283,"column":51},"end":{"line":316,"column":5}},"line":283},"50":{"name":"(anonymous_50)","decl":{"start":{"line":311,"column":24},"end":{"line":311,"column":25}},"loc":{"start":{"line":311,"column":36},"end":{"line":311,"column":48}},"line":311},"51":{"name":"(anonymous_51)","decl":{"start":{"line":318,"column":43},"end":{"line":318,"column":44}},"loc":{"start":{"line":318,"column":49},"end":{"line":318,"column":67}},"line":318}},"branchMap":{"0":{"loc":{"start":{"line":62,"column":4},"end":{"line":62,"column":87}},"type":"binary-expr","locations":[{"start":{"line":62,"column":4},"end":{"line":62,"column":17}},{"start":{"line":62,"column":21},"end":{"line":62,"column":54}},{"start":{"line":62,"column":58},"end":{"line":62,"column":87}}],"line":62},"1":{"loc":{"start":{"line":81,"column":4},"end":{"line":81,"column":88}},"type":"if","locations":[{"start":{"line":81,"column":4},"end":{"line":81,"column":88}},{"start":{},"end":{}}],"line":81},"2":{"loc":{"start":{"line":81,"column":8},"end":{"line":81,"column":51}},"type":"binary-expr","locations":[{"start":{"line":81,"column":8},"end":{"line":81,"column":29}},{"start":{"line":81,"column":33},"end":{"line":81,"column":51}}],"line":81},"3":{"loc":{"start":{"line":86,"column":8},"end":{"line":86,"column":96}},"type":"if","locations":[{"start":{"line":86,"column":8},"end":{"line":86,"column":96}},{"start":{},"end":{}}],"line":86},"4":{"loc":{"start":{"line":86,"column":12},"end":{"line":86,"column":53}},"type":"binary-expr","locations":[{"start":{"line":86,"column":12},"end":{"line":86,"column":32}},{"start":{"line":86,"column":36},"end":{"line":86,"column":53}}],"line":86},"5":{"loc":{"start":{"line":89,"column":8},"end":{"line":89,"column":89}},"type":"if","locations":[{"start":{"line":89,"column":8},"end":{"line":89,"column":89}},{"start":{},"end":{}}],"line":89},"6":{"loc":{"start":{"line":89,"column":12},"end":{"line":89,"column":46}},"type":"binary-expr","locations":[{"start":{"line":89,"column":12},"end":{"line":89,"column":28}},{"start":{"line":89,"column":32},"end":{"line":89,"column":46}}],"line":89},"7":{"loc":{"start":{"line":92,"column":8},"end":{"line":92,"column":62}},"type":"if","locations":[{"start":{"line":92,"column":8},"end":{"line":92,"column":62}},{"start":{},"end":{}}],"line":92},"8":{"loc":{"start":{"line":93,"column":8},"end":{"line":93,"column":94}},"type":"if","locations":[{"start":{"line":93,"column":8},"end":{"line":93,"column":94}},{"start":{},"end":{}}],"line":93},"9":{"loc":{"start":{"line":98,"column":24},"end":{"line":100,"column":102}},"type":"cond-expr","locations":[{"start":{"line":99,"column":14},"end":{"line":99,"column":91}},{"start":{"line":100,"column":14},"end":{"line":100,"column":102}}],"line":98},"10":{"loc":{"start":{"line":110,"column":17},"end":{"line":110,"column":48}},"type":"binary-expr","locations":[{"start":{"line":110,"column":17},"end":{"line":110,"column":42}},{"start":{"line":110,"column":46},"end":{"line":110,"column":48}}],"line":110},"11":{"loc":{"start":{"line":113,"column":15},"end":{"line":113,"column":31}},"type":"binary-expr","locations":[{"start":{"line":113,"column":15},"end":{"line":113,"column":25}},{"start":{"line":113,"column":29},"end":{"line":113,"column":31}}],"line":113},"12":{"loc":{"start":{"line":114,"column":14},"end":{"line":114,"column":39}},"type":"binary-expr","locations":[{"start":{"line":114,"column":14},"end":{"line":114,"column":33}},{"start":{"line":114,"column":37},"end":{"line":114,"column":39}}],"line":114},"13":{"loc":{"start":{"line":125,"column":4},"end":{"line":125,"column":41}},"type":"if","locations":[{"start":{"line":125,"column":4},"end":{"line":125,"column":41}},{"start":{},"end":{}}],"line":125},"14":{"loc":{"start":{"line":138,"column":19},"end":{"line":138,"column":54}},"type":"cond-expr","locations":[{"start":{"line":138,"column":27},"end":{"line":138,"column":39}},{"start":{"line":138,"column":42},"end":{"line":138,"column":54}}],"line":138},"15":{"loc":{"start":{"line":146,"column":11},"end":{"line":148,"column":88}},"type":"cond-expr","locations":[{"start":{"line":147,"column":10},"end":{"line":147,"column":55}},{"start":{"line":148,"column":10},"end":{"line":148,"column":88}}],"line":146},"16":{"loc":{"start":{"line":152,"column":4},"end":{"line":152,"column":35}},"type":"if","locations":[{"start":{"line":152,"column":4},"end":{"line":152,"column":35}},{"start":{},"end":{}}],"line":152},"17":{"loc":{"start":{"line":155,"column":17},"end":{"line":155,"column":59}},"type":"binary-expr","locations":[{"start":{"line":155,"column":18},"end":{"line":155,"column":30}},{"start":{"line":155,"column":34},"end":{"line":155,"column":52}},{"start":{"line":155,"column":57},"end":{"line":155,"column":59}}],"line":155},"18":{"loc":{"start":{"line":175,"column":16},"end":{"line":175,"column":42}},"type":"binary-expr","locations":[{"start":{"line":175,"column":16},"end":{"line":175,"column":36}},{"start":{"line":175,"column":40},"end":{"line":175,"column":42}}],"line":175},"19":{"loc":{"start":{"line":176,"column":15},"end":{"line":176,"column":39}},"type":"binary-expr","locations":[{"start":{"line":176,"column":15},"end":{"line":176,"column":33}},{"start":{"line":176,"column":37},"end":{"line":176,"column":39}}],"line":176},"20":{"loc":{"start":{"line":186,"column":25},"end":{"line":186,"column":38}},"type":"default-arg","locations":[{"start":{"line":186,"column":34},"end":{"line":186,"column":38}}],"line":186},"21":{"loc":{"start":{"line":203,"column":16},"end":{"line":203,"column":54}},"type":"if","locations":[{"start":{"line":203,"column":16},"end":{"line":203,"column":54}},{"start":{},"end":{}}],"line":203},"22":{"loc":{"start":{"line":208,"column":16},"end":{"line":210,"column":17}},"type":"if","locations":[{"start":{"line":208,"column":16},"end":{"line":210,"column":17}},{"start":{},"end":{}}],"line":208},"23":{"loc":{"start":{"line":231,"column":37},"end":{"line":231,"column":46}},"type":"default-arg","locations":[{"start":{"line":231,"column":44},"end":{"line":231,"column":46}}],"line":231},"24":{"loc":{"start":{"line":235,"column":36},"end":{"line":235,"column":45}},"type":"default-arg","locations":[{"start":{"line":235,"column":43},"end":{"line":235,"column":45}}],"line":235},"25":{"loc":{"start":{"line":285,"column":8},"end":{"line":288,"column":9}},"type":"if","locations":[{"start":{"line":285,"column":8},"end":{"line":288,"column":9}},{"start":{},"end":{}}],"line":285},"26":{"loc":{"start":{"line":300,"column":16},"end":{"line":302,"column":17}},"type":"if","locations":[{"start":{"line":300,"column":16},"end":{"line":302,"column":17}},{"start":{},"end":{}}],"line":300},"27":{"loc":{"start":{"line":310,"column":8},"end":{"line":312,"column":9}},"type":"if","locations":[{"start":{"line":310,"column":8},"end":{"line":312,"column":9}},{"start":{},"end":{}}],"line":310},"28":{"loc":{"start":{"line":313,"column":23},"end":{"line":313,"column":36}},"type":"binary-expr","locations":[{"start":{"line":313,"column":23},"end":{"line":313,"column":30}},{"start":{"line":313,"column":34},"end":{"line":313,"column":36}}],"line":313},"29":{"loc":{"start":{"line":315,"column":15},"end":{"line":315,"column":48}},"type":"cond-expr","locations":[{"start":{"line":315,"column":34},"end":{"line":315,"column":41}},{"start":{"line":315,"column":44},"end":{"line":315,"column":48}}],"line":315}},"s":{"0":1,"1":1,"2":1,"3":0,"4":0,"5":0,"6":0,"7":1,"8":0,"9":1,"10":0,"11":1,"12":0,"13":0,"14":0,"15":0,"16":0,"17":0,"18":0,"19":0,"20":0,"21":0,"22":0,"23":0,"24":0,"25":0,"26":0,"27":0,"28":0,"29":0,"30":1,"31":0,"32":0,"33":0,"34":0,"35":1,"36":0,"37":0,"38":0,"39":0,"40":0,"41":0,"42":1,"43":0,"44":1,"45":0,"46":0,"47":1,"48":3,"49":3,"50":0,"51":0,"52":0,"53":0,"54":0,"55":0,"56":1,"57":3,"58":3,"59":1,"60":1,"61":10,"62":10,"63":10,"64":10,"65":10,"66":10,"67":3,"68":3,"69":3,"70":3,"71":3,"72":0,"73":0,"74":0,"75":0,"76":3,"77":3,"78":3,"79":3,"80":10,"81":2,"82":2,"83":1,"84":1,"85":1,"86":1,"87":1,"88":1,"89":10,"90":2,"91":2,"92":1,"93":10,"94":0,"95":0,"96":0,"97":10,"98":0,"99":0,"100":0,"101":10,"102":0,"103":0,"104":0,"105":10,"106":0,"107":0,"108":0,"109":10,"110":0,"111":0,"112":0,"113":10,"114":0,"115":0,"116":0,"117":10,"118":0,"119":0,"120":0,"121":10,"122":0,"123":0,"124":0,"125":0,"126":0,"127":0,"128":0,"129":0,"130":0,"131":0,"132":0,"133":0,"134":0,"135":0,"136":0,"137":0,"138":0,"139":0,"140":0,"141":0,"142":0,"143":0,"144":0,"145":10,"146":0,"147":10},"f":{"0":0,"1":0,"2":0,"3":0,"4":0,"5":0,"6":0,"7":0,"8":0,"9":0,"10":0,"11":0,"12":0,"13":3,"14":0,"15":0,"16":3,"17":10,"18":3,"19":3,"20":0,"21":3,"22":3,"23":2,"24":1,"25":2,"26":2,"27":1,"28":0,"29":0,"30":0,"31":0,"32":0,"33":0,"34":0,"35":0,"36":0,"37":0,"38":0,"39":0,"40":0,"41":0,"42":0,"43":0,"44":0,"45":0,"46":0,"47":0,"48":0,"49":0,"50":0,"51":0},"b":{"0":[0,0,0],"1":[0,0],"2":[0,0],"3":[0,0],"4":[0,0],"5":[0,0],"6":[0,0],"7":[0,0],"8":[0,0],"9":[0,0],"10":[0,0],"11":[0,0],"12":[0,0],"13":[0,0],"14":[0,0],"15":[0,0],"16":[3,0],"17":[0,0,0],"18":[3,0],"19":[3,0],"20":[0],"21":[0,0],"22":[3,0],"23":[0],"24":[0],"25":[0,0],"26":[0,0],"27":[0,0],"28":[0,0],"29":[0,0]},"_coverageSchema":"1a1c01bbd47fc00a2c39e90264f33305004495a9","hash":"56e455acd3d29c2531b67e548a3a9a7ae44a9d08"}
,"/Users/justin/ComputerScience/BibleApp/src/client/src/components/Thoughts/useThoughtsView.js": {"path":"/Users/justin/ComputerScience/BibleApp/src/client/src/components/Thoughts/useThoughtsView.js","statementMap":{"0":{"start":{"line":48,"column":27},"end":{"line":53,"column":1}},"1":{"start":{"line":49,"column":4},"end":{"line":49,"column":67}},"2":{"start":{"line":49,"column":55},"end":{"line":49,"column":67}},"3":{"start":{"line":51,"column":19},"end":{"line":51,"column":30}},"4":{"start":{"line":52,"column":4},"end":{"line":52,"column":39}},"5":{"start":{"line":56,"column":32},"end":{"line":56,"column":91}},"6":{"start":{"line":56,"column":50},"end":{"line":56,"column":91}},"7":{"start":{"line":58,"column":24},"end":{"line":94,"column":1}},"8":{"start":{"line":59,"column":44},"end":{"line":59,"column":61}},"9":{"start":{"line":61,"column":19},"end":{"line":61,"column":49}},"10":{"start":{"line":67,"column":21},"end":{"line":81,"column":25}},"11":{"start":{"line":68,"column":23},"end":{"line":68,"column":46}},"12":{"start":{"line":70,"column":8},"end":{"line":80,"column":11}},"13":{"start":{"line":71,"column":25},"end":{"line":71,"column":54}},"14":{"start":{"line":73,"column":12},"end":{"line":77,"column":13}},"15":{"start":{"line":74,"column":16},"end":{"line":74,"column":40}},"16":{"start":{"line":76,"column":16},"end":{"line":76,"column":53}},"17":{"start":{"line":79,"column":12},"end":{"line":79,"column":24}},"18":{"start":{"line":85,"column":22},"end":{"line":91,"column":25}},"19":{"start":{"line":86,"column":8},"end":{"line":90,"column":11}},"20":{"start":{"line":87,"column":25},"end":{"line":87,"column":54}},"21":{"start":{"line":88,"column":12},"end":{"line":88,"column":36}},"22":{"start":{"line":89,"column":12},"end":{"line":89,"column":24}},"23":{"start":{"line":93,"column":4},"end":{"line":93,"column":43}}},"fnMap":{"0":{"name":"(anonymous_0)","decl":{"start":{"line":48,"column":27},"end":{"line":48,"column":28}},"loc":{"start":{"line":48,"column":36},"end":{"line":53,"column":1}},"line":48},"1":{"name":"(anonymous_1)","decl":{"start":{"line":56,"column":32},"end":{"line":56,"column":33}},"loc":{"start":{"line":56,"column":50},"end":{"line":56,"column":91}},"line":56},"2":{"name":"(anonymous_2)","decl":{"start":{"line":58,"column":24},"end":{"line":58,"column":25}},"loc":{"start":{"line":58,"column":30},"end":{"line":94,"column":1}},"line":58},"3":{"name":"(anonymous_3)","decl":{"start":{"line":67,"column":33},"end":{"line":67,"column":34}},"loc":{"start":{"line":67,"column":41},"end":{"line":81,"column":5}},"line":67},"4":{"name":"(anonymous_4)","decl":{"start":{"line":70,"column":24},"end":{"line":70,"column":25}},"loc":{"start":{"line":70,"column":36},"end":{"line":80,"column":9}},"line":70},"5":{"name":"(anonymous_5)","decl":{"start":{"line":85,"column":34},"end":{"line":85,"column":35}},"loc":{"start":{"line":85,"column":40},"end":{"line":91,"column":5}},"line":85},"6":{"name":"(anonymous_6)","decl":{"start":{"line":86,"column":24},"end":{"line":86,"column":25}},"loc":{"start":{"line":86,"column":36},"end":{"line":90,"column":9}},"line":86}},"branchMap":{"0":{"loc":{"start":{"line":49,"column":4},"end":{"line":49,"column":67}},"type":"if","locations":[{"start":{"line":49,"column":4},"end":{"line":49,"column":67}},{"start":{},"end":{}}],"line":49},"1":{"loc":{"start":{"line":49,"column":8},"end":{"line":49,"column":53}},"type":"binary-expr","locations":[{"start":{"line":49,"column":8},"end":{"line":49,"column":31}},{"start":{"line":49,"column":35},"end":{"line":49,"column":53}}],"line":49},"2":{"loc":{"start":{"line":52,"column":11},"end":{"line":52,"column":38}},"type":"cond-expr","locations":[{"start":{"line":52,"column":25},"end":{"line":52,"column":31}},{"start":{"line":52,"column":34},"end":{"line":52,"column":38}}],"line":52},"3":{"loc":{"start":{"line":73,"column":12},"end":{"line":77,"column":13}},"type":"if","locations":[{"start":{"line":73,"column":12},"end":{"line":77,"column":13}},{"start":{"line":75,"column":19},"end":{"line":77,"column":13}}],"line":73}},"s":{"0":3,"1":38,"2":32,"3":6,"4":6,"5":3,"6":18,"7":3,"8":12,"9":12,"10":12,"11":1,"12":1,"13":1,"14":1,"15":0,"16":1,"17":1,"18":12,"19":0,"20":0,"21":0,"22":0,"23":12},"f":{"0":38,"1":18,"2":12,"3":1,"4":1,"5":0,"6":0},"b":{"0":[32,6],"1":[38,20],"2":[5,1],"3":[0,1]},"_coverageSchema":"1a1c01bbd47fc00a2c39e90264f33305004495a9","hash":"b580482cc9ac9f1ff8c6305ffed56e075d968190"}
}
