TN:
SF:src/components/Thoughts/BubbleCard.js
FN:51,(anonymous_0)
FN:81,(anonymous_1)
FN:149,(anonymous_2)
FN:150,(anonymous_3)
FN:151,(anonymous_4)
FN:152,(anonymous_5)
FNF:6
FNH:3
FNDA:10,(anonymous_0)
FNDA:89,(anonymous_1)
FNDA:6,(anonymous_2)
FNDA:0,(anonymous_3)
FNDA:0,(anonymous_4)
FNDA:0,(anonymous_5)
DA:37,3
DA:42,3
DA:51,3
DA:52,10
DA:81,3
DA:97,89
DA:98,89
DA:100,89
DA:102,89
DA:114,89
DA:126,89
DA:145,89
DA:149,6
DA:150,0
DA:151,0
DA:153,0
LF:16
LH:13
BRDA:52,0,0,3
BRDA:52,0,1,7
BRDA:52,1,0,10
BRDA:52,1,1,0
BRDA:82,2,0,0
BRDA:83,3,0,0
BRDA:84,4,0,34
BRDA:85,5,0,78
BRDA:87,6,0,0
BRDA:88,7,0,54
BRDA:89,8,0,65
BRDA:90,9,0,0
BRDA:91,10,0,42
BRDA:92,11,0,1
BRDA:93,12,0,24
BRDA:94,13,0,35
BRDA:95,14,0,89
BRDA:100,15,0,89
BRDA:100,15,1,88
BRDA:100,15,2,81
BRDA:100,15,3,81
BRDA:105,16,0,15
BRDA:105,16,1,74
BRDA:106,17,0,4
BRDA:106,17,1,85
BRDA:107,18,0,3
BRDA:107,18,1,86
BRDA:128,19,0,89
BRDA:128,19,1,78
BRDA:128,20,0,55
BRDA:128,20,1,23
BRDA:153,21,0,0
BRDA:153,21,1,0
BRDA:156,22,0,47
BRDA:156,22,1,42
BRDA:167,23,0,89
BRDA:167,23,1,10
BRF:37
BRH:30
end_of_record
TN:
SF:src/components/Thoughts/ConfirmButton.js
FN:35,(anonymous_0)
FN:52,(anonymous_1)
FN:65,(anonymous_2)
FN:75,(anonymous_3)
FNF:4
FNH:4
FNDA:61,(anonymous_0)
FNDA:3,(anonymous_1)
FNDA:2,(anonymous_2)
FNDA:1,(anonymous_3)
DA:35,2
DA:44,61
DA:46,61
DA:47,58
DA:52,3
DA:59,3
DA:66,2
DA:67,2
DA:75,1
LF:9
LH:9
BRDA:40,0,0,8
BRDA:41,1,0,53
BRDA:42,2,0,53
BRDA:46,3,0,58
BRDA:46,3,1,3
BRF:5
BRH:5
end_of_record
TN:
SF:src/components/Thoughts/CreateModal.js
FN:63,(anonymous_0)
FN:63,(anonymous_1)
FN:65,(anonymous_2)
FN:65,(anonymous_3)
FN:74,(anonymous_4)
FN:77,(anonymous_5)
FN:83,(anonymous_6)
FN:84,(anonymous_7)
FN:91,(anonymous_8)
FN:99,(anonymous_9)
FN:103,(anonymous_10)
FN:110,(anonymous_11)
FN:114,(anonymous_12)
FN:130,(anonymous_13)
FN:141,(anonymous_14)
FN:156,(anonymous_15)
FN:167,(anonymous_16)
FN:176,(anonymous_17)
FNF:18
FNH:18
FNDA:11,(anonymous_0)
FNDA:31,(anonymous_1)
FNDA:11,(anonymous_2)
FNDA:24,(anonymous_3)
FNDA:33,(anonymous_4)
FNDA:11,(anonymous_5)
FNDA:12,(anonymous_6)
FNDA:1,(anonymous_7)
FNDA:12,(anonymous_8)
FNDA:11,(anonymous_9)
FNDA:11,(anonymous_10)
FNDA:1,(anonymous_11)
FNDA:6,(anonymous_12)
FNDA:186,(anonymous_13)
FNDA:8,(anonymous_14)
FNDA:93,(anonymous_15)
FNDA:2,(anonymous_16)
FNDA:9,(anonymous_17)
DA:43,2
DA:63,31
DA:65,24
DA:74,2
DA:75,33
DA:77,33
DA:80,33
DA:81,33
DA:83,33
DA:84,12
DA:85,1
DA:86,1
DA:90,12
DA:91,12
DA:99,33
DA:100,11
DA:101,11
DA:103,11
DA:109,11
DA:110,1
DA:114,33
DA:115,6
DA:116,6
DA:118,6
DA:120,6
DA:125,6
DA:126,4
DA:130,186
DA:132,33
DA:141,8
DA:157,93
DA:167,2
DA:176,9
LF:33
LH:33
BRDA:65,0,0,11
BRDA:65,0,1,4
BRDA:85,1,0,1
BRDA:85,1,1,0
BRDA:101,2,0,11
BRDA:101,2,1,7
BRDA:106,3,0,6
BRDA:106,3,1,5
BRDA:109,4,0,1
BRDA:109,4,1,10
BRDA:109,5,0,11
BRDA:109,5,1,1
BRDA:125,6,0,4
BRDA:125,6,1,2
BRDA:161,7,0,33
BRDA:161,7,1,60
BRF:16
BRH:15
end_of_record
TN:
SF:src/components/Thoughts/IdeaOrbit.js
FN:112,(anonymous_0)
FN:131,(anonymous_1)
FN:138,(anonymous_2)
FN:145,(anonymous_3)
FN:148,(anonymous_4)
FN:149,(anonymous_5)
FN:156,(anonymous_6)
FN:161,(anonymous_7)
FN:166,(anonymous_8)
FN:181,(anonymous_9)
FN:193,(anonymous_10)
FN:212,(anonymous_11)
FN:240,(anonymous_12)
FN:243,(anonymous_13)
FN:244,(anonymous_14)
FNF:15
FNH:14
FNDA:11,(anonymous_0)
FNDA:31,(anonymous_1)
FNDA:16,(anonymous_2)
FNDA:23,(anonymous_3)
FNDA:1,(anonymous_4)
FNDA:1,(anonymous_5)
FNDA:11,(anonymous_6)
FNDA:9,(anonymous_7)
FNDA:9,(anonymous_8)
FNDA:1,(anonymous_9)
FNDA:31,(anonymous_10)
FNDA:1,(anonymous_11)
FNDA:31,(anonymous_12)
FNDA:6,(anonymous_13)
FNDA:0,(anonymous_14)
DA:70,2
DA:74,2
DA:88,2
DA:90,2
DA:99,2
DA:105,2
DA:107,2
DA:109,2
DA:112,2
DA:113,11
DA:114,11
DA:116,11
DA:131,2
DA:132,31
DA:138,31
DA:139,16
DA:145,31
DA:146,23
DA:148,1
DA:149,1
DA:152,31
DA:156,2
DA:157,11
DA:158,11
DA:160,11
DA:161,11
DA:166,11
DA:168,11
DA:169,11
DA:170,11
DA:172,11
DA:181,1
DA:194,31
DA:195,31
DA:197,31
DA:199,31
DA:212,1
DA:240,2
DA:243,6
DA:246,31
DA:248,31
DA:250,10
LF:42
LH:42
BRDA:139,0,0,9
BRDA:139,0,1,7
BRDA:146,1,0,22
BRDA:146,1,1,1
BRDA:146,2,0,23
BRDA:146,2,1,5
BRDA:152,3,0,31
BRDA:152,3,1,13
BRDA:170,4,0,11
BRDA:170,4,1,0
BRDA:173,5,0,2
BRDA:173,5,1,9
BRDA:183,6,0,11
BRDA:183,6,1,0
BRDA:195,7,0,0
BRDA:195,7,1,31
BRDA:197,8,0,31
BRDA:197,8,1,1
BRDA:222,9,0,11
BRDA:222,9,1,1
BRDA:241,10,0,0
BRDA:242,11,0,0
BRDA:243,12,0,3
BRDA:244,13,0,3
BRDA:248,14,0,21
BRDA:248,14,1,10
BRF:26
BRH:21
end_of_record
TN:
SF:src/components/Thoughts/PinnedItem.js
FN:59,(anonymous_0)
FN:67,(anonymous_1)
FN:75,(anonymous_2)
FN:84,(anonymous_3)
FN:89,(anonymous_4)
FN:90,(anonymous_5)
FN:96,(anonymous_6)
FN:98,(anonymous_7)
FN:99,(anonymous_8)
FN:103,(anonymous_9)
FN:110,(anonymous_10)
FN:116,(anonymous_11)
FN:120,(anonymous_12)
FN:125,(anonymous_13)
FN:131,(anonymous_14)
FN:144,(anonymous_15)
FN:149,(anonymous_16)
FN:155,(anonymous_17)
FN:157,(anonymous_18)
FN:193,(anonymous_19)
FN:204,(anonymous_20)
FN:212,(anonymous_21)
FN:238,(anonymous_22)
FN:255,(anonymous_23)
FN:268,(anonymous_24)
FN:280,(anonymous_25)
FN:295,(anonymous_26)
FN:296,(anonymous_27)
FN:297,(anonymous_28)
FN:298,(anonymous_29)
FN:320,(anonymous_30)
FN:321,(anonymous_31)
FN:336,(anonymous_32)
FNF:33
FNH:26
FNDA:4,(anonymous_0)
FNDA:0,(anonymous_1)
FNDA:0,(anonymous_2)
FNDA:49,(anonymous_3)
FNDA:4,(anonymous_4)
FNDA:8,(anonymous_5)
FNDA:1,(anonymous_6)
FNDA:2,(anonymous_7)
FNDA:2,(anonymous_8)
FNDA:18,(anonymous_9)
FNDA:4,(anonymous_10)
FNDA:4,(anonymous_11)
FNDA:0,(anonymous_12)
FNDA:4,(anonymous_13)
FNDA:4,(anonymous_14)
FNDA:18,(anonymous_15)
FNDA:8,(anonymous_16)
FNDA:24,(anonymous_17)
FNDA:1,(anonymous_18)
FNDA:12,(anonymous_19)
FNDA:0,(anonymous_20)
FNDA:2,(anonymous_21)
FNDA:1,(anonymous_22)
FNDA:118,(anonymous_23)
FNDA:49,(anonymous_24)
FNDA:5,(anonymous_25)
FNDA:4,(anonymous_26)
FNDA:0,(anonymous_27)
FNDA:0,(anonymous_28)
FNDA:0,(anonymous_29)
FNDA:9,(anonymous_30)
FNDA:9,(anonymous_31)
FNDA:4,(anonymous_32)
DA:38,2
DA:42,2
DA:44,2
DA:49,2
DA:57,2
DA:59,4
DA:67,0
DA:75,0
DA:84,49
DA:89,4
DA:90,8
DA:96,2
DA:98,2
DA:99,2
DA:103,2
DA:104,18
DA:105,18
DA:106,18
DA:108,18
DA:110,18
DA:111,4
DA:112,4
DA:113,4
DA:115,4
DA:117,4
DA:118,4
DA:121,0
DA:122,0
DA:123,0
DA:126,4
DA:127,4
DA:131,4
DA:134,18
DA:144,2
DA:145,18
DA:146,18
DA:147,18
DA:149,18
DA:150,8
DA:155,24
DA:157,18
DA:158,1
DA:160,1
DA:163,1
DA:164,0
DA:165,0
DA:168,1
DA:169,1
DA:170,1
DA:174,18
DA:175,12
DA:178,6
DA:179,0
DA:191,6
DA:194,12
DA:204,0
DA:212,2
DA:238,1
DA:255,2
DA:265,118
DA:266,118
DA:268,118
DA:269,118
DA:271,118
DA:280,118
DA:281,5
DA:283,1
DA:284,1
DA:286,1
DA:289,118
DA:295,4
DA:296,0
DA:297,0
DA:299,0
DA:320,9
DA:321,9
DA:337,4
DA:338,4
LF:78
LH:66
BRDA:84,0,0,49
BRDA:84,0,1,0
BRDA:90,1,0,8
BRDA:90,1,1,0
BRDA:99,2,0,2
BRDA:99,2,1,0
BRDA:117,3,0,4
BRDA:117,3,1,0
BRDA:121,4,0,0
BRDA:121,4,1,0
BRDA:126,5,0,4
BRDA:126,5,1,0
BRDA:150,6,0,4
BRDA:150,6,1,4
BRDA:163,7,0,0
BRDA:163,7,1,1
BRDA:169,8,0,1
BRDA:169,8,1,0
BRDA:174,9,0,12
BRDA:174,9,1,6
BRDA:174,10,0,18
BRDA:174,10,1,14
BRDA:174,10,2,8
BRDA:178,11,0,0
BRDA:178,11,1,6
BRDA:198,12,0,6
BRDA:198,12,1,6
BRDA:257,13,0,0
BRDA:258,14,0,0
BRDA:269,15,0,118
BRDA:269,15,1,114
BRDA:269,15,2,107
BRDA:274,16,0,13
BRDA:274,16,1,105
BRDA:275,17,0,4
BRDA:275,17,1,114
BRDA:281,18,0,4
BRDA:281,18,1,1
BRDA:284,19,0,0
BRDA:284,19,1,1
BRDA:284,20,0,1
BRDA:284,20,1,1
BRDA:299,21,0,0
BRDA:299,21,1,0
BRDA:302,22,0,4
BRDA:302,22,1,114
BRDA:330,23,0,114
BRDA:330,23,1,7
BRF:48
BRH:33
end_of_record
TN:
SF:src/components/Thoughts/PinnedPanel.js
FN:47,(anonymous_0)
FN:49,(anonymous_1)
FN:54,(anonymous_2)
FN:65,(anonymous_3)
FN:81,(anonymous_4)
FN:83,(anonymous_5)
FN:85,(anonymous_6)
FN:86,(anonymous_7)
FN:90,(anonymous_8)
FN:95,(anonymous_9)
FN:101,(anonymous_10)
FN:109,(anonymous_11)
FN:120,(anonymous_12)
FN:151,(anonymous_13)
FN:206,(anonymous_14)
FN:213,(anonymous_15)
FN:214,(anonymous_16)
FN:216,(anonymous_17)
FNF:18
FNH:17
FNDA:473,(anonymous_0)
FNDA:10,(anonymous_1)
FNDA:4,(anonymous_2)
FNDA:51,(anonymous_3)
FNDA:117,(anonymous_4)
FNDA:10,(anonymous_5)
FNDA:10,(anonymous_6)
FNDA:0,(anonymous_7)
FNDA:4,(anonymous_8)
FNDA:1,(anonymous_9)
FNDA:2,(anonymous_10)
FNDA:1,(anonymous_11)
FNDA:1,(anonymous_12)
FNDA:1,(anonymous_13)
FNDA:114,(anonymous_14)
FNDA:4,(anonymous_15)
FNDA:2,(anonymous_16)
FNDA:1,(anonymous_17)
DA:35,2
DA:37,2
DA:39,2
DA:44,2
DA:45,2
DA:47,473
DA:49,10
DA:54,4
DA:65,2
DA:74,51
DA:75,51
DA:76,51
DA:81,117
DA:83,51
DA:84,10
DA:85,10
DA:86,0
DA:90,51
DA:93,51
DA:95,51
DA:96,1
DA:97,1
DA:101,51
DA:102,2
DA:103,1
DA:109,51
DA:110,1
DA:111,1
DA:112,1
DA:115,51
DA:116,1
DA:120,1
DA:133,50
DA:151,1
DA:207,114
DA:213,4
DA:214,2
DA:217,1
DA:218,1
LF:39
LH:38
BRDA:54,0,0,4
BRDA:54,0,1,4
BRDA:67,1,0,41
BRDA:85,2,0,0
BRDA:85,2,1,10
BRDA:96,3,0,1
BRDA:96,3,1,0
BRDA:102,4,0,1
BRDA:102,4,1,1
BRDA:115,5,0,1
BRDA:115,5,1,50
BRDA:162,6,0,50
BRDA:162,6,1,10
BRDA:195,7,0,10
BRDA:195,7,1,8
BRDA:200,8,0,50
BRDA:200,8,1,2
BRDA:202,9,0,50
BRDA:202,9,1,48
BRDA:202,9,2,8
BRDA:217,10,0,1
BRDA:217,10,1,0
BRF:22
BRH:19
end_of_record
TN:
SF:src/components/Thoughts/Thoughts.js
FN:78,(anonymous_0)
FN:79,(anonymous_1)
FN:82,(anonymous_2)
FN:121,(anonymous_3)
FN:128,(anonymous_4)
FN:139,(anonymous_5)
FN:150,(anonymous_6)
FN:172,(anonymous_7)
FN:173,(anonymous_8)
FN:180,(anonymous_9)
FNF:10
FNH:5
FNDA:1,(anonymous_0)
FNDA:0,(anonymous_1)
FNDA:10,(anonymous_2)
FNDA:0,(anonymous_3)
FNDA:2,(anonymous_4)
FNDA:0,(anonymous_5)
FNDA:0,(anonymous_6)
FNDA:2,(anonymous_7)
FNDA:0,(anonymous_8)
FNDA:1,(anonymous_9)
DA:77,1
DA:78,1
DA:79,0
DA:82,1
DA:83,10
DA:85,10
DA:102,10
DA:112,10
DA:119,10
DA:121,0
DA:128,10
DA:129,2
DA:130,2
DA:132,2
DA:134,1
DA:136,1
DA:139,10
DA:140,0
DA:141,0
DA:142,0
DA:150,10
DA:151,0
DA:152,0
DA:154,0
DA:155,0
DA:158,0
DA:161,10
DA:162,10
DA:164,10
DA:172,2
DA:173,0
DA:180,1
LF:32
LH:21
BRDA:119,0,0,10
BRDA:119,0,1,0
BRDA:121,1,0,0
BRDA:121,1,1,0
BRDA:129,2,0,2
BRDA:129,2,1,0
BRDA:132,3,0,1
BRDA:132,3,1,1
BRDA:140,4,0,0
BRDA:140,4,1,0
BRDA:141,5,0,0
BRDA:141,5,1,0
BRDA:154,6,0,0
BRDA:154,6,1,0
BRDA:161,7,0,10
BRDA:161,7,1,10
BRDA:162,8,0,10
BRDA:162,8,1,9
BRDA:176,9,0,10
BRDA:176,9,1,3
BRDA:184,10,0,10
BRDA:184,10,1,0
BRDA:188,11,0,10
BRDA:188,11,1,1
BRDA:198,12,0,10
BRDA:198,12,1,3
BRDA:199,13,0,10
BRDA:199,13,1,7
BRDA:199,13,2,7
BRDA:199,13,3,7
BRDA:215,14,0,0
BRDA:215,14,1,10
BRF:32
BRH:20
end_of_record
TN:
SF:src/components/Thoughts/TopBar.js
FN:31,(anonymous_0)
FN:45,(anonymous_1)
FNF:2
FNH:2
FNDA:17,(anonymous_0)
FNDA:13,(anonymous_1)
DA:21,4
DA:25,4
DA:31,4
DA:32,17
DA:34,4
DA:36,4
DA:45,4
DA:46,13
DA:48,13
LF:9
LH:9
BRDA:32,0,0,13
BRDA:32,0,1,4
BRDA:34,1,0,4
BRDA:34,1,1,0
BRDA:37,2,0,2
BRDA:37,2,1,2
BRDA:38,3,0,4
BRDA:38,3,1,1
BRDA:45,4,0,2
BRDA:67,5,0,13
BRDA:67,5,1,1
BRF:11
BRH:10
end_of_record
TN:
SF:src/components/Thoughts/TopicsField.js
FN:76,(anonymous_0)
FN:80,(anonymous_1)
FN:81,(anonymous_2)
FN:88,(anonymous_3)
FN:95,(anonymous_4)
FN:110,(anonymous_5)
FN:113,(anonymous_6)
FN:116,(anonymous_7)
FN:117,(anonymous_8)
FN:118,(anonymous_9)
FN:119,(anonymous_10)
FN:125,(anonymous_11)
FN:159,(anonymous_12)
FN:160,(anonymous_13)
FN:171,(anonymous_14)
FN:173,(anonymous_15)
FN:178,(anonymous_16)
FN:193,(anonymous_17)
FN:194,(anonymous_18)
FN:219,(anonymous_19)
FN:236,(anonymous_20)
FN:239,(anonymous_21)
FN:240,(anonymous_22)
FN:241,(anonymous_23)
FN:254,(anonymous_24)
FN:255,(anonymous_25)
FN:258,(anonymous_26)
FN:259,(anonymous_27)
FN:262,(anonymous_28)
FN:267,(anonymous_29)
FN:270,(anonymous_30)
FN:271,(anonymous_31)
FN:274,(anonymous_32)
FN:275,(anonymous_33)
FN:278,(anonymous_34)
FN:279,(anonymous_35)
FN:285,(anonymous_36)
FN:288,(anonymous_37)
FN:293,(anonymous_38)
FN:304,(anonymous_39)
FNF:40
FNH:26
FNDA:14,(anonymous_0)
FNDA:23,(anonymous_1)
FNDA:22,(anonymous_2)
FNDA:23,(anonymous_3)
FNDA:23,(anonymous_4)
FNDA:24,(anonymous_5)
FNDA:4,(anonymous_6)
FNDA:8,(anonymous_7)
FNDA:8,(anonymous_8)
FNDA:8,(anonymous_9)
FNDA:8,(anonymous_10)
FNDA:24,(anonymous_11)
FNDA:3,(anonymous_12)
FNDA:0,(anonymous_13)
FNDA:0,(anonymous_14)
FNDA:1,(anonymous_15)
FNDA:23,(anonymous_16)
FNDA:1,(anonymous_17)
FNDA:0,(anonymous_18)
FNDA:0,(anonymous_19)
FNDA:21,(anonymous_20)
FNDA:41,(anonymous_21)
FNDA:0,(anonymous_22)
FNDA:0,(anonymous_23)
FNDA:10,(anonymous_24)
FNDA:10,(anonymous_25)
FNDA:10,(anonymous_26)
FNDA:16,(anonymous_27)
FNDA:3,(anonymous_28)
FNDA:3,(anonymous_29)
FNDA:0,(anonymous_30)
FNDA:0,(anonymous_31)
FNDA:0,(anonymous_32)
FNDA:0,(anonymous_33)
FNDA:0,(anonymous_34)
FNDA:0,(anonymous_35)
FNDA:10,(anonymous_36)
FNDA:0,(anonymous_37)
FNDA:0,(anonymous_38)
FNDA:30,(anonymous_39)
DA:56,2
DA:57,2
DA:62,2
DA:76,2
DA:77,14
DA:78,14
DA:80,14
DA:81,23
DA:82,22
DA:83,22
DA:84,22
DA:88,23
DA:95,23
DA:97,14
DA:110,2
DA:111,24
DA:113,4
DA:114,4
DA:116,8
DA:117,8
DA:118,8
DA:119,8
DA:121,4
DA:125,2
DA:140,24
DA:141,24
DA:142,24
DA:144,24
DA:150,24
DA:159,3
DA:160,0
DA:171,0
DA:173,1
DA:179,23
DA:180,23
DA:182,23
DA:183,23
DA:185,23
DA:193,1
DA:194,0
DA:219,0
DA:236,2
DA:239,41
DA:243,21
DA:244,21
DA:246,21
DA:247,21
DA:248,21
DA:252,21
DA:254,21
DA:255,21
DA:258,21
DA:259,16
DA:262,21
DA:263,3
DA:267,3
DA:270,21
DA:271,0
DA:274,21
DA:275,0
DA:278,21
DA:279,0
DA:285,21
DA:286,10
DA:288,0
DA:289,0
DA:292,0
DA:293,0
DA:296,21
DA:305,30
LF:70
LH:59
BRDA:77,0,0,14
BRDA:77,0,1,0
BRDA:81,1,0,23
BRDA:81,1,1,0
BRDA:83,2,0,0
BRDA:83,2,1,22
BRDA:88,3,0,14
BRDA:88,3,1,0
BRDA:92,4,0,23
BRDA:92,4,1,1
BRDA:95,5,0,23
BRDA:95,5,1,0
BRDA:97,6,0,12
BRDA:97,6,1,2
BRDA:111,7,0,20
BRDA:111,7,1,4
BRDA:113,8,0,4
BRDA:113,8,1,0
BRDA:114,9,0,0
BRDA:114,9,1,4
BRDA:142,10,0,0
BRDA:142,10,1,24
BRDA:146,11,0,4
BRDA:146,11,1,20
BRDA:147,12,0,0
BRDA:147,12,1,24
BRDA:170,13,0,24
BRDA:170,13,1,23
BRDA:172,14,0,23
BRDA:172,14,1,1
BRDA:180,15,0,0
BRDA:180,15,1,23
BRDA:182,16,0,23
BRDA:182,16,1,0
BRDA:183,17,0,23
BRDA:183,17,1,0
BRDA:195,18,0,0
BRDA:195,18,1,23
BRDA:197,19,0,0
BRDA:197,19,1,23
BRDA:207,20,0,24
BRDA:207,20,1,0
BRDA:237,21,0,0
BRDA:238,22,0,0
BRDA:239,23,0,13
BRDA:240,24,0,7
BRDA:241,25,0,10
BRDA:252,26,0,0
BRDA:252,26,1,21
BRDA:267,27,0,0
BRDA:267,27,1,3
BRDA:267,28,0,3
BRDA:267,28,1,0
BRDA:271,29,0,0
BRDA:271,29,1,0
BRDA:275,30,0,0
BRDA:275,30,1,0
BRDA:279,31,0,0
BRDA:279,31,1,0
BRDA:286,32,0,10
BRDA:286,32,1,0
BRDA:289,33,0,0
BRDA:289,33,1,0
BRDA:298,34,0,21
BRDA:298,34,1,6
BRDA:314,35,0,30
BRDA:314,35,1,14
BRDA:315,36,0,30
BRDA:315,36,1,0
BRF:69
BRH:39
end_of_record
TN:
SF:src/components/Thoughts/cardGeometry.js
FN:20,(anonymous_0)
FN:23,(anonymous_1)
FN:36,(anonymous_2)
FNF:3
FNH:3
FNDA:105,(anonymous_0)
FNDA:47,(anonymous_1)
FNDA:54,(anonymous_2)
DA:20,105
DA:23,47
DA:36,3
DA:37,54
DA:39,54
LF:5
LH:5
BRF:0
BRH:0
end_of_record
TN:
SF:src/components/Thoughts/fanLayout.js
FN:79,(anonymous_0)
FN:81,(anonymous_1)
FN:83,(anonymous_2)
FN:86,(anonymous_3)
FN:106,(anonymous_4)
FN:116,(anonymous_5)
FN:123,(anonymous_6)
FN:134,(anonymous_7)
FN:146,(anonymous_8)
FN:158,(anonymous_9)
FN:181,(anonymous_10)
FN:199,(anonymous_11)
FN:200,(anonymous_12)
FN:210,(anonymous_13)
FN:226,(anonymous_14)
FNF:15
FNH:15
FNDA:2940,(anonymous_0)
FNDA:1470,(anonymous_1)
FNDA:60,(anonymous_2)
FNDA:57,(anonymous_3)
FNDA:51,(anonymous_4)
FNDA:110,(anonymous_5)
FNDA:699,(anonymous_6)
FNDA:735,(anonymous_7)
FNDA:735,(anonymous_8)
FNDA:55,(anonymous_9)
FNDA:66,(anonymous_10)
FNDA:110,(anonymous_11)
FNDA:719,(anonymous_12)
FNDA:664,(anonymous_13)
FNDA:16,(anonymous_14)
DA:41,3
DA:44,3
DA:47,3
DA:52,3
DA:57,3
DA:63,3
DA:66,3
DA:70,3
DA:75,3
DA:77,3
DA:79,2940
DA:81,1470
DA:83,3
DA:84,60
DA:86,3
DA:87,57
DA:91,3
DA:106,3
DA:107,51
DA:116,3
DA:117,110
DA:118,71
DA:120,51
DA:121,51
DA:123,699
DA:134,3
DA:135,735
DA:136,735
DA:138,735
DA:146,735
DA:158,3
DA:159,55
DA:161,55
DA:163,28
DA:181,3
DA:182,66
DA:183,60
DA:185,55
DA:186,55
DA:189,55
DA:191,55
DA:192,55
DA:193,55
DA:197,55
DA:199,55
DA:200,719
DA:210,664
DA:212,55
DA:226,3
DA:227,16
DA:228,16
DA:231,16
DA:233,16
LF:53
LH:53
BRDA:84,0,0,60
BRDA:84,0,1,59
BRDA:84,0,2,58
BRDA:87,1,0,57
BRDA:87,1,1,56
BRDA:87,1,2,56
BRDA:87,1,3,56
BRDA:87,1,4,55
BRDA:107,2,0,0
BRDA:107,2,1,51
BRDA:117,3,0,39
BRDA:117,3,1,71
BRDA:118,4,0,20
BRDA:118,4,1,51
BRDA:161,5,0,27
BRDA:161,5,1,28
BRDA:161,6,0,55
BRDA:161,6,1,44
BRDA:182,7,0,6
BRDA:182,7,1,60
BRDA:182,8,0,66
BRDA:182,8,1,63
BRDA:183,9,0,5
BRDA:183,9,1,55
BRDA:183,10,0,60
BRDA:183,10,1,57
BRDA:186,11,0,23
BRDA:186,11,1,32
BRDA:201,12,0,423
BRDA:201,12,1,296
BRDA:214,13,0,16
BRDA:214,13,1,39
BRDA:215,14,0,16
BRDA:215,14,1,39
BRDA:228,15,0,16
BRDA:228,15,1,0
BRF:36
BRH:34
end_of_record
TN:
SF:src/components/Thoughts/fieldLayout.js
FN:50,(anonymous_0)
FN:57,(anonymous_1)
FN:72,(anonymous_2)
FN:87,(anonymous_3)
FN:115,(anonymous_4)
FNF:5
FNH:5
FNDA:1344,(anonymous_0)
FNDA:35,(anonymous_1)
FNDA:32,(anonymous_2)
FNDA:41,(anonymous_3)
FNDA:336,(anonymous_4)
DA:33,3
DA:39,3
DA:43,3
DA:48,3
DA:50,1344
DA:52,3
DA:57,3
DA:58,35
DA:72,3
DA:73,32
DA:74,32
DA:76,32
DA:87,3
DA:88,41
DA:89,35
DA:91,32
DA:92,32
DA:97,32
DA:98,32
DA:102,32
DA:108,32
DA:109,32
DA:110,32
DA:111,32
DA:113,32
DA:115,32
DA:116,336
DA:117,336
DA:122,336
DA:123,336
DA:124,336
DA:126,336
LF:32
LH:32
BRDA:58,0,0,35
BRDA:58,0,1,34
BRDA:58,0,2,34
BRDA:58,0,3,34
BRDA:58,0,4,32
BRDA:88,1,0,6
BRDA:88,1,1,35
BRDA:88,2,0,41
BRDA:88,2,1,38
BRDA:89,3,0,3
BRDA:89,3,1,32
BRF:11
BRH:11
end_of_record
TN:
SF:src/components/Thoughts/format.js
FN:5,(anonymous_0)
FNF:1
FNH:1
FNDA:27,(anonymous_0)
DA:5,27
LF:1
LH:1
BRDA:5,0,0,24
BRDA:5,0,1,3
BRF:2
BRH:2
end_of_record
TN:
SF:src/components/Thoughts/linkRules.js
FN:48,(anonymous_0)
FN:73,(anonymous_1)
FN:77,(anonymous_2)
FN:79,(anonymous_3)
FN:89,(anonymous_4)
FN:90,(anonymous_5)
FN:104,(anonymous_6)
FN:113,(anonymous_7)
FN:114,(anonymous_8)
FN:121,(anonymous_9)
FN:132,(anonymous_10)
FN:133,(anonymous_11)
FNF:12
FNH:12
FNDA:6,(anonymous_0)
FNDA:68,(anonymous_1)
FNDA:149,(anonymous_2)
FNDA:83,(anonymous_3)
FNDA:84,(anonymous_4)
FNDA:225,(anonymous_5)
FNDA:78,(anonymous_6)
FNDA:84,(anonymous_7)
FNDA:84,(anonymous_8)
FNDA:24,(anonymous_9)
FNDA:18,(anonymous_10)
FNDA:32,(anonymous_11)
DA:44,3
DA:47,3
DA:48,6
DA:56,3
DA:67,3
DA:73,68
DA:77,149
DA:79,3
DA:80,83
DA:89,3
DA:90,84
DA:91,225
DA:92,74
DA:93,74
DA:104,3
DA:105,78
DA:110,32
DA:112,28
DA:113,84
DA:114,84
DA:116,28
DA:117,15
DA:119,13
DA:120,13
DA:121,24
DA:123,13
DA:125,10
DA:126,10
DA:132,10
DA:133,32
DA:139,10
LF:31
LH:31
BRDA:80,0,0,83
BRDA:80,0,1,83
BRDA:80,0,2,81
BRDA:91,1,0,151
BRDA:91,1,1,74
BRDA:91,2,0,225
BRDA:91,2,1,75
BRDA:105,3,0,46
BRDA:105,3,1,32
BRDA:105,4,0,78
BRDA:105,4,1,75
BRDA:110,5,0,4
BRDA:110,5,1,28
BRDA:116,6,0,13
BRDA:116,6,1,15
BRDA:117,7,0,2
BRDA:117,7,1,13
BRDA:121,8,0,24
BRDA:121,8,1,13
BRDA:123,9,0,3
BRDA:123,9,1,10
BRF:21
BRH:21
end_of_record
TN:
SF:src/components/Thoughts/orbitLayout.js
FN:65,(anonymous_0)
FN:67,(anonymous_1)
FN:74,(anonymous_2)
FN:84,(anonymous_3)
FN:97,(anonymous_4)
FN:107,(anonymous_5)
FN:108,(anonymous_6)
FN:110,(anonymous_7)
FN:130,(anonymous_8)
FN:155,(anonymous_9)
FN:156,(anonymous_10)
FNF:11
FNH:11
FNDA:1910,(anonymous_0)
FNDA:42,(anonymous_1)
FNDA:78,(anonymous_2)
FNDA:39,(anonymous_3)
FNDA:14,(anonymous_4)
FNDA:53,(anonymous_5)
FNDA:458,(anonymous_6)
FNDA:458,(anonymous_7)
FNDA:48,(anonymous_8)
FNDA:53,(anonymous_9)
FNDA:458,(anonymous_10)
DA:36,3
DA:40,3
DA:45,3
DA:49,3
DA:54,3
DA:57,3
DA:61,3
DA:63,3
DA:65,1910
DA:67,3
DA:68,42
DA:72,3
DA:74,78
DA:84,39
DA:97,14
DA:107,3
DA:108,458
DA:110,458
DA:130,3
DA:131,48
DA:132,42
DA:134,39
DA:136,39
DA:137,39
DA:138,39
DA:140,39
DA:141,39
DA:143,39
DA:146,39
DA:147,14
DA:155,39
DA:156,458
DA:164,39
LF:33
LH:33
BRDA:68,0,0,42
BRDA:68,0,1,41
BRDA:68,0,2,41
BRDA:68,0,3,41
BRDA:68,0,4,39
BRDA:131,1,0,6
BRDA:131,1,1,42
BRDA:131,2,0,48
BRDA:131,2,1,45
BRDA:132,3,0,3
BRDA:132,3,1,39
BRDA:146,4,0,14
BRDA:146,4,1,25
BRDA:157,5,0,251
BRDA:157,5,1,207
BRF:15
BRH:15
end_of_record
TN:
SF:src/components/Thoughts/slug.js
FN:13,(anonymous_0)
FNF:1
FNH:1
FNDA:12,(anonymous_0)
DA:8,3
DA:13,12
LF:2
LH:2
BRF:0
BRH:0
end_of_record
TN:
SF:src/components/Thoughts/thoughtsUrl.js
FN:27,(anonymous_0)
FN:34,(anonymous_1)
FNF:2
FNH:2
FNDA:11,(anonymous_0)
FNDA:27,(anonymous_1)
DA:17,6
DA:19,6
DA:27,11
DA:34,27
LF:4
LH:4
BRF:0
BRH:0
end_of_record
TN:
SF:src/components/Thoughts/useCanvasSize.js
FN:25,(anonymous_0)
FN:28,(anonymous_1)
FN:29,(anonymous_2)
FN:39,(anonymous_3)
FNF:4
FNH:4
FNDA:32,(anonymous_0)
FNDA:19,(anonymous_1)
FNDA:19,(anonymous_2)
FNDA:19,(anonymous_3)
DA:19,3
DA:25,3
DA:26,32
DA:28,32
DA:29,19
DA:30,19
DA:31,19
DA:33,19
DA:34,19
DA:37,19
DA:38,19
DA:39,19
DA:42,32
LF:13
LH:13
BRDA:31,0,0,0
BRDA:31,0,1,19
BRDA:34,1,0,0
BRDA:34,1,1,19
BRDA:34,2,0,19
BRDA:34,2,1,0
BRDA:42,3,0,32
BRDA:42,3,1,32
BRF:8
BRH:5
end_of_record
TN:
SF:src/components/Thoughts/usePins.js
FN:32,(anonymous_0)
FN:37,(anonymous_1)
FN:39,(anonymous_2)
FN:47,(anonymous_3)
FN:54,(anonymous_4)
FN:58,(anonymous_5)
FN:63,(anonymous_6)
FN:69,(anonymous_7)
FN:75,(anonymous_8)
FN:83,(anonymous_9)
FN:99,(anonymous_10)
FN:99,(anonymous_11)
FN:111,(anonymous_12)
FN:114,(anonymous_13)
FN:116,(anonymous_14)
FN:117,(anonymous_15)
FN:130,(anonymous_16)
FN:135,(anonymous_17)
FN:145,(anonymous_18)
FN:145,(anonymous_19)
FN:150,(anonymous_20)
FN:156,(anonymous_21)
FN:156,(anonymous_22)
FN:160,(anonymous_23)
FNF:24
FNH:12
FNDA:1,(anonymous_0)
FNDA:0,(anonymous_1)
FNDA:10,(anonymous_2)
FNDA:1,(anonymous_3)
FNDA:2,(anonymous_4)
FNDA:2,(anonymous_5)
FNDA:0,(anonymous_6)
FNDA:2,(anonymous_7)
FNDA:2,(anonymous_8)
FNDA:1,(anonymous_9)
FNDA:1,(anonymous_10)
FNDA:1,(anonymous_11)
FNDA:1,(anonymous_12)
FNDA:0,(anonymous_13)
FNDA:0,(anonymous_14)
FNDA:0,(anonymous_15)
FNDA:1,(anonymous_16)
FNDA:0,(anonymous_17)
FNDA:0,(anonymous_18)
FNDA:0,(anonymous_19)
FNDA:0,(anonymous_20)
FNDA:0,(anonymous_21)
FNDA:0,(anonymous_22)
FNDA:0,(anonymous_23)
DA:30,1
DA:32,1
DA:37,1
DA:39,1
DA:40,10
DA:41,10
DA:42,10
DA:43,10
DA:45,10
DA:47,10
DA:48,1
DA:49,1
DA:54,10
DA:55,2
DA:57,2
DA:59,2
DA:60,2
DA:61,2
DA:64,0
DA:65,0
DA:66,0
DA:67,0
DA:70,2
DA:71,2
DA:75,2
DA:83,10
DA:84,1
DA:85,1
DA:87,1
DA:88,1
DA:89,1
DA:90,1
DA:92,0
DA:93,0
DA:94,0
DA:98,10
DA:99,1
DA:111,10
DA:112,1
DA:114,1
DA:115,0
DA:116,0
DA:117,0
DA:128,1
DA:130,1
DA:135,10
DA:136,0
DA:137,0
DA:140,0
DA:143,0
DA:144,0
DA:145,0
DA:148,0
DA:150,0
DA:155,10
DA:156,0
DA:160,10
DA:162,10
LF:58
LH:39
BRDA:32,0,0,1
BRDA:32,0,1,1
BRDA:59,1,0,2
BRDA:59,1,1,0
BRDA:64,2,0,0
BRDA:64,2,1,0
BRDA:70,3,0,2
BRDA:70,3,1,0
BRDA:111,4,0,0
BRDA:114,5,0,0
BRDA:114,5,1,1
BRDA:136,6,0,0
BRDA:136,6,1,0
BRDA:137,7,0,0
BRDA:137,7,1,0
BRF:15
BRH:5
end_of_record
TN:
SF:src/components/Thoughts/useThoughtsData.js
FN:45,(anonymous_0)
FN:48,(anonymous_1)
FN:53,(anonymous_2)
FN:56,(anonymous_3)
FN:61,(anonymous_4)
FN:64,(anonymous_5)
FN:80,(anonymous_6)
FN:108,(anonymous_7)
FN:114,(anonymous_8)
FN:123,(anonymous_9)
FN:124,(anonymous_10)
FN:137,(anonymous_11)
FN:143,(anonymous_12)
FN:151,(anonymous_13)
FN:161,(anonymous_14)
FN:164,(anonymous_15)
FN:167,(anonymous_16)
FN:186,(anonymous_17)
FN:193,(anonymous_18)
FN:198,(anonymous_19)
FN:202,(anonymous_20)
FN:207,(anonymous_21)
FN:213,(anonymous_22)
FN:219,(anonymous_23)
FN:223,(anonymous_24)
FN:231,(anonymous_25)
FN:232,(anonymous_26)
FN:232,(anonymous_27)
FN:235,(anonymous_28)
FN:236,(anonymous_29)
FN:236,(anonymous_30)
FN:239,(anonymous_31)
FN:240,(anonymous_32)
FN:241,(anonymous_33)
FN:244,(anonymous_34)
FN:245,(anonymous_35)
FN:246,(anonymous_36)
FN:249,(anonymous_37)
FN:250,(anonymous_38)
FN:251,(anonymous_39)
FN:254,(anonymous_40)
FN:255,(anonymous_41)
FN:255,(anonymous_42)
FN:258,(anonymous_43)
FN:259,(anonymous_44)
FN:259,(anonymous_45)
FN:262,(anonymous_46)
FN:263,(anonymous_47)
FN:263,(anonymous_48)
FN:283,(anonymous_49)
FN:311,(anonymous_50)
FN:318,(anonymous_51)
FNF:52
FNH:12
FNDA:0,(anonymous_0)
FNDA:0,(anonymous_1)
FNDA:0,(anonymous_2)
FNDA:0,(anonymous_3)
FNDA:0,(anonymous_4)
FNDA:0,(anonymous_5)
FNDA:0,(anonymous_6)
FNDA:0,(anonymous_7)
FNDA:0,(anonymous_8)
FNDA:0,(anonymous_9)
FNDA:0,(anonymous_10)
FNDA:0,(anonymous_11)
FNDA:0,(anonymous_12)
FNDA:3,(anonymous_13)
FNDA:0,(anonymous_14)
FNDA:0,(anonymous_15)
FNDA:3,(anonymous_16)
FNDA:10,(anonymous_17)
FNDA:3,(anonymous_18)
FNDA:3,(anonymous_19)
FNDA:0,(anonymous_20)
FNDA:3,(anonymous_21)
FNDA:3,(anonymous_22)
FNDA:2,(anonymous_23)
FNDA:1,(anonymous_24)
FNDA:2,(anonymous_25)
FNDA:2,(anonymous_26)
FNDA:1,(anonymous_27)
FNDA:0,(anonymous_28)
FNDA:0,(anonymous_29)
FNDA:0,(anonymous_30)
FNDA:0,(anonymous_31)
FNDA:0,(anonymous_32)
FNDA:0,(anonymous_33)
FNDA:0,(anonymous_34)
FNDA:0,(anonymous_35)
FNDA:0,(anonymous_36)
FNDA:0,(anonymous_37)
FNDA:0,(anonymous_38)
FNDA:0,(anonymous_39)
FNDA:0,(anonymous_40)
FNDA:0,(anonymous_41)
FNDA:0,(anonymous_42)
FNDA:0,(anonymous_43)
FNDA:0,(anonymous_44)
FNDA:0,(anonymous_45)
FNDA:0,(anonymous_46)
FNDA:0,(anonymous_47)
FNDA:0,(anonymous_48)
FNDA:0,(anonymous_49)
FNDA:0,(anonymous_50)
FNDA:0,(anonymous_51)
DA:33,1
DA:34,1
DA:42,1
DA:45,0
DA:48,0
DA:53,0
DA:56,0
DA:61,1
DA:62,0
DA:64,1
DA:80,1
DA:81,0
DA:83,0
DA:85,0
DA:86,0
DA:88,0
DA:89,0
DA:91,0
DA:92,0
DA:93,0
DA:95,0
DA:96,0
DA:98,0
DA:103,0
DA:108,1
DA:109,0
DA:110,0
DA:112,0
DA:114,0
DA:123,1
DA:124,0
DA:125,0
DA:127,0
DA:132,0
DA:137,1
DA:138,0
DA:143,1
DA:144,0
DA:146,0
DA:151,1
DA:152,3
DA:154,0
DA:155,0
DA:160,0
DA:161,0
DA:164,0
DA:167,1
DA:168,3
DA:174,3
DA:181,1
DA:186,1
DA:187,10
DA:188,10
DA:189,10
DA:190,10
DA:191,10
DA:193,10
DA:194,3
DA:195,3
DA:197,3
DA:199,3
DA:200,3
DA:203,0
DA:204,0
DA:205,0
DA:208,3
DA:209,3
DA:213,3
DA:219,10
DA:220,2
DA:221,2
DA:222,1
DA:223,1
DA:224,1
DA:226,1
DA:227,1
DA:231,10
DA:232,2
DA:235,10
DA:236,0
DA:239,10
DA:240,0
DA:241,0
DA:244,10
DA:245,0
DA:246,0
DA:249,10
DA:250,0
DA:251,0
DA:254,10
DA:255,0
DA:258,10
DA:259,0
DA:262,10
DA:263,0
DA:283,10
DA:284,0
DA:285,0
DA:286,0
DA:287,0
DA:290,0
DA:291,0
DA:292,0
DA:293,0
DA:295,0
DA:296,0
DA:297,0
DA:298,0
DA:299,0
DA:300,0
DA:301,0
DA:303,0
DA:305,0
DA:306,0
DA:310,0
DA:311,0
DA:313,0
DA:315,0
DA:318,10
DA:320,10
LF:120
LH:51
BRDA:62,0,0,0
BRDA:62,0,1,0
BRDA:62,0,2,0
BRDA:81,1,0,0
BRDA:81,1,1,0
BRDA:81,2,0,0
BRDA:81,2,1,0
BRDA:86,3,0,0
BRDA:86,3,1,0
BRDA:86,4,0,0
BRDA:86,4,1,0
BRDA:89,5,0,0
BRDA:89,5,1,0
BRDA:89,6,0,0
BRDA:89,6,1,0
BRDA:92,7,0,0
BRDA:92,7,1,0
BRDA:93,8,0,0
BRDA:93,8,1,0
BRDA:98,9,0,0
BRDA:98,9,1,0
BRDA:110,10,0,0
BRDA:110,10,1,0
BRDA:113,11,0,0
BRDA:113,11,1,0
BRDA:114,12,0,0
BRDA:114,12,1,0
BRDA:125,13,0,0
BRDA:125,13,1,0
BRDA:138,14,0,0
BRDA:138,14,1,0
BRDA:146,15,0,0
BRDA:146,15,1,0
BRDA:152,16,0,3
BRDA:152,16,1,0
BRDA:155,17,0,0
BRDA:155,17,1,0
BRDA:155,17,2,0
BRDA:175,18,0,3
BRDA:175,18,1,0
BRDA:176,19,0,3
BRDA:176,19,1,0
BRDA:186,20,0,0
BRDA:203,21,0,0
BRDA:203,21,1,0
BRDA:208,22,0,3
BRDA:208,22,1,0
BRDA:231,23,0,0
BRDA:235,24,0,0
BRDA:285,25,0,0
BRDA:285,25,1,0
BRDA:300,26,0,0
BRDA:300,26,1,0
BRDA:310,27,0,0
BRDA:310,27,1,0
BRDA:313,28,0,0
BRDA:313,28,1,0
BRDA:315,29,0,0
BRDA:315,29,1,0
BRF:59
BRH:4
end_of_record
TN:
SF:src/components/Thoughts/useThoughtsView.js
FN:48,(anonymous_0)
FN:56,(anonymous_1)
FN:58,(anonymous_2)
FN:67,(anonymous_3)
FN:70,(anonymous_4)
FN:85,(anonymous_5)
FN:86,(anonymous_6)
FNF:7
FNH:5
FNDA:38,(anonymous_0)
FNDA:18,(anonymous_1)
FNDA:12,(anonymous_2)
FNDA:1,(anonymous_3)
FNDA:1,(anonymous_4)
FNDA:0,(anonymous_5)
FNDA:0,(anonymous_6)
DA:48,3
DA:49,38
DA:51,6
DA:52,6
DA:56,18
DA:58,3
DA:59,12
DA:61,12
DA:67,12
DA:68,1
DA:70,1
DA:71,1
DA:73,1
DA:74,0
DA:76,1
DA:79,1
DA:85,12
DA:86,0
DA:87,0
DA:88,0
DA:89,0
DA:93,12
LF:22
LH:17
BRDA:49,0,0,32
BRDA:49,0,1,6
BRDA:49,1,0,38
BRDA:49,1,1,20
BRDA:52,2,0,5
BRDA:52,2,1,1
BRDA:73,3,0,0
BRDA:73,3,1,1
BRF:8
BRH:7
end_of_record
